#
# There is insufficient memory for the Java Runtime Environment to continue.
# Native memory allocation (malloc) failed to allocate 1242400 bytes for Chunk::new
# Possible reasons:
#   The system is out of physical RAM or swap space
#   The process is running with CompressedOops enabled, and the Java Heap may be blocking the growth of the native heap
# Possible solutions:
#   Reduce memory load on the system
#   Increase physical memory or swap space
#   Check if swap backing store is full
#   Decrease Java heap size (-Xmx/-Xms)
#   Decrease number of Java threads
#   Decrease Java thread stack sizes (-Xss)
#   Set larger code cache with -XX:ReservedCodeCacheSize=
#   JVM is running with Unscaled Compressed Oops mode in which the Java heap is
#     placed in the first 4GB address space. The Java Heap base address is the
#     maximum limit for the native heap growth. Please use -XX:HeapBaseMinAddress
#     to set the Java Heap base and to place the Java Heap above 4GB virtual address.
# This output file may be truncated or incomplete.
#
#  Out of Memory Error (arena.cpp:189), pid=1692, tid=4368
#
# JRE version: OpenJDK Runtime Environment (17.0.6) (build 17.0.6+0-b2043.56-9586694)
# Java VM: OpenJDK 64-Bit Server VM (17.0.6+0-b2043.56-9586694, mixed mode, tiered, compressed oops, compressed class ptrs, g1 gc, windows-amd64)
# No core dump will be written. Minidumps are not enabled by default on client versions of Windows
#

---------------  S U M M A R Y ------------

Command Line: --add-opens=java.base/java.util=ALL-UNNAMED --add-opens=java.base/java.lang=ALL-UNNAMED --add-opens=java.base/java.lang.invoke=ALL-UNNAMED --add-opens=java.base/java.util=ALL-UNNAMED --add-opens=java.prefs/java.util.prefs=ALL-UNNAMED --add-opens=java.prefs/java.util.prefs=ALL-UNNAMED --add-opens=java.base/java.nio.charset=ALL-UNNAMED --add-opens=java.base/java.net=ALL-UNNAMED --add-opens=java.base/java.util.concurrent.atomic=ALL-UNNAMED -Xmx2048m -Dfile.encoding=UTF-8 -Duser.country=US -Duser.language=en -Duser.variant org.gradle.launcher.daemon.bootstrap.GradleDaemon 7.5

Host: Intel(R) Core(TM) i5-8250U CPU @ 1.60GHz, 8 cores, 7G,  Windows 10 , 64 bit Build 19041 (10.0.19041.2788)
Time: Wed May 10 07:45:41 2023 SE Asia Standard Time elapsed time: 24.491820 seconds (0d 0h 0m 24s)

---------------  T H R E A D  ---------------

Current thread (0x000002822cc1cd60):  JavaThread "C2 CompilerThread0" daemon [_thread_in_native, id=4368, stack(0x000000e496700000,0x000000e496800000)]


Current CompileTask:
C2:  24491 14351       4       org.gradle.internal.reflect.ClassInspector::inspectClass (179 bytes)

Stack: [0x000000e496700000,0x000000e496800000]
Native frames: (J=compiled Java code, j=interpreted, Vv=VM code, C=native code)
V  [jvm.dll+0x683b4a]
V  [jvm.dll+0x842654]
V  [jvm.dll+0x843dfe]
V  [jvm.dll+0x844463]
V  [jvm.dll+0x249b75]
V  [jvm.dll+0xabcac]
V  [jvm.dll+0xac27c]
V  [jvm.dll+0x368857]
V  [jvm.dll+0x1bd0b8]
V  [jvm.dll+0x21c359]
V  [jvm.dll+0x21b621]
V  [jvm.dll+0x1a4fdd]
V  [jvm.dll+0x22b098]
V  [jvm.dll+0x229159]
V  [jvm.dll+0x7f809c]
V  [jvm.dll+0x7f25fa]
V  [jvm.dll+0x682985]
C  [ucrtbase.dll+0x21bb2]
C  [KERNEL32.DLL+0x17604]
C  [ntdll.dll+0x526a1]


---------------  P R O C E S S  ---------------

Threads class SMR info:
_java_thread_list=0x0000028238ab4030, length=154, elements={
0x00000282102dddf0, 0x000002822c0c3240, 0x000002822cc00080, 0x000002822c0d6b80,
0x000002822c0daac0, 0x000002822c0db380, 0x000002822cc17b50, 0x000002822cc1cd60,
0x000002822cc2f400, 0x000002822cc35620, 0x000002822cdbb910, 0x000002822cdbc1f0,
0x000002822f8f76f0, 0x000002822e497920, 0x000002822f150ec0, 0x000002822e4f98b0,
0x000002822f55c840, 0x000002822f87e460, 0x000002822f3bec50, 0x000002822fae77d0,
0x000002822fae6e30, 0x000002822fae8640, 0x000002822fae9980, 0x000002822fae6490,
0x000002822fae6960, 0x000002822fae7ca0, 0x000002822fae8170, 0x000002822fae8b10,
0x000002822fae8fe0, 0x000002822fae94b0, 0x000002822fae7300, 0x000002822fae5fc0,
0x00000282317c8cb0, 0x00000282317cc670, 0x00000282317c6b00, 0x00000282317cd9b0,
0x00000282317c7e40, 0x00000282317ca4c0, 0x00000282317c87e0, 0x00000282317c6160,
0x00000282317cc1a0, 0x00000282317c9650, 0x00000282317c74a0, 0x00000282317ccb40,
0x00000282317c9180, 0x00000282317c8310, 0x00000282317cd010, 0x00000282317cd4e0,
0x00000282317c9ff0, 0x00000282317c6630, 0x00000282317c9b20, 0x00000282317c6fd0,
0x00000282317cae60, 0x00000282317ca990, 0x00000282317cb330, 0x00000282317cb800,
0x0000028231b3b4c0, 0x0000028231b3c800, 0x0000028231b3db40, 0x0000028231b3ccd0,
0x0000028231b3fcf0, 0x0000028231b3aff0, 0x0000028231b41500, 0x0000028231b41ea0,
0x0000028231b3e010, 0x0000028231b42370, 0x0000028231b3be60, 0x0000028231b3d670,
0x0000028231b3e4e0, 0x0000028231b41030, 0x0000028231b3ab20, 0x0000028231b3b990,
0x0000028231b3c330, 0x0000028231b3ee80, 0x0000028231b3f820, 0x0000028231b3f350,
0x0000028231b3e9b0, 0x0000028231b401c0, 0x0000028231b40690, 0x0000028231b419d0,
0x0000028231b3d1a0, 0x0000028231b40b60, 0x000002823254f670, 0x000002823254ae40,
0x0000028232550e80, 0x00000282325504e0, 0x000002823254c650, 0x000002823254f1a0,
0x000002823254e330, 0x000002823254b7e0, 0x0000028232551350, 0x0000028232551820,
0x000002823254b310, 0x000002823254a4a0, 0x000002823254fb40, 0x000002823254a970,
0x000002823254bcb0, 0x000002823254cb20, 0x000002823254c180, 0x000002823254cff0,
0x000002823254d4c0, 0x0000028232549fd0, 0x000002823254d990, 0x000002823254de60,
0x000002823254ecd0, 0x000002823254e800, 0x00000282325509b0, 0x0000028232550010,
0x00000282315f0a50, 0x00000282315ef240, 0x00000282315f2c00, 0x00000282315f30d0,
0x00000282315ecbc0, 0x00000282315f1d90, 0x00000282315f35a0, 0x00000282315ee3d0,
0x00000282315f0580, 0x00000282315efbe0, 0x00000282315f13f0, 0x00000282315ebd50,
0x00000282315ec6f0, 0x00000282315f2260, 0x00000282315ec220, 0x00000282315f0f20,
0x00000282315f2730, 0x00000282315edf00, 0x00000282315ee8a0, 0x00000282315eed70,
0x0000028233cba630, 0x0000028233cb7fb0, 0x0000028233cb7ae0, 0x0000028233cbbe40,
0x0000028233cb8e20, 0x0000028233cbab00, 0x0000028231ec2c60, 0x000002822deec9e0,
0x000002822deec510, 0x000002822deeceb0, 0x000002822c064aa0, 0x000002822c064100,
0x000002822c064f70, 0x000002822c065440, 0x000002822c0645d0, 0x000002822c065910,
0x0000028238879740, 0x00000282386a5a10, 0x00000282373b4c50, 0x00000282373b55f0,
0x0000028232a4bee0, 0x00000282318023a0, 0x0000028231804550, 0x0000028231802870,
0x00000282314999e0, 0x0000028233cb92f0
}

Java Threads: ( => current thread )
  0x00000282102dddf0 JavaThread "main" [_thread_blocked, id=5548, stack(0x000000e495a00000,0x000000e495b00000)]
  0x000002822c0c3240 JavaThread "Reference Handler" daemon [_thread_blocked, id=3984, stack(0x000000e496100000,0x000000e496200000)]
  0x000002822cc00080 JavaThread "Finalizer" daemon [_thread_blocked, id=15852, stack(0x000000e496200000,0x000000e496300000)]
  0x000002822c0d6b80 JavaThread "Signal Dispatcher" daemon [_thread_blocked, id=10264, stack(0x000000e496300000,0x000000e496400000)]
  0x000002822c0daac0 JavaThread "Attach Listener" daemon [_thread_blocked, id=2964, stack(0x000000e496400000,0x000000e496500000)]
  0x000002822c0db380 JavaThread "Service Thread" daemon [_thread_blocked, id=8336, stack(0x000000e496500000,0x000000e496600000)]
  0x000002822cc17b50 JavaThread "Monitor Deflation Thread" daemon [_thread_blocked, id=2624, stack(0x000000e496600000,0x000000e496700000)]
=>0x000002822cc1cd60 JavaThread "C2 CompilerThread0" daemon [_thread_in_native, id=4368, stack(0x000000e496700000,0x000000e496800000)]
  0x000002822cc2f400 JavaThread "C1 CompilerThread0" daemon [_thread_in_vm, id=12164, stack(0x000000e496800000,0x000000e496900000)]
  0x000002822cc35620 JavaThread "Sweeper thread" daemon [_thread_blocked, id=14316, stack(0x000000e496900000,0x000000e496a00000)]
  0x000002822cdbb910 JavaThread "Common-Cleaner" daemon [_thread_blocked, id=10080, stack(0x000000e496a00000,0x000000e496b00000)]
  0x000002822cdbc1f0 JavaThread "Notification Thread" daemon [_thread_blocked, id=13144, stack(0x000000e496b00000,0x000000e496c00000)]
  0x000002822f8f76f0 JavaThread "Daemon health stats" [_thread_blocked, id=7216, stack(0x000000e497300000,0x000000e497400000)]
  0x000002822e497920 JavaThread "Incoming local TCP Connector on port 49531" [_thread_in_native, id=5088, stack(0x000000e497400000,0x000000e497500000)]
  0x000002822f150ec0 JavaThread "Daemon periodic checks" [_thread_blocked, id=1360, stack(0x000000e497500000,0x000000e497600000)]
  0x000002822e4f98b0 JavaThread "Daemon" [_thread_blocked, id=9068, stack(0x000000e497600000,0x000000e497700000)]
  0x000002822f55c840 JavaThread "Handler for socket connection from /127.0.0.1:49531 to /127.0.0.1:49532" [_thread_in_native, id=4976, stack(0x000000e497700000,0x000000e497800000)]
  0x000002822f87e460 JavaThread "Cancel handler" [_thread_blocked, id=9700, stack(0x000000e497800000,0x000000e497900000)]
  0x000002822f3bec50 JavaThread "Daemon worker" [_thread_blocked, id=7104, stack(0x000000e497900000,0x000000e497a00000)]
  0x000002822fae77d0 JavaThread "Asynchronous log dispatcher for DefaultDaemonConnection: socket connection from /127.0.0.1:49531 to /127.0.0.1:49532" [_thread_blocked, id=2412, stack(0x000000e497a00000,0x000000e497b00000)]
  0x000002822fae6e30 JavaThread "Stdin handler" [_thread_blocked, id=10784, stack(0x000000e497b00000,0x000000e497c00000)]
  0x000002822fae8640 JavaThread "Daemon client event forwarder" [_thread_blocked, id=9208, stack(0x000000e497c00000,0x000000e497d00000)]
  0x000002822fae9980 JavaThread "Cache worker for journal cache (C:\Users\HP\.gradle\caches\journal-1)" [_thread_blocked, id=3320, stack(0x000000e497d00000,0x000000e497e00000)]
  0x000002822fae6490 JavaThread "File lock request listener" [_thread_in_native, id=13988, stack(0x000000e497e00000,0x000000e497f00000)]
  0x000002822fae6960 JavaThread "Cache worker for file hash cache (C:\Users\HP\.gradle\caches\7.5\fileHashes)" [_thread_blocked, id=5320, stack(0x000000e498200000,0x000000e498300000)]
  0x000002822fae7ca0 JavaThread "File watcher server" daemon [_thread_in_native, id=15616, stack(0x000000e498400000,0x000000e498500000)]
  0x000002822fae8170 JavaThread "File watcher consumer" daemon [_thread_blocked, id=12944, stack(0x000000e498500000,0x000000e498600000)]
  0x000002822fae8b10 JavaThread "Cache worker for checksums cache (C:\Users\HP\AndroidStudioProjects\FINALY_PROJECT\Android-Project\.gradle\7.5\checksums)" [_thread_blocked, id=7324, stack(0x000000e498600000,0x000000e498700000)]
  0x000002822fae8fe0 JavaThread "Cache worker for cache directory md-rule (C:\Users\HP\.gradle\caches\7.5\md-rule)" [_thread_blocked, id=10200, stack(0x000000e498700000,0x000000e498800000)]
  0x000002822fae94b0 JavaThread "Cache worker for file content cache (C:\Users\HP\.gradle\caches\7.5\fileContent)" [_thread_blocked, id=16168, stack(0x000000e498800000,0x000000e498900000)]
  0x000002822fae7300 JavaThread "Cache worker for file hash cache (C:\Users\HP\AndroidStudioProjects\FINALY_PROJECT\Android-Project\.gradle\7.5\fileHashes)" [_thread_blocked, id=7144, stack(0x000000e498900000,0x000000e498a00000)]
  0x000002822fae5fc0 JavaThread "Cache worker for cache directory md-supplier (C:\Users\HP\.gradle\caches\7.5\md-supplier)" [_thread_blocked, id=4700, stack(0x000000e498a00000,0x000000e498b00000)]
  0x00000282317c8cb0 JavaThread "Cache worker for execution history cache (C:\Users\HP\.gradle\caches\7.5\executionHistory)" [_thread_blocked, id=11916, stack(0x000000e498b00000,0x000000e498c00000)]
  0x00000282317cc670 JavaThread "jar transforms" [_thread_blocked, id=9488, stack(0x000000e498c00000,0x000000e498d00000)]
  0x00000282317c6b00 JavaThread "jar transforms Thread 2" [_thread_blocked, id=16056, stack(0x000000e498d00000,0x000000e498e00000)]
  0x00000282317cd9b0 JavaThread "jar transforms Thread 3" [_thread_blocked, id=13552, stack(0x000000e498e00000,0x000000e498f00000)]
  0x00000282317c7e40 JavaThread "jar transforms Thread 4" [_thread_blocked, id=3980, stack(0x000000e498f00000,0x000000e499000000)]
  0x00000282317ca4c0 JavaThread "Cache worker for dependencies-accessors (C:\Users\HP\AndroidStudioProjects\FINALY_PROJECT\Android-Project\.gradle\7.5\dependencies-accessors)" [_thread_blocked, id=13728, stack(0x000000e499000000,0x000000e499100000)]
  0x00000282317c87e0 JavaThread "jar transforms Thread 5" [_thread_blocked, id=1488, stack(0x000000e499100000,0x000000e499200000)]
  0x00000282317c6160 JavaThread "Cache worker for Build Output Cleanup Cache (C:\Users\HP\AndroidStudioProjects\FINALY_PROJECT\Android-Project\.gradle\buildOutputCleanup)" [_thread_blocked, id=4216, stack(0x000000e499200000,0x000000e499300000)]
  0x00000282317cc1a0 JavaThread "Unconstrained build operations" [_thread_blocked, id=9128, stack(0x000000e499300000,0x000000e499400000)]
  0x00000282317c9650 JavaThread "Unconstrained build operations Thread 2" [_thread_blocked, id=15912, stack(0x000000e499400000,0x000000e499500000)]
  0x00000282317c74a0 JavaThread "Unconstrained build operations Thread 3" [_thread_blocked, id=7260, stack(0x000000e499500000,0x000000e499600000)]
  0x00000282317ccb40 JavaThread "Unconstrained build operations Thread 4" [_thread_blocked, id=14980, stack(0x000000e499600000,0x000000e499700000)]
  0x00000282317c9180 JavaThread "Unconstrained build operations Thread 5" [_thread_blocked, id=11468, stack(0x000000e499700000,0x000000e499800000)]
  0x00000282317c8310 JavaThread "Unconstrained build operations Thread 6" [_thread_blocked, id=7840, stack(0x000000e499800000,0x000000e499900000)]
  0x00000282317cd010 JavaThread "Unconstrained build operations Thread 7" [_thread_blocked, id=11676, stack(0x000000e499900000,0x000000e499a00000)]
  0x00000282317cd4e0 JavaThread "Unconstrained build operations Thread 8" [_thread_blocked, id=16044, stack(0x000000e499a00000,0x000000e499b00000)]
  0x00000282317c9ff0 JavaThread "Unconstrained build operations Thread 9" [_thread_blocked, id=13720, stack(0x000000e499b00000,0x000000e499c00000)]
  0x00000282317c6630 JavaThread "Unconstrained build operations Thread 10" [_thread_blocked, id=14024, stack(0x000000e499c00000,0x000000e499d00000)]
  0x00000282317c9b20 JavaThread "Unconstrained build operations Thread 11" [_thread_blocked, id=1768, stack(0x000000e499d00000,0x000000e499e00000)]
  0x00000282317c6fd0 JavaThread "Unconstrained build operations Thread 12" [_thread_blocked, id=13660, stack(0x000000e499e00000,0x000000e499f00000)]
  0x00000282317cae60 JavaThread "Unconstrained build operations Thread 13" [_thread_blocked, id=5516, stack(0x000000e499f00000,0x000000e49a000000)]
  0x00000282317ca990 JavaThread "Unconstrained build operations Thread 14" [_thread_blocked, id=13408, stack(0x000000e49a000000,0x000000e49a100000)]
  0x00000282317cb330 JavaThread "Unconstrained build operations Thread 15" [_thread_blocked, id=9224, stack(0x000000e49a100000,0x000000e49a200000)]
  0x00000282317cb800 JavaThread "Unconstrained build operations Thread 16" [_thread_blocked, id=8708, stack(0x000000e49a200000,0x000000e49a300000)]
  0x0000028231b3b4c0 JavaThread "Unconstrained build operations Thread 17" [_thread_blocked, id=16120, stack(0x000000e49a300000,0x000000e49a400000)]
  0x0000028231b3c800 JavaThread "Unconstrained build operations Thread 18" [_thread_blocked, id=1252, stack(0x000000e49a400000,0x000000e49a500000)]
  0x0000028231b3db40 JavaThread "Unconstrained build operations Thread 19" [_thread_blocked, id=15116, stack(0x000000e49a500000,0x000000e49a600000)]
  0x0000028231b3ccd0 JavaThread "Unconstrained build operations Thread 20" [_thread_blocked, id=15112, stack(0x000000e49a600000,0x000000e49a700000)]
  0x0000028231b3fcf0 JavaThread "Unconstrained build operations Thread 21" [_thread_blocked, id=10524, stack(0x000000e49a700000,0x000000e49a800000)]
  0x0000028231b3aff0 JavaThread "Unconstrained build operations Thread 22" [_thread_blocked, id=4204, stack(0x000000e49a800000,0x000000e49a900000)]
  0x0000028231b41500 JavaThread "Unconstrained build operations Thread 23" [_thread_blocked, id=10160, stack(0x000000e49a900000,0x000000e49aa00000)]
  0x0000028231b41ea0 JavaThread "Unconstrained build operations Thread 24" [_thread_blocked, id=4868, stack(0x000000e49aa00000,0x000000e49ab00000)]
  0x0000028231b3e010 JavaThread "Unconstrained build operations Thread 25" [_thread_blocked, id=9840, stack(0x000000e49ab00000,0x000000e49ac00000)]
  0x0000028231b42370 JavaThread "Unconstrained build operations Thread 26" [_thread_blocked, id=15952, stack(0x000000e49ac00000,0x000000e49ad00000)]
  0x0000028231b3be60 JavaThread "Unconstrained build operations Thread 27" [_thread_blocked, id=11064, stack(0x000000e49ad00000,0x000000e49ae00000)]
  0x0000028231b3d670 JavaThread "Unconstrained build operations Thread 28" [_thread_blocked, id=6788, stack(0x000000e49ae00000,0x000000e49af00000)]
  0x0000028231b3e4e0 JavaThread "Unconstrained build operations Thread 29" [_thread_blocked, id=4816, stack(0x000000e49af00000,0x000000e49b000000)]
  0x0000028231b41030 JavaThread "Unconstrained build operations Thread 30" [_thread_blocked, id=13388, stack(0x000000e49b000000,0x000000e49b100000)]
  0x0000028231b3ab20 JavaThread "Unconstrained build operations Thread 31" [_thread_blocked, id=1788, stack(0x000000e49b100000,0x000000e49b200000)]
  0x0000028231b3b990 JavaThread "Unconstrained build operations Thread 32" [_thread_blocked, id=1096, stack(0x000000e49b200000,0x000000e49b300000)]
  0x0000028231b3c330 JavaThread "Unconstrained build operations Thread 33" [_thread_blocked, id=15348, stack(0x000000e49b300000,0x000000e49b400000)]
  0x0000028231b3ee80 JavaThread "Unconstrained build operations Thread 34" [_thread_blocked, id=6336, stack(0x000000e49b400000,0x000000e49b500000)]
  0x0000028231b3f820 JavaThread "Unconstrained build operations Thread 35" [_thread_blocked, id=8472, stack(0x000000e49b500000,0x000000e49b600000)]
  0x0000028231b3f350 JavaThread "Unconstrained build operations Thread 36" [_thread_blocked, id=14804, stack(0x000000e49b600000,0x000000e49b700000)]
  0x0000028231b3e9b0 JavaThread "Unconstrained build operations Thread 37" [_thread_blocked, id=13644, stack(0x000000e49b700000,0x000000e49b800000)]
  0x0000028231b401c0 JavaThread "Unconstrained build operations Thread 38" [_thread_blocked, id=8768, stack(0x000000e49b800000,0x000000e49b900000)]
  0x0000028231b40690 JavaThread "Unconstrained build operations Thread 39" [_thread_blocked, id=9292, stack(0x000000e49b900000,0x000000e49ba00000)]
  0x0000028231b419d0 JavaThread "Unconstrained build operations Thread 40" [_thread_blocked, id=15988, stack(0x000000e49ba00000,0x000000e49bb00000)]
  0x0000028231b3d1a0 JavaThread "Unconstrained build operations Thread 41" [_thread_blocked, id=16160, stack(0x000000e49bb00000,0x000000e49bc00000)]
  0x0000028231b40b60 JavaThread "Unconstrained build operations Thread 42" [_thread_blocked, id=8752, stack(0x000000e49bc00000,0x000000e49bd00000)]
  0x000002823254f670 JavaThread "Unconstrained build operations Thread 43" [_thread_blocked, id=4344, stack(0x000000e49bd00000,0x000000e49be00000)]
  0x000002823254ae40 JavaThread "Unconstrained build operations Thread 44" [_thread_blocked, id=1860, stack(0x000000e49be00000,0x000000e49bf00000)]
  0x0000028232550e80 JavaThread "Unconstrained build operations Thread 45" [_thread_blocked, id=7492, stack(0x000000e49bf00000,0x000000e49c000000)]
  0x00000282325504e0 JavaThread "Unconstrained build operations Thread 46" [_thread_blocked, id=3996, stack(0x000000e49c000000,0x000000e49c100000)]
  0x000002823254c650 JavaThread "Unconstrained build operations Thread 47" [_thread_blocked, id=14504, stack(0x000000e49c100000,0x000000e49c200000)]
  0x000002823254f1a0 JavaThread "Unconstrained build operations Thread 48" [_thread_blocked, id=12572, stack(0x000000e49c200000,0x000000e49c300000)]
  0x000002823254e330 JavaThread "Unconstrained build operations Thread 49" [_thread_blocked, id=11640, stack(0x000000e49c300000,0x000000e49c400000)]
  0x000002823254b7e0 JavaThread "Unconstrained build operations Thread 50" [_thread_blocked, id=5168, stack(0x000000e49c400000,0x000000e49c500000)]
  0x0000028232551350 JavaThread "Unconstrained build operations Thread 51" [_thread_blocked, id=13964, stack(0x000000e49c500000,0x000000e49c600000)]
  0x0000028232551820 JavaThread "Unconstrained build operations Thread 52" [_thread_blocked, id=5332, stack(0x000000e49c600000,0x000000e49c700000)]
  0x000002823254b310 JavaThread "Unconstrained build operations Thread 53" [_thread_blocked, id=10544, stack(0x000000e49c700000,0x000000e49c800000)]
  0x000002823254a4a0 JavaThread "Unconstrained build operations Thread 54" [_thread_blocked, id=13512, stack(0x000000e49c800000,0x000000e49c900000)]
  0x000002823254fb40 JavaThread "Unconstrained build operations Thread 55" [_thread_blocked, id=13924, stack(0x000000e49c900000,0x000000e49ca00000)]
  0x000002823254a970 JavaThread "Unconstrained build operations Thread 56" [_thread_blocked, id=14156, stack(0x000000e49ca00000,0x000000e49cb00000)]
  0x000002823254bcb0 JavaThread "Unconstrained build operations Thread 57" [_thread_blocked, id=4168, stack(0x000000e49cb00000,0x000000e49cc00000)]
  0x000002823254cb20 JavaThread "Unconstrained build operations Thread 58" [_thread_blocked, id=13048, stack(0x000000e49cc00000,0x000000e49cd00000)]
  0x000002823254c180 JavaThread "Unconstrained build operations Thread 59" [_thread_blocked, id=16324, stack(0x000000e49cd00000,0x000000e49ce00000)]
  0x000002823254cff0 JavaThread "Unconstrained build operations Thread 60" [_thread_blocked, id=2764, stack(0x000000e49ce00000,0x000000e49cf00000)]
  0x000002823254d4c0 JavaThread "Unconstrained build operations Thread 61" [_thread_blocked, id=8956, stack(0x000000e49cf00000,0x000000e49d000000)]
  0x0000028232549fd0 JavaThread "Unconstrained build operations Thread 62" [_thread_blocked, id=14768, stack(0x000000e49d000000,0x000000e49d100000)]
  0x000002823254d990 JavaThread "Unconstrained build operations Thread 63" [_thread_blocked, id=13760, stack(0x000000e49d100000,0x000000e49d200000)]
  0x000002823254de60 JavaThread "Unconstrained build operations Thread 64" [_thread_blocked, id=11960, stack(0x000000e49d200000,0x000000e49d300000)]
  0x000002823254ecd0 JavaThread "Unconstrained build operations Thread 65" [_thread_blocked, id=11840, stack(0x000000e49d300000,0x000000e49d400000)]
  0x000002823254e800 JavaThread "Unconstrained build operations Thread 66" [_thread_blocked, id=14268, stack(0x000000e49d400000,0x000000e49d500000)]
  0x00000282325509b0 JavaThread "Unconstrained build operations Thread 67" [_thread_blocked, id=2096, stack(0x000000e49d500000,0x000000e49d600000)]
  0x0000028232550010 JavaThread "Unconstrained build operations Thread 68" [_thread_blocked, id=6704, stack(0x000000e49d600000,0x000000e49d700000)]
  0x00000282315f0a50 JavaThread "Unconstrained build operations Thread 69" [_thread_blocked, id=12756, stack(0x000000e49d700000,0x000000e49d800000)]
  0x00000282315ef240 JavaThread "Unconstrained build operations Thread 70" [_thread_blocked, id=9856, stack(0x000000e49d800000,0x000000e49d900000)]
  0x00000282315f2c00 JavaThread "Unconstrained build operations Thread 71" [_thread_blocked, id=3752, stack(0x000000e49d900000,0x000000e49da00000)]
  0x00000282315f30d0 JavaThread "Unconstrained build operations Thread 72" [_thread_blocked, id=948, stack(0x000000e49da00000,0x000000e49db00000)]
  0x00000282315ecbc0 JavaThread "Unconstrained build operations Thread 73" [_thread_blocked, id=14348, stack(0x000000e49db00000,0x000000e49dc00000)]
  0x00000282315f1d90 JavaThread "Unconstrained build operations Thread 74" [_thread_blocked, id=15944, stack(0x000000e49dc00000,0x000000e49dd00000)]
  0x00000282315f35a0 JavaThread "Unconstrained build operations Thread 75" [_thread_blocked, id=6864, stack(0x000000e49dd00000,0x000000e49de00000)]
  0x00000282315ee3d0 JavaThread "Unconstrained build operations Thread 76" [_thread_blocked, id=9996, stack(0x000000e49de00000,0x000000e49df00000)]
  0x00000282315f0580 JavaThread "Unconstrained build operations Thread 77" [_thread_blocked, id=12404, stack(0x000000e49df00000,0x000000e49e000000)]
  0x00000282315efbe0 JavaThread "Unconstrained build operations Thread 78" [_thread_blocked, id=12472, stack(0x000000e49e000000,0x000000e49e100000)]
  0x00000282315f13f0 JavaThread "Unconstrained build operations Thread 79" [_thread_blocked, id=12764, stack(0x000000e49e100000,0x000000e49e200000)]
  0x00000282315ebd50 JavaThread "Unconstrained build operations Thread 80" [_thread_blocked, id=14352, stack(0x000000e49e200000,0x000000e49e300000)]
  0x00000282315ec6f0 JavaThread "jar transforms Thread 6" [_thread_blocked, id=1348, stack(0x000000e49e300000,0x000000e49e400000)]
  0x00000282315f2260 JavaThread "jar transforms Thread 7" [_thread_blocked, id=8948, stack(0x000000e49e400000,0x000000e49e500000)]
  0x00000282315ec220 JavaThread "jar transforms Thread 8" [_thread_blocked, id=12924, stack(0x000000e49e500000,0x000000e49e600000)]
  0x00000282315f0f20 JavaThread "build event listener" [_thread_blocked, id=228, stack(0x000000e49e600000,0x000000e49e700000)]
  0x00000282315f2730 JavaThread "Memory manager" [_thread_blocked, id=10196, stack(0x000000e49e700000,0x000000e49e800000)]
  0x00000282315edf00 JavaThread "included builds" [_thread_blocked, id=12932, stack(0x000000e49e800000,0x000000e49e900000)]
  0x00000282315ee8a0 JavaThread "Execution worker" [_thread_blocked, id=5032, stack(0x000000e49e900000,0x000000e49ea00000)]
  0x00000282315eed70 JavaThread "Execution worker Thread 2" [_thread_blocked, id=8856, stack(0x000000e49ea00000,0x000000e49eb00000)]
  0x0000028233cba630 JavaThread "Execution worker Thread 3" [_thread_blocked, id=6028, stack(0x000000e49eb00000,0x000000e49ec00000)]
  0x0000028233cb7fb0 JavaThread "Execution worker Thread 4" [_thread_blocked, id=3664, stack(0x000000e49ec00000,0x000000e49ed00000)]
  0x0000028233cb7ae0 JavaThread "Execution worker Thread 5" [_thread_blocked, id=12468, stack(0x000000e49ed00000,0x000000e49ee00000)]
  0x0000028233cbbe40 JavaThread "Execution worker Thread 6" [_thread_blocked, id=15408, stack(0x000000e49ee00000,0x000000e49ef00000)]
  0x0000028233cb8e20 JavaThread "Execution worker Thread 7" [_thread_blocked, id=11444, stack(0x000000e49ef00000,0x000000e49f000000)]
  0x0000028233cbab00 JavaThread "Cache worker for execution history cache (C:\Users\HP\AndroidStudioProjects\FINALY_PROJECT\Android-Project\.gradle\7.5\executionHistory)" [_thread_blocked, id=8524, stack(0x000000e49f000000,0x000000e49f100000)]
  0x0000028231ec2c60 JavaThread "C2 CompilerThread1" daemon [_thread_in_native, id=15568, stack(0x000000e496d00000,0x000000e496e00000)]
  0x000002822deec9e0 JavaThread "Cache worker for Java compile cache (C:\Users\HP\.gradle\caches\7.5\javaCompile)" [_thread_blocked, id=4292, stack(0x000000e49f100000,0x000000e49f200000)]
  0x000002822deec510 JavaThread "Build operations" [_thread_blocked, id=6776, stack(0x000000e49f200000,0x000000e49f300000)]
  0x000002822deeceb0 JavaThread "Build operations Thread 2" [_thread_blocked, id=3028, stack(0x000000e49f300000,0x000000e49f400000)]
  0x000002822c064aa0 JavaThread "Build operations Thread 3" [_thread_blocked, id=5232, stack(0x000000e49f400000,0x000000e49f500000)]
  0x000002822c064100 JavaThread "Build operations Thread 4" [_thread_blocked, id=9880, stack(0x000000e49f500000,0x000000e49f600000)]
  0x000002822c064f70 JavaThread "Build operations Thread 5" [_thread_blocked, id=12416, stack(0x000000e49f600000,0x000000e49f700000)]
  0x000002822c065440 JavaThread "Build operations Thread 6" [_thread_blocked, id=1476, stack(0x000000e49f700000,0x000000e49f800000)]
  0x000002822c0645d0 JavaThread "Build operations Thread 7" [_thread_blocked, id=3788, stack(0x000000e49f800000,0x000000e49f900000)]
  0x000002822c065910 JavaThread "Build operations Thread 8" [_thread_blocked, id=9964, stack(0x000000e49f900000,0x000000e49fa00000)]
  0x0000028238879740 JavaThread "WorkerExecutor Queue" [_thread_blocked, id=14384, stack(0x000000e49fe00000,0x000000e49ff00000)]
  0x00000282386a5a10 JavaThread "WorkerExecutor Queue Thread 2" [_thread_blocked, id=11432, stack(0x000000e49ff00000,0x000000e4a0000000)]
  0x00000282373b4c50 JavaThread "WorkerExecutor Queue Thread 3" [_thread_blocked, id=15936, stack(0x000000e4a0000000,0x000000e4a0100000)]
  0x00000282373b55f0 JavaThread "WorkerExecutor Queue Thread 4" [_thread_blocked, id=8908, stack(0x000000e4a0100000,0x000000e4a0200000)]
  0x0000028232a4bee0 JavaThread "WorkerExecutor Queue Thread 5" [_thread_blocked, id=4456, stack(0x000000e4a0200000,0x000000e4a0300000)]
  0x00000282318023a0 JavaThread "WorkerExecutor Queue Thread 6" [_thread_in_vm, id=14464, stack(0x000000e4a0300000,0x000000e4a0400000)]
  0x0000028231804550 JavaThread "WorkerExecutor Queue Thread 7" [_thread_blocked, id=14064, stack(0x000000e4a0400000,0x000000e4a0500000)]
  0x0000028231802870 JavaThread "WorkerExecutor Queue Thread 9" [_thread_blocked, id=10016, stack(0x000000e4a0600000,0x000000e4a0700000)]
  0x00000282314999e0 JavaThread "C2 CompilerThread2" daemon [_thread_in_native, id=14680, stack(0x000000e498300000,0x000000e498400000)]
  0x0000028233cb92f0 JavaThread "WorkerExecutor Queue Thread 10" [_thread_blocked, id=11728, stack(0x000000e4a0500000,0x000000e4a0600000)]

Other Threads:
  0x000002822c0ef650 VMThread "VM Thread" [stack: 0x000000e496000000,0x000000e496100000] [id=12828]
  0x00000282103511f0 WatcherThread [stack: 0x000000e496c00000,0x000000e496d00000] [id=15232]
  0x0000028210338fc0 GCTaskThread "GC Thread#0" [stack: 0x000000e495b00000,0x000000e495c00000] [id=11124]
  0x000002822d7ab500 GCTaskThread "GC Thread#1" [stack: 0x000000e496f00000,0x000000e497000000] [id=1824]
  0x000002822d7aaa40 GCTaskThread "GC Thread#2" [stack: 0x000000e497000000,0x000000e497100000] [id=3484]
  0x000002822d7aacf0 GCTaskThread "GC Thread#3" [stack: 0x000000e497100000,0x000000e497200000] [id=4320]
  0x000002822d7a9f80 GCTaskThread "GC Thread#4" [stack: 0x000000e497200000,0x000000e497300000] [id=15728]
  0x000002822d7aa230 GCTaskThread "GC Thread#5" [stack: 0x000000e496e00000,0x000000e496f00000] [id=14792]
  0x000002822d7aa4e0 GCTaskThread "GC Thread#6" [stack: 0x000000e497f00000,0x000000e498000000] [id=16112]
  0x000002822fc220a0 GCTaskThread "GC Thread#7" [stack: 0x000000e498000000,0x000000e498100000] [id=11480]
  0x0000028210349e10 ConcurrentGCThread "G1 Main Marker" [stack: 0x000000e495c00000,0x000000e495d00000] [id=14176]
  0x000002821034aed0 ConcurrentGCThread "G1 Conc#0" [stack: 0x000000e495d00000,0x000000e495e00000] [id=12200]
  0x000002822fc23370 ConcurrentGCThread "G1 Conc#1" [stack: 0x000000e498100000,0x000000e498200000] [id=1948]
  0x000002822bf340c0 ConcurrentGCThread "G1 Refine#0" [stack: 0x000000e495e00000,0x000000e495f00000] [id=13476]
  0x0000028238876ce0 ConcurrentGCThread "G1 Refine#1" [stack: 0x000000e49fa00000,0x000000e49fb00000] [id=10076]
  0x000002823841d240 ConcurrentGCThread "G1 Refine#2" [stack: 0x000000e49fb00000,0x000000e49fc00000] [id=12532]
  0x00000282386c8f70 ConcurrentGCThread "G1 Refine#3" [stack: 0x000000e49fc00000,0x000000e49fd00000] [id=12616]
  0x0000028232672c10 ConcurrentGCThread "G1 Refine#4" [stack: 0x000000e49fd00000,0x000000e49fe00000] [id=3524]
  0x000002822bf349f0 ConcurrentGCThread "G1 Service" [stack: 0x000000e495f00000,0x000000e496000000] [id=11160]

Threads with active compile tasks:
C2 CompilerThread0    24641 14351       4       org.gradle.internal.reflect.ClassInspector::inspectClass (179 bytes)
C1 CompilerThread0    24641 14727       2       java.nio.HeapByteBuffer::putShort (31 bytes)
C2 CompilerThread1    24641 14263   !   4       jdk.internal.loader.BuiltinClassLoader::loadClassOrNull (143 bytes)
C2 CompilerThread2    24641 14362 %     4       org.gradle.internal.instantiation.generator.AbstractClassGenerator::inspectType @ 107 (560 bytes)

VM state: not at safepoint (normal execution)

VM Mutex/Monitor currently owned by a thread: None

Heap address: 0x0000000080000000, size: 2048 MB, Compressed Oops mode: 32-bit

CDS archive(s) not mapped
Compressed class space mapped at: 0x0000000100000000-0x0000000140000000, reserved size: 1073741824
Narrow klass base: 0x0000000000000000, Narrow klass shift: 3, Narrow klass range: 0x140000000

GC Precious Log:
 CPUs: 8 total, 8 available
 Memory: 8026M
 Large Page Support: Disabled
 NUMA Support: Disabled
 Compressed Oops: Enabled (32-bit)
 Heap Region Size: 1M
 Heap Min Capacity: 8M
 Heap Initial Capacity: 126M
 Heap Max Capacity: 2G
 Pre-touch: Disabled
 Parallel Workers: 8
 Concurrent Workers: 2
 Concurrent Refinement Workers: 8
 Periodic GC: Disabled

Heap:
 garbage-first heap   total 214016K, used 157678K [0x0000000080000000, 0x0000000100000000)
  region size 1024K, 42 young (43008K), 5 survivors (5120K)
 Metaspace       used 109280K, committed 110016K, reserved 1146880K
  class space    used 15032K, committed 15360K, reserved 1048576K

Heap Regions: E=young(eden), S=young(survivor), O=old, HS=humongous(starts), HC=humongous(continues), CS=collection set, F=free, OA=open archive, CA=closed archive, TAMS=top-at-mark-start (previous, next)
|   0|0x0000000080000000, 0x0000000080100000, 0x0000000080100000|100%| O|  |TAMS 0x0000000080100000, 0x0000000080000000| Untracked 
|   1|0x0000000080100000, 0x0000000080200000, 0x0000000080200000|100%| O|  |TAMS 0x0000000080200000, 0x0000000080100000| Untracked 
|   2|0x0000000080200000, 0x0000000080300000, 0x0000000080300000|100%| O|  |TAMS 0x0000000080300000, 0x0000000080200000| Untracked 
|   3|0x0000000080300000, 0x0000000080400000, 0x0000000080400000|100%|HS|  |TAMS 0x0000000080400000, 0x0000000080300000| Complete 
|   4|0x0000000080400000, 0x0000000080500000, 0x0000000080500000|100%|HC|  |TAMS 0x0000000080500000, 0x0000000080400000| Complete 
|   5|0x0000000080500000, 0x0000000080600000, 0x0000000080600000|100%|HC|  |TAMS 0x0000000080600000, 0x0000000080500000| Complete 
|   6|0x0000000080600000, 0x0000000080700000, 0x0000000080700000|100%| O|  |TAMS 0x0000000080700000, 0x0000000080600000| Untracked 
|   7|0x0000000080700000, 0x0000000080800000, 0x0000000080800000|100%| O|  |TAMS 0x0000000080800000, 0x0000000080700000| Untracked 
|   8|0x0000000080800000, 0x0000000080900000, 0x0000000080900000|100%| O|  |TAMS 0x0000000080900000, 0x0000000080800000| Untracked 
|   9|0x0000000080900000, 0x0000000080a00000, 0x0000000080a00000|100%| O|  |TAMS 0x0000000080a00000, 0x0000000080900000| Untracked 
|  10|0x0000000080a00000, 0x0000000080b00000, 0x0000000080b00000|100%| O|  |TAMS 0x0000000080b00000, 0x0000000080a00000| Untracked 
|  11|0x0000000080b00000, 0x0000000080c00000, 0x0000000080c00000|100%| O|  |TAMS 0x0000000080c00000, 0x0000000080b00000| Untracked 
|  12|0x0000000080c00000, 0x0000000080d00000, 0x0000000080d00000|100%| O|  |TAMS 0x0000000080d00000, 0x0000000080c00000| Untracked 
|  13|0x0000000080d00000, 0x0000000080e00000, 0x0000000080e00000|100%| O|  |TAMS 0x0000000080e00000, 0x0000000080d00000| Untracked 
|  14|0x0000000080e00000, 0x0000000080f00000, 0x0000000080f00000|100%| O|  |TAMS 0x0000000080f00000, 0x0000000080e00000| Untracked 
|  15|0x0000000080f00000, 0x0000000081000000, 0x0000000081000000|100%| O|  |TAMS 0x0000000081000000, 0x0000000080f00000| Untracked 
|  16|0x0000000081000000, 0x0000000081100000, 0x0000000081100000|100%| O|  |TAMS 0x0000000081100000, 0x0000000081000000| Untracked 
|  17|0x0000000081100000, 0x0000000081200000, 0x0000000081200000|100%| O|  |TAMS 0x0000000081200000, 0x0000000081100000| Untracked 
|  18|0x0000000081200000, 0x0000000081300000, 0x0000000081300000|100%| O|  |TAMS 0x0000000081300000, 0x0000000081200000| Untracked 
|  19|0x0000000081300000, 0x0000000081400000, 0x0000000081400000|100%| O|  |TAMS 0x0000000081400000, 0x0000000081300000| Untracked 
|  20|0x0000000081400000, 0x0000000081500000, 0x0000000081500000|100%| O|  |TAMS 0x0000000081500000, 0x0000000081400000| Untracked 
|  21|0x0000000081500000, 0x0000000081600000, 0x0000000081600000|100%| O|  |TAMS 0x0000000081600000, 0x0000000081500000| Untracked 
|  22|0x0000000081600000, 0x0000000081700000, 0x0000000081700000|100%| O|  |TAMS 0x0000000081700000, 0x0000000081600000| Untracked 
|  23|0x0000000081700000, 0x0000000081800000, 0x0000000081800000|100%| O|  |TAMS 0x0000000081800000, 0x0000000081700000| Untracked 
|  24|0x0000000081800000, 0x0000000081900000, 0x0000000081900000|100%|HS|  |TAMS 0x0000000081900000, 0x0000000081800000| Complete 
|  25|0x0000000081900000, 0x0000000081a00000, 0x0000000081a00000|100%| O|  |TAMS 0x0000000081a00000, 0x0000000081900000| Untracked 
|  26|0x0000000081a00000, 0x0000000081b00000, 0x0000000081b00000|100%| O|  |TAMS 0x0000000081b00000, 0x0000000081a00000| Untracked 
|  27|0x0000000081b00000, 0x0000000081c00000, 0x0000000081c00000|100%| O|  |TAMS 0x0000000081c00000, 0x0000000081b00000| Untracked 
|  28|0x0000000081c00000, 0x0000000081d00000, 0x0000000081d00000|100%| O|  |TAMS 0x0000000081d00000, 0x0000000081c00000| Untracked 
|  29|0x0000000081d00000, 0x0000000081e00000, 0x0000000081e00000|100%| O|  |TAMS 0x0000000081e00000, 0x0000000081d00000| Untracked 
|  30|0x0000000081e00000, 0x0000000081f00000, 0x0000000081f00000|100%| O|  |TAMS 0x0000000081f00000, 0x0000000081e00000| Untracked 
|  31|0x0000000081f00000, 0x0000000082000000, 0x0000000082000000|100%| O|  |TAMS 0x0000000082000000, 0x0000000081f00000| Untracked 
|  32|0x0000000082000000, 0x0000000082100000, 0x0000000082100000|100%| O|  |TAMS 0x0000000082100000, 0x0000000082000000| Untracked 
|  33|0x0000000082100000, 0x0000000082200000, 0x0000000082200000|100%| O|  |TAMS 0x0000000082200000, 0x0000000082100000| Untracked 
|  34|0x0000000082200000, 0x0000000082300000, 0x0000000082300000|100%| O|  |TAMS 0x0000000082300000, 0x0000000082200000| Untracked 
|  35|0x0000000082300000, 0x0000000082400000, 0x0000000082400000|100%| O|  |TAMS 0x0000000082400000, 0x0000000082300000| Untracked 
|  36|0x0000000082400000, 0x0000000082500000, 0x0000000082500000|100%| O|  |TAMS 0x0000000082500000, 0x0000000082400000| Untracked 
|  37|0x0000000082500000, 0x0000000082600000, 0x0000000082600000|100%|HS|  |TAMS 0x0000000082600000, 0x0000000082500000| Complete 
|  38|0x0000000082600000, 0x0000000082700000, 0x0000000082700000|100%| O|  |TAMS 0x0000000082700000, 0x0000000082600000| Untracked 
|  39|0x0000000082700000, 0x0000000082800000, 0x0000000082800000|100%| O|  |TAMS 0x0000000082800000, 0x0000000082700000| Untracked 
|  40|0x0000000082800000, 0x0000000082900000, 0x0000000082900000|100%| O|  |TAMS 0x0000000082900000, 0x0000000082800000| Untracked 
|  41|0x0000000082900000, 0x0000000082a00000, 0x0000000082a00000|100%| O|  |TAMS 0x0000000082a00000, 0x0000000082900000| Untracked 
|  42|0x0000000082a00000, 0x0000000082b00000, 0x0000000082b00000|100%| O|  |TAMS 0x0000000082b00000, 0x0000000082a00000| Untracked 
|  43|0x0000000082b00000, 0x0000000082c00000, 0x0000000082c00000|100%| O|  |TAMS 0x0000000082c00000, 0x0000000082b00000| Untracked 
|  44|0x0000000082c00000, 0x0000000082d00000, 0x0000000082d00000|100%| O|  |TAMS 0x0000000082d00000, 0x0000000082c00000| Untracked 
|  45|0x0000000082d00000, 0x0000000082e00000, 0x0000000082e00000|100%| O|  |TAMS 0x0000000082e00000, 0x0000000082d00000| Untracked 
|  46|0x0000000082e00000, 0x0000000082f00000, 0x0000000082f00000|100%| O|  |TAMS 0x0000000082f00000, 0x0000000082e00000| Untracked 
|  47|0x0000000082f00000, 0x0000000083000000, 0x0000000083000000|100%| O|  |TAMS 0x0000000083000000, 0x0000000082f00000| Untracked 
|  48|0x0000000083000000, 0x0000000083100000, 0x0000000083100000|100%| O|  |TAMS 0x0000000083100000, 0x0000000083000000| Untracked 
|  49|0x0000000083100000, 0x0000000083200000, 0x0000000083200000|100%| O|  |TAMS 0x0000000083200000, 0x0000000083100000| Untracked 
|  50|0x0000000083200000, 0x0000000083300000, 0x0000000083300000|100%| O|  |TAMS 0x0000000083300000, 0x0000000083200000| Untracked 
|  51|0x0000000083300000, 0x0000000083400000, 0x0000000083400000|100%| O|  |TAMS 0x0000000083400000, 0x0000000083300000| Untracked 
|  52|0x0000000083400000, 0x0000000083500000, 0x0000000083500000|100%| O|  |TAMS 0x0000000083500000, 0x0000000083400000| Untracked 
|  53|0x0000000083500000, 0x0000000083600000, 0x0000000083600000|100%| O|  |TAMS 0x0000000083600000, 0x0000000083500000| Untracked 
|  54|0x0000000083600000, 0x0000000083700000, 0x0000000083700000|100%| O|  |TAMS 0x0000000083700000, 0x0000000083600000| Untracked 
|  55|0x0000000083700000, 0x0000000083800000, 0x0000000083800000|100%| O|  |TAMS 0x0000000083800000, 0x0000000083700000| Untracked 
|  56|0x0000000083800000, 0x0000000083900000, 0x0000000083900000|100%| O|  |TAMS 0x0000000083900000, 0x0000000083800000| Untracked 
|  57|0x0000000083900000, 0x0000000083a00000, 0x0000000083a00000|100%| O|  |TAMS 0x0000000083a00000, 0x0000000083900000| Untracked 
|  58|0x0000000083a00000, 0x0000000083b00000, 0x0000000083b00000|100%| O|  |TAMS 0x0000000083b00000, 0x0000000083a00000| Untracked 
|  59|0x0000000083b00000, 0x0000000083c00000, 0x0000000083c00000|100%| O|  |TAMS 0x0000000083c00000, 0x0000000083b00000| Untracked 
|  60|0x0000000083c00000, 0x0000000083d00000, 0x0000000083d00000|100%| O|  |TAMS 0x0000000083d00000, 0x0000000083c00000| Untracked 
|  61|0x0000000083d00000, 0x0000000083e00000, 0x0000000083e00000|100%| O|  |TAMS 0x0000000083e00000, 0x0000000083d00000| Untracked 
|  62|0x0000000083e00000, 0x0000000083f00000, 0x0000000083f00000|100%| O|  |TAMS 0x0000000083f00000, 0x0000000083e00000| Untracked 
|  63|0x0000000083f00000, 0x0000000084000000, 0x0000000084000000|100%| O|  |TAMS 0x0000000084000000, 0x0000000083f00000| Untracked 
|  64|0x0000000084000000, 0x0000000084100000, 0x0000000084100000|100%| O|  |TAMS 0x0000000084100000, 0x0000000084000000| Untracked 
|  65|0x0000000084100000, 0x0000000084200000, 0x0000000084200000|100%| O|  |TAMS 0x0000000084200000, 0x0000000084100000| Untracked 
|  66|0x0000000084200000, 0x0000000084300000, 0x0000000084300000|100%| O|  |TAMS 0x0000000084300000, 0x0000000084200000| Untracked 
|  67|0x0000000084300000, 0x0000000084400000, 0x0000000084400000|100%| O|  |TAMS 0x0000000084400000, 0x0000000084300000| Untracked 
|  68|0x0000000084400000, 0x0000000084500000, 0x0000000084500000|100%| O|  |TAMS 0x0000000084500000, 0x0000000084400000| Untracked 
|  69|0x0000000084500000, 0x0000000084600000, 0x0000000084600000|100%| O|  |TAMS 0x0000000084600000, 0x0000000084500000| Untracked 
|  70|0x0000000084600000, 0x0000000084700000, 0x0000000084700000|100%| O|  |TAMS 0x0000000084700000, 0x0000000084600000| Untracked 
|  71|0x0000000084700000, 0x0000000084800000, 0x0000000084800000|100%| O|  |TAMS 0x0000000084800000, 0x0000000084700000| Untracked 
|  72|0x0000000084800000, 0x0000000084900000, 0x0000000084900000|100%| O|  |TAMS 0x0000000084900000, 0x0000000084800000| Complete 
|  73|0x0000000084900000, 0x0000000084a00000, 0x0000000084a00000|100%| O|  |TAMS 0x0000000084a00000, 0x0000000084900000| Untracked 
|  74|0x0000000084a00000, 0x0000000084b00000, 0x0000000084b00000|100%| O|  |TAMS 0x0000000084b00000, 0x0000000084a00000| Untracked 
|  75|0x0000000084b00000, 0x0000000084c00000, 0x0000000084c00000|100%| O|  |TAMS 0x0000000084c00000, 0x0000000084b00000| Untracked 
|  76|0x0000000084c00000, 0x0000000084d00000, 0x0000000084d00000|100%| O|  |TAMS 0x0000000084d00000, 0x0000000084c00000| Untracked 
|  77|0x0000000084d00000, 0x0000000084e00000, 0x0000000084e00000|100%| O|  |TAMS 0x0000000084e00000, 0x0000000084d00000| Untracked 
|  78|0x0000000084e00000, 0x0000000084f00000, 0x0000000084f00000|100%| O|  |TAMS 0x0000000084f00000, 0x0000000084e00000| Untracked 
|  79|0x0000000084f00000, 0x0000000085000000, 0x0000000085000000|100%| O|  |TAMS 0x0000000085000000, 0x0000000084f00000| Untracked 
|  80|0x0000000085000000, 0x0000000085100000, 0x0000000085100000|100%| O|  |TAMS 0x0000000085100000, 0x0000000085000000| Untracked 
|  81|0x0000000085100000, 0x0000000085200000, 0x0000000085200000|100%|HS|  |TAMS 0x0000000085200000, 0x0000000085100000| Complete 
|  82|0x0000000085200000, 0x0000000085300000, 0x0000000085300000|100%|HC|  |TAMS 0x0000000085300000, 0x0000000085200000| Complete 
|  83|0x0000000085300000, 0x0000000085400000, 0x0000000085400000|100%| O|  |TAMS 0x0000000085400000, 0x0000000085300000| Untracked 
|  84|0x0000000085400000, 0x0000000085500000, 0x0000000085500000|100%| O|  |TAMS 0x0000000085500000, 0x0000000085400000| Untracked 
|  85|0x0000000085500000, 0x0000000085600000, 0x0000000085600000|100%| O|  |TAMS 0x0000000085600000, 0x0000000085500000| Untracked 
|  86|0x0000000085600000, 0x0000000085700000, 0x0000000085700000|100%| O|  |TAMS 0x0000000085700000, 0x0000000085600000| Untracked 
|  87|0x0000000085700000, 0x0000000085800000, 0x0000000085800000|100%| O|  |TAMS 0x0000000085800000, 0x0000000085700000| Complete 
|  88|0x0000000085800000, 0x0000000085900000, 0x0000000085900000|100%| O|  |TAMS 0x0000000085900000, 0x0000000085800000| Untracked 
|  89|0x0000000085900000, 0x0000000085a00000, 0x0000000085a00000|100%| O|  |TAMS 0x0000000085a00000, 0x0000000085900000| Untracked 
|  90|0x0000000085a00000, 0x0000000085b00000, 0x0000000085b00000|100%| O|  |TAMS 0x0000000085b00000, 0x0000000085a00000| Untracked 
|  91|0x0000000085b00000, 0x0000000085c00000, 0x0000000085c00000|100%| O|  |TAMS 0x0000000085c00000, 0x0000000085b00000| Untracked 
|  92|0x0000000085c00000, 0x0000000085d00000, 0x0000000085d00000|100%| O|  |TAMS 0x0000000085d00000, 0x0000000085c00000| Untracked 
|  93|0x0000000085d00000, 0x0000000085e00000, 0x0000000085e00000|100%| O|  |TAMS 0x0000000085e00000, 0x0000000085d00000| Untracked 
|  94|0x0000000085e00000, 0x0000000085f00000, 0x0000000085f00000|100%| O|  |TAMS 0x0000000085f00000, 0x0000000085e00000| Complete 
|  95|0x0000000085f00000, 0x0000000086000000, 0x0000000086000000|100%| O|  |TAMS 0x0000000086000000, 0x0000000085f00000| Untracked 
|  96|0x0000000086000000, 0x0000000086100000, 0x0000000086100000|100%| O|  |TAMS 0x0000000086100000, 0x0000000086000000| Untracked 
|  97|0x0000000086100000, 0x0000000086200000, 0x0000000086200000|100%| O|  |TAMS 0x0000000086200000, 0x0000000086100000| Untracked 
|  98|0x0000000086200000, 0x0000000086300000, 0x0000000086300000|100%| O|  |TAMS 0x0000000086300000, 0x0000000086200000| Untracked 
|  99|0x0000000086300000, 0x0000000086400000, 0x0000000086400000|100%| O|  |TAMS 0x0000000086400000, 0x0000000086300000| Untracked 
| 100|0x0000000086400000, 0x0000000086500000, 0x0000000086500000|100%| O|  |TAMS 0x0000000086500000, 0x0000000086400000| Untracked 
| 101|0x0000000086500000, 0x0000000086600000, 0x0000000086600000|100%| O|  |TAMS 0x0000000086600000, 0x0000000086500000| Untracked 
| 102|0x0000000086600000, 0x0000000086700000, 0x0000000086700000|100%| O|  |TAMS 0x0000000086700000, 0x0000000086600000| Untracked 
| 103|0x0000000086700000, 0x0000000086800000, 0x0000000086800000|100%| O|  |TAMS 0x0000000086729200, 0x0000000086700000| Untracked 
| 104|0x0000000086800000, 0x0000000086800000, 0x0000000086900000|  0%| F|  |TAMS 0x0000000086800000, 0x0000000086800000| Untracked 
| 105|0x0000000086900000, 0x0000000086a00000, 0x0000000086a00000|100%| O|  |TAMS 0x0000000086a00000, 0x0000000086900000| Complete 
| 106|0x0000000086a00000, 0x0000000086b00000, 0x0000000086b00000|100%| O|  |TAMS 0x0000000086b00000, 0x0000000086a00000| Complete 
| 107|0x0000000086b00000, 0x0000000086c00000, 0x0000000086c00000|100%| O|  |TAMS 0x0000000086c00000, 0x0000000086b00000| Complete 
| 108|0x0000000086c00000, 0x0000000086d00000, 0x0000000086d00000|100%| O|  |TAMS 0x0000000086d00000, 0x0000000086c00000| Complete 
| 109|0x0000000086d00000, 0x0000000086e00000, 0x0000000086e00000|100%| O|  |TAMS 0x0000000086e00000, 0x0000000086d00000| Complete 
| 110|0x0000000086e00000, 0x0000000086f00000, 0x0000000086f00000|100%| O|  |TAMS 0x0000000086f00000, 0x0000000086e00000| Complete 
| 111|0x0000000086f00000, 0x0000000087000000, 0x0000000087000000|100%| O|  |TAMS 0x0000000087000000, 0x0000000086f00000| Complete 
| 112|0x0000000087000000, 0x0000000087100000, 0x0000000087100000|100%| O|  |TAMS 0x0000000087100000, 0x0000000087000000| Complete 
| 113|0x0000000087100000, 0x0000000087200000, 0x0000000087200000|100%| O|  |TAMS 0x0000000087100000, 0x0000000087100000| Untracked 
| 114|0x0000000087200000, 0x0000000087300000, 0x0000000087300000|100%| O|  |TAMS 0x0000000087200000, 0x0000000087200000| Untracked 
| 115|0x0000000087300000, 0x000000008736cc00, 0x0000000087400000| 42%| O|  |TAMS 0x0000000087300000, 0x0000000087300000| Untracked 
| 116|0x0000000087400000, 0x0000000087400000, 0x0000000087500000|  0%| F|  |TAMS 0x0000000087400000, 0x0000000087400000| Untracked 
| 117|0x0000000087500000, 0x0000000087500000, 0x0000000087600000|  0%| F|  |TAMS 0x0000000087500000, 0x0000000087500000| Untracked 
| 118|0x0000000087600000, 0x0000000087600000, 0x0000000087700000|  0%| F|  |TAMS 0x0000000087600000, 0x0000000087600000| Untracked 
| 119|0x0000000087700000, 0x0000000087700000, 0x0000000087800000|  0%| F|  |TAMS 0x0000000087700000, 0x0000000087700000| Untracked 
| 120|0x0000000087800000, 0x0000000087800000, 0x0000000087900000|  0%| F|  |TAMS 0x0000000087800000, 0x0000000087800000| Untracked 
| 121|0x0000000087900000, 0x0000000087900000, 0x0000000087a00000|  0%| F|  |TAMS 0x0000000087900000, 0x0000000087900000| Untracked 
| 122|0x0000000087a00000, 0x0000000087a00000, 0x0000000087b00000|  0%| F|  |TAMS 0x0000000087a00000, 0x0000000087a00000| Untracked 
| 123|0x0000000087b00000, 0x0000000087b00000, 0x0000000087c00000|  0%| F|  |TAMS 0x0000000087b00000, 0x0000000087b00000| Untracked 
| 124|0x0000000087c00000, 0x0000000087c00000, 0x0000000087d00000|  0%| F|  |TAMS 0x0000000087c00000, 0x0000000087c00000| Untracked 
| 125|0x0000000087d00000, 0x0000000087d00000, 0x0000000087e00000|  0%| F|  |TAMS 0x0000000087d00000, 0x0000000087d00000| Untracked 
| 126|0x0000000087e00000, 0x0000000087e00000, 0x0000000087f00000|  0%| F|  |TAMS 0x0000000087e00000, 0x0000000087e00000| Untracked 
| 127|0x0000000087f00000, 0x0000000087f00000, 0x0000000088000000|  0%| F|  |TAMS 0x0000000087f00000, 0x0000000087f00000| Untracked 
| 128|0x0000000088000000, 0x0000000088000000, 0x0000000088100000|  0%| F|  |TAMS 0x0000000088000000, 0x0000000088000000| Untracked 
| 129|0x0000000088100000, 0x0000000088100000, 0x0000000088200000|  0%| F|  |TAMS 0x0000000088100000, 0x0000000088100000| Untracked 
| 130|0x0000000088200000, 0x0000000088200000, 0x0000000088300000|  0%| F|  |TAMS 0x0000000088200000, 0x0000000088200000| Untracked 
| 131|0x0000000088300000, 0x0000000088300000, 0x0000000088400000|  0%| F|  |TAMS 0x0000000088300000, 0x0000000088300000| Untracked 
| 132|0x0000000088400000, 0x0000000088400000, 0x0000000088500000|  0%| F|  |TAMS 0x0000000088400000, 0x0000000088400000| Untracked 
| 133|0x0000000088500000, 0x0000000088500000, 0x0000000088600000|  0%| F|  |TAMS 0x0000000088500000, 0x0000000088500000| Untracked 
| 134|0x0000000088600000, 0x0000000088600000, 0x0000000088700000|  0%| F|  |TAMS 0x0000000088600000, 0x0000000088600000| Untracked 
| 135|0x0000000088700000, 0x0000000088700000, 0x0000000088800000|  0%| F|  |TAMS 0x0000000088700000, 0x0000000088700000| Untracked 
| 136|0x0000000088800000, 0x0000000088800000, 0x0000000088900000|  0%| F|  |TAMS 0x0000000088800000, 0x0000000088800000| Untracked 
| 137|0x0000000088900000, 0x0000000088900000, 0x0000000088a00000|  0%| F|  |TAMS 0x0000000088900000, 0x0000000088900000| Untracked 
| 138|0x0000000088a00000, 0x0000000088a00000, 0x0000000088b00000|  0%| F|  |TAMS 0x0000000088a00000, 0x0000000088a00000| Untracked 
| 139|0x0000000088b00000, 0x0000000088b00000, 0x0000000088c00000|  0%| F|  |TAMS 0x0000000088b00000, 0x0000000088b00000| Untracked 
| 140|0x0000000088c00000, 0x0000000088c00000, 0x0000000088d00000|  0%| F|  |TAMS 0x0000000088c00000, 0x0000000088c00000| Untracked 
| 141|0x0000000088d00000, 0x0000000088d00000, 0x0000000088e00000|  0%| F|  |TAMS 0x0000000088d00000, 0x0000000088d00000| Untracked 
| 142|0x0000000088e00000, 0x0000000088e00000, 0x0000000088f00000|  0%| F|  |TAMS 0x0000000088e00000, 0x0000000088e00000| Untracked 
| 143|0x0000000088f00000, 0x0000000088f00000, 0x0000000089000000|  0%| F|  |TAMS 0x0000000088f00000, 0x0000000088f00000| Untracked 
| 144|0x0000000089000000, 0x0000000089000000, 0x0000000089100000|  0%| F|  |TAMS 0x0000000089000000, 0x0000000089000000| Untracked 
| 145|0x0000000089100000, 0x000000008918ed50, 0x0000000089200000| 55%| S|CS|TAMS 0x0000000089100000, 0x0000000089100000| Complete 
| 146|0x0000000089200000, 0x0000000089300000, 0x0000000089300000|100%| S|CS|TAMS 0x0000000089200000, 0x0000000089200000| Complete 
| 147|0x0000000089300000, 0x0000000089400000, 0x0000000089400000|100%| S|CS|TAMS 0x0000000089300000, 0x0000000089300000| Complete 
| 148|0x0000000089400000, 0x0000000089400000, 0x0000000089500000|  0%| F|  |TAMS 0x0000000089400000, 0x0000000089400000| Untracked 
| 149|0x0000000089500000, 0x0000000089500000, 0x0000000089600000|  0%| F|  |TAMS 0x0000000089500000, 0x0000000089500000| Untracked 
| 150|0x0000000089600000, 0x0000000089700000, 0x0000000089700000|100%| S|CS|TAMS 0x0000000089600000, 0x0000000089600000| Complete 
| 151|0x0000000089700000, 0x0000000089800000, 0x0000000089800000|100%| S|CS|TAMS 0x0000000089700000, 0x0000000089700000| Complete 
| 152|0x0000000089800000, 0x0000000089800000, 0x0000000089900000|  0%| F|  |TAMS 0x0000000089800000, 0x0000000089800000| Untracked 
| 153|0x0000000089900000, 0x0000000089900000, 0x0000000089a00000|  0%| F|  |TAMS 0x0000000089900000, 0x0000000089900000| Untracked 
| 154|0x0000000089a00000, 0x0000000089a00000, 0x0000000089b00000|  0%| F|  |TAMS 0x0000000089a00000, 0x0000000089a00000| Untracked 
| 155|0x0000000089b00000, 0x0000000089b00000, 0x0000000089c00000|  0%| F|  |TAMS 0x0000000089b00000, 0x0000000089b00000| Untracked 
| 156|0x0000000089c00000, 0x0000000089c00000, 0x0000000089d00000|  0%| F|  |TAMS 0x0000000089c00000, 0x0000000089c00000| Untracked 
| 157|0x0000000089d00000, 0x0000000089d00000, 0x0000000089e00000|  0%| F|  |TAMS 0x0000000089d00000, 0x0000000089d00000| Untracked 
| 158|0x0000000089e00000, 0x0000000089e00000, 0x0000000089f00000|  0%| F|  |TAMS 0x0000000089e00000, 0x0000000089e00000| Untracked 
| 159|0x0000000089f00000, 0x0000000089f00000, 0x000000008a000000|  0%| F|  |TAMS 0x0000000089f00000, 0x0000000089f00000| Untracked 
| 160|0x000000008a000000, 0x000000008a000000, 0x000000008a100000|  0%| F|  |TAMS 0x000000008a000000, 0x000000008a000000| Untracked 
| 161|0x000000008a100000, 0x000000008a100000, 0x000000008a200000|  0%| F|  |TAMS 0x000000008a100000, 0x000000008a100000| Untracked 
| 162|0x000000008a200000, 0x000000008a200000, 0x000000008a300000|  0%| F|  |TAMS 0x000000008a200000, 0x000000008a200000| Untracked 
| 163|0x000000008a300000, 0x000000008a300000, 0x000000008a400000|  0%| F|  |TAMS 0x000000008a300000, 0x000000008a300000| Untracked 
| 164|0x000000008a400000, 0x000000008a400000, 0x000000008a500000|  0%| F|  |TAMS 0x000000008a400000, 0x000000008a400000| Untracked 
| 165|0x000000008a500000, 0x000000008a500000, 0x000000008a600000|  0%| F|  |TAMS 0x000000008a500000, 0x000000008a500000| Untracked 
| 166|0x000000008a600000, 0x000000008a600000, 0x000000008a700000|  0%| F|  |TAMS 0x000000008a600000, 0x000000008a600000| Untracked 
| 167|0x000000008a700000, 0x000000008a700000, 0x000000008a800000|  0%| F|  |TAMS 0x000000008a700000, 0x000000008a700000| Untracked 
| 168|0x000000008a800000, 0x000000008a800000, 0x000000008a900000|  0%| F|  |TAMS 0x000000008a800000, 0x000000008a800000| Untracked 
| 169|0x000000008a900000, 0x000000008a900000, 0x000000008aa00000|  0%| F|  |TAMS 0x000000008a900000, 0x000000008a900000| Untracked 
| 170|0x000000008aa00000, 0x000000008aa00000, 0x000000008ab00000|  0%| F|  |TAMS 0x000000008aa00000, 0x000000008aa00000| Untracked 
| 171|0x000000008ab00000, 0x000000008ab00000, 0x000000008ac00000|  0%| F|  |TAMS 0x000000008ab00000, 0x000000008ab00000| Untracked 
| 172|0x000000008ac00000, 0x000000008acb20d0, 0x000000008ad00000| 69%| E|  |TAMS 0x000000008ac00000, 0x000000008ac00000| Complete 
| 173|0x000000008ad00000, 0x000000008ae00000, 0x000000008ae00000|100%| E|CS|TAMS 0x000000008ad00000, 0x000000008ad00000| Complete 
| 174|0x000000008ae00000, 0x000000008af00000, 0x000000008af00000|100%| E|CS|TAMS 0x000000008ae00000, 0x000000008ae00000| Complete 
| 175|0x000000008af00000, 0x000000008b000000, 0x000000008b000000|100%| E|CS|TAMS 0x000000008af00000, 0x000000008af00000| Complete 
| 176|0x000000008b000000, 0x000000008b100000, 0x000000008b100000|100%| E|CS|TAMS 0x000000008b000000, 0x000000008b000000| Complete 
| 177|0x000000008b100000, 0x000000008b200000, 0x000000008b200000|100%| E|CS|TAMS 0x000000008b100000, 0x000000008b100000| Complete 
| 178|0x000000008b200000, 0x000000008b300000, 0x000000008b300000|100%| E|CS|TAMS 0x000000008b200000, 0x000000008b200000| Complete 
| 179|0x000000008b300000, 0x000000008b400000, 0x000000008b400000|100%| E|CS|TAMS 0x000000008b300000, 0x000000008b300000| Complete 
| 180|0x000000008b400000, 0x000000008b500000, 0x000000008b500000|100%| E|CS|TAMS 0x000000008b400000, 0x000000008b400000| Complete 
| 181|0x000000008b500000, 0x000000008b600000, 0x000000008b600000|100%| E|CS|TAMS 0x000000008b500000, 0x000000008b500000| Complete 
| 182|0x000000008b600000, 0x000000008b700000, 0x000000008b700000|100%| E|CS|TAMS 0x000000008b600000, 0x000000008b600000| Complete 
| 183|0x000000008b700000, 0x000000008b7fffb0, 0x000000008b800000| 99%| E|  |TAMS 0x000000008b700000, 0x000000008b700000| Complete 
| 184|0x000000008b800000, 0x000000008b900000, 0x000000008b900000|100%| E|CS|TAMS 0x000000008b800000, 0x000000008b800000| Complete 
| 185|0x000000008b900000, 0x000000008ba00000, 0x000000008ba00000|100%| E|CS|TAMS 0x000000008b900000, 0x000000008b900000| Complete 
| 186|0x000000008ba00000, 0x000000008bb00000, 0x000000008bb00000|100%| E|CS|TAMS 0x000000008ba00000, 0x000000008ba00000| Complete 
| 187|0x000000008bb00000, 0x000000008bc00000, 0x000000008bc00000|100%| E|CS|TAMS 0x000000008bb00000, 0x000000008bb00000| Complete 
| 188|0x000000008bc00000, 0x000000008bd00000, 0x000000008bd00000|100%| E|CS|TAMS 0x000000008bc00000, 0x000000008bc00000| Complete 
| 189|0x000000008bd00000, 0x000000008be00000, 0x000000008be00000|100%| E|CS|TAMS 0x000000008bd00000, 0x000000008bd00000| Complete 
| 190|0x000000008be00000, 0x000000008bf00000, 0x000000008bf00000|100%| E|CS|TAMS 0x000000008be00000, 0x000000008be00000| Complete 
| 191|0x000000008bf00000, 0x000000008c000000, 0x000000008c000000|100%| E|CS|TAMS 0x000000008bf00000, 0x000000008bf00000| Complete 
| 192|0x000000008c000000, 0x000000008c100000, 0x000000008c100000|100%| E|CS|TAMS 0x000000008c000000, 0x000000008c000000| Complete 
| 193|0x000000008c100000, 0x000000008c200000, 0x000000008c200000|100%| E|CS|TAMS 0x000000008c100000, 0x000000008c100000| Complete 
| 194|0x000000008c200000, 0x000000008c300000, 0x000000008c300000|100%| E|CS|TAMS 0x000000008c200000, 0x000000008c200000| Complete 
| 195|0x000000008c300000, 0x000000008c400000, 0x000000008c400000|100%| E|CS|TAMS 0x000000008c300000, 0x000000008c300000| Complete 
| 196|0x000000008c400000, 0x000000008c500000, 0x000000008c500000|100%| E|CS|TAMS 0x000000008c400000, 0x000000008c400000| Complete 
| 197|0x000000008c500000, 0x000000008c600000, 0x000000008c600000|100%| E|CS|TAMS 0x000000008c500000, 0x000000008c500000| Complete 
| 198|0x000000008c600000, 0x000000008c700000, 0x000000008c700000|100%| E|CS|TAMS 0x000000008c600000, 0x000000008c600000| Complete 
| 199|0x000000008c700000, 0x000000008c800000, 0x000000008c800000|100%| E|CS|TAMS 0x000000008c700000, 0x000000008c700000| Complete 
| 200|0x000000008c800000, 0x000000008c900000, 0x000000008c900000|100%| E|CS|TAMS 0x000000008c800000, 0x000000008c800000| Complete 
| 201|0x000000008c900000, 0x000000008ca00000, 0x000000008ca00000|100%| E|CS|TAMS 0x000000008c900000, 0x000000008c900000| Complete 
| 202|0x000000008ca00000, 0x000000008cb00000, 0x000000008cb00000|100%| E|CS|TAMS 0x000000008ca00000, 0x000000008ca00000| Complete 
| 203|0x000000008cb00000, 0x000000008cc00000, 0x000000008cc00000|100%| E|CS|TAMS 0x000000008cb00000, 0x000000008cb00000| Complete 
| 204|0x000000008cc00000, 0x000000008cd00000, 0x000000008cd00000|100%| E|CS|TAMS 0x000000008cc00000, 0x000000008cc00000| Complete 
| 205|0x000000008cd00000, 0x000000008ce00000, 0x000000008ce00000|100%| E|CS|TAMS 0x000000008cd00000, 0x000000008cd00000| Complete 
| 206|0x000000008ce00000, 0x000000008cf00000, 0x000000008cf00000|100%| E|CS|TAMS 0x000000008ce00000, 0x000000008ce00000| Complete 
| 207|0x000000008cf00000, 0x000000008d000000, 0x000000008d000000|100%| E|CS|TAMS 0x000000008cf00000, 0x000000008cf00000| Complete 
| 208|0x000000008d000000, 0x000000008d100000, 0x000000008d100000|100%| E|CS|TAMS 0x000000008d000000, 0x000000008d000000| Complete 

Card table byte_map: [0x0000028224e00000,0x0000028225200000] _byte_map_base: 0x0000028224a00000

Marking Bits (Prev, Next): (CMBitMap*) 0x0000028210339520, (CMBitMap*) 0x00000282103394e0
 Prev Bits: [0x0000028227600000, 0x0000028229600000)
 Next Bits: [0x0000028225600000, 0x0000028227600000)

Polling page: 0x00000282103b0000

Metaspace:

Usage:
  Non-class:     92.06 MB used.
      Class:     14.69 MB used.
       Both:    106.75 MB used.

Virtual space:
  Non-class space:       96.00 MB reserved,      92.50 MB ( 96%) committed,  12 nodes.
      Class space:        1.00 GB reserved,      15.00 MB (  1%) committed,  1 nodes.
             Both:        1.09 GB reserved,     107.50 MB ( 10%) committed. 

Chunk freelists:
   Non-Class:  3.11 MB
       Class:  912.00 KB
        Both:  4.00 MB

MaxMetaspaceSize: unlimited
CompressedClassSpaceSize: 1.00 GB
Initial GC threshold: 21.00 MB
Current GC threshold: 175.56 MB
CDS: off
MetaspaceReclaimPolicy: balanced
 - commit_granule_bytes: 65536.
 - commit_granule_words: 8192.
 - virtual_space_node_default_size: 1048576.
 - enlarge_chunks_in_place: 1.
 - new_chunks_are_fully_committed: 0.
 - uncommit_free_chunks: 1.
 - use_allocation_guard: 0.
 - handle_deallocations: 1.


Internal statistics:

num_allocs_failed_limit: 6.
num_arena_births: 988.
num_arena_deaths: 16.
num_vsnodes_births: 13.
num_vsnodes_deaths: 0.
num_space_committed: 1723.
num_space_uncommitted: 3.
num_chunks_returned_to_freelist: 41.
num_chunks_taken_from_freelist: 5075.
num_chunk_merges: 16.
num_chunk_splits: 3391.
num_chunks_enlarged: 2335.
num_purges: 4.
num_inconsistent_stats: 0.

CodeHeap 'non-profiled nmethods': size=120000Kb used=8013Kb max_used=8309Kb free=111986Kb
 bounds [0x000002821ca50000, 0x000002821d290000, 0x0000028223f80000]
CodeHeap 'profiled nmethods': size=120000Kb used=23199Kb max_used=24373Kb free=96800Kb
 bounds [0x0000028214f80000, 0x0000028216750000, 0x000002821c4b0000]
CodeHeap 'non-nmethods': size=5760Kb used=2412Kb max_used=2502Kb free=3347Kb
 bounds [0x000002821c4b0000, 0x000002821c740000, 0x000002821ca50000]
 total_blobs=13138 nmethods=12187 adapters=863
 compilation: enabled
              stopped_count=0, restarted_count=0
 full_count=0

Compilation events (20 events):
Event: 24.274 Thread 0x000002822cc2f400 14475       3       com.android.tools.r8.internal.w10$$Lambda$1721/0x0000000100e45430::test (5 bytes)
Event: 24.275 Thread 0x000002822cc2f400 nmethod 14475 0x0000028215fb4890 code [0x0000028215fb4a20, 0x0000028215fb4b98]
Event: 24.275 Thread 0x000002822cc2f400 14476       1       com.android.tools.r8.graph.R0::u0 (5 bytes)
Event: 24.275 Thread 0x000002822cc2f400 nmethod 14476 0x000002821cd5c290 code [0x000002821cd5c420, 0x000002821cd5c4f8]
Event: 24.275 Thread 0x000002822cc2f400 14477       1       com.android.tools.r8.graph.R0::v0 (5 bytes)
Event: 24.275 Thread 0x000002822cc2f400 nmethod 14477 0x000002821cd5bf90 code [0x000002821cd5c120, 0x000002821cd5c1f8]
Event: 24.286 Thread 0x000002822cc2f400 14479       1       com.android.tools.r8.internal.Eh::G0 (5 bytes)
Event: 24.286 Thread 0x000002822cc2f400 nmethod 14479 0x000002821cd5b890 code [0x000002821cd5ba20, 0x000002821cd5baf8]
Event: 24.314 Thread 0x000002822cc2f400 14480       3       javax.management.ObjectName::<init> (15 bytes)
Event: 24.315 Thread 0x000002822cc2f400 nmethod 14480 0x0000028216260290 code [0x0000028216260440, 0x00000282162605e8]
Event: 24.401 Thread 0x000002822cc2f400 14481       3       com.android.tools.r8.internal.jd::h (8 bytes)
Event: 24.401 Thread 0x000002822cc2f400 nmethod 14481 0x0000028215f7dc10 code [0x0000028215f7ddc0, 0x0000028215f7df88]
Event: 24.402 Thread 0x000002822cc2f400 14482       3       java.util.Map::computeIfAbsent (45 bytes)
Event: 24.402 Thread 0x000002822cc2f400 nmethod 14482 0x0000028215496e10 code [0x0000028215497000, 0x0000028215497558]
Event: 24.403 Thread 0x000002822cc2f400 14483       3       com.android.tools.r8.dex.i::a (77 bytes)
Event: 24.404 Thread 0x000002822cc2f400 nmethod 14483 0x00000282153c9910 code [0x00000282153c9b20, 0x00000282153ca098]
Event: 24.404 Thread 0x000002822cc2f400 14484       3       com.android.tools.r8.internal.Ju::a (175 bytes)
Event: 24.405 Thread 0x000002822cc2f400 nmethod 14484 0x0000028215726b10 code [0x0000028215726d20, 0x0000028215727638]
Event: 24.405 Thread 0x000002822cc2f400 14485       3       com.android.tools.r8.dex.code.u1::c (45 bytes)
Event: 24.405 Thread 0x000002822cc2f400 nmethod 14485 0x0000028216293c10 code [0x0000028216293dc0, 0x0000028216293f88]

GC Heap History (20 events):
Event: 13.707 GC heap before
{Heap before GC invocations=38 (full 0):
 garbage-first heap   total 168960K, used 135874K [0x0000000080000000, 0x0000000100000000)
  region size 1024K, 61 young (62464K), 8 survivors (8192K)
 Metaspace       used 84216K, committed 84864K, reserved 1122304K
  class space    used 11520K, committed 11840K, reserved 1048576K
}
Event: 13.716 GC heap after
{Heap after GC invocations=39 (full 0):
 garbage-first heap   total 168960K, used 86211K [0x0000000080000000, 0x0000000100000000)
  region size 1024K, 8 young (8192K), 8 survivors (8192K)
 Metaspace       used 84216K, committed 84864K, reserved 1122304K
  class space    used 11520K, committed 11840K, reserved 1048576K
}
Event: 14.276 GC heap before
{Heap before GC invocations=39 (full 0):
 garbage-first heap   total 168960K, used 137411K [0x0000000080000000, 0x0000000100000000)
  region size 1024K, 59 young (60416K), 8 survivors (8192K)
 Metaspace       used 85623K, committed 86336K, reserved 1130496K
  class space    used 11663K, committed 11968K, reserved 1048576K
}
Event: 14.287 GC heap after
{Heap after GC invocations=40 (full 0):
 garbage-first heap   total 202752K, used 90800K [0x0000000080000000, 0x0000000100000000)
  region size 1024K, 8 young (8192K), 8 survivors (8192K)
 Metaspace       used 85623K, committed 86336K, reserved 1130496K
  class space    used 11663K, committed 11968K, reserved 1048576K
}
Event: 17.758 GC heap before
{Heap before GC invocations=41 (full 0):
 garbage-first heap   total 202752K, used 165552K [0x0000000080000000, 0x0000000100000000)
  region size 1024K, 80 young (81920K), 8 survivors (8192K)
 Metaspace       used 93037K, committed 93632K, reserved 1130496K
  class space    used 12587K, committed 12864K, reserved 1048576K
}
Event: 17.771 GC heap after
{Heap after GC invocations=42 (full 0):
 garbage-first heap   total 202752K, used 105196K [0x0000000080000000, 0x0000000100000000)
  region size 1024K, 10 young (10240K), 10 survivors (10240K)
 Metaspace       used 93037K, committed 93632K, reserved 1130496K
  class space    used 12587K, committed 12864K, reserved 1048576K
}
Event: 17.794 GC heap before
{Heap before GC invocations=42 (full 0):
 garbage-first heap   total 202752K, used 106220K [0x0000000080000000, 0x0000000100000000)
  region size 1024K, 11 young (11264K), 10 survivors (10240K)
 Metaspace       used 93050K, committed 93696K, reserved 1130496K
  class space    used 12587K, committed 12864K, reserved 1048576K
}
Event: 17.801 GC heap after
{Heap after GC invocations=43 (full 0):
 garbage-first heap   total 202752K, used 107163K [0x0000000080000000, 0x0000000100000000)
  region size 1024K, 2 young (2048K), 2 survivors (2048K)
 Metaspace       used 93050K, committed 93696K, reserved 1130496K
  class space    used 12587K, committed 12864K, reserved 1048576K
}
Event: 19.293 GC heap before
{Heap before GC invocations=43 (full 0):
 garbage-first heap   total 202752K, used 162459K [0x0000000080000000, 0x0000000100000000)
  region size 1024K, 56 young (57344K), 2 survivors (2048K)
 Metaspace       used 95350K, committed 96064K, reserved 1138688K
  class space    used 12827K, committed 13120K, reserved 1048576K
}
Event: 19.306 GC heap after
{Heap after GC invocations=44 (full 0):
 garbage-first heap   total 202752K, used 113102K [0x0000000080000000, 0x0000000100000000)
  region size 1024K, 7 young (7168K), 7 survivors (7168K)
 Metaspace       used 95350K, committed 96064K, reserved 1138688K
  class space    used 12827K, committed 13120K, reserved 1048576K
}
Event: 20.237 GC heap before
{Heap before GC invocations=45 (full 0):
 garbage-first heap   total 203776K, used 163278K [0x0000000080000000, 0x0000000100000000)
  region size 1024K, 56 young (57344K), 7 survivors (7168K)
 Metaspace       used 96004K, committed 96704K, reserved 1138688K
  class space    used 12839K, committed 13120K, reserved 1048576K
}
Event: 20.246 GC heap after
{Heap after GC invocations=46 (full 0):
 garbage-first heap   total 203776K, used 115090K [0x0000000080000000, 0x0000000100000000)
  region size 1024K, 3 young (3072K), 3 survivors (3072K)
 Metaspace       used 96004K, committed 96704K, reserved 1138688K
  class space    used 12839K, committed 13120K, reserved 1048576K
}
Event: 20.484 GC heap before
{Heap before GC invocations=46 (full 0):
 garbage-first heap   total 203776K, used 120210K [0x0000000080000000, 0x0000000100000000)
  region size 1024K, 9 young (9216K), 3 survivors (3072K)
 Metaspace       used 96195K, committed 96896K, reserved 1138688K
  class space    used 12862K, committed 13184K, reserved 1048576K
}
Event: 20.488 GC heap after
{Heap after GC invocations=47 (full 0):
 garbage-first heap   total 203776K, used 115155K [0x0000000080000000, 0x0000000100000000)
  region size 1024K, 1 young (1024K), 1 survivors (1024K)
 Metaspace       used 96195K, committed 96896K, reserved 1138688K
  class space    used 12862K, committed 13184K, reserved 1048576K
}
Event: 21.254 GC heap before
{Heap before GC invocations=47 (full 0):
 garbage-first heap   total 203776K, used 165331K [0x0000000080000000, 0x0000000100000000)
  region size 1024K, 51 young (52224K), 1 survivors (1024K)
 Metaspace       used 96590K, committed 97280K, reserved 1138688K
  class space    used 12917K, committed 13248K, reserved 1048576K
}
Event: 21.260 GC heap after
{Heap after GC invocations=48 (full 0):
 garbage-first heap   total 203776K, used 118279K [0x0000000080000000, 0x0000000100000000)
  region size 1024K, 4 young (4096K), 4 survivors (4096K)
 Metaspace       used 96590K, committed 97280K, reserved 1138688K
  class space    used 12917K, committed 13248K, reserved 1048576K
}
Event: 21.821 GC heap before
{Heap before GC invocations=48 (full 0):
 garbage-first heap   total 203776K, used 167431K [0x0000000080000000, 0x0000000100000000)
  region size 1024K, 53 young (54272K), 4 survivors (4096K)
 Metaspace       used 96951K, committed 97728K, reserved 1138688K
  class space    used 12964K, committed 13312K, reserved 1048576K
}
Event: 21.829 GC heap after
{Heap after GC invocations=49 (full 0):
 garbage-first heap   total 203776K, used 121236K [0x0000000080000000, 0x0000000100000000)
  region size 1024K, 7 young (7168K), 7 survivors (7168K)
 Metaspace       used 96951K, committed 97728K, reserved 1138688K
  class space    used 12964K, committed 13312K, reserved 1048576K
}
Event: 23.617 GC heap before
{Heap before GC invocations=49 (full 0):
 garbage-first heap   total 203776K, used 168340K [0x0000000080000000, 0x0000000100000000)
  region size 1024K, 54 young (55296K), 7 survivors (7168K)
 Metaspace       used 106324K, committed 107008K, reserved 1146880K
  class space    used 14408K, committed 14720K, reserved 1048576K
}
Event: 23.624 GC heap after
{Heap after GC invocations=50 (full 0):
 garbage-first heap   total 203776K, used 122862K [0x0000000080000000, 0x0000000100000000)
  region size 1024K, 5 young (5120K), 5 survivors (5120K)
 Metaspace       used 106324K, committed 107008K, reserved 1146880K
  class space    used 14408K, committed 14720K, reserved 1048576K
}

Dll operation events (2 events):
Event: 0.007 Loaded shared library C:\Program Files\Android\Android Studio\jbr\bin\java.dll
Event: 0.381 Loaded shared library C:\Program Files\Android\Android Studio\jbr\bin\verify.dll

Deoptimization events (20 events):
Event: 24.067 Thread 0x0000028232a4bee0 DEOPT PACKING pc=0x000002821d0a12f4 sp=0x000000e4a02fdb50
Event: 24.067 Thread 0x0000028232a4bee0 DEOPT UNPACKING pc=0x000002821c5069a3 sp=0x000000e4a02fdba0 mode 2
Event: 24.171 Thread 0x0000028233cba630 Uncommon trap: trap_request=0xffffffc6 fr.pc=0x000002821d22410c relative=0x0000000000000dcc
Event: 24.171 Thread 0x0000028233cba630 Uncommon trap: reason=bimorphic_or_optimized_type_check action=maybe_recompile pc=0x000002821d22410c method=org.gradle.internal.snapshot.LargeChildMap.withNode(Lorg/gradle/internal/snapshot/VfsRelativePath;Lorg/gradle/internal/snapshot/CaseSensitivity;Lor
Event: 24.172 Thread 0x0000028233cba630 DEOPT PACKING pc=0x000002821d22410c sp=0x000000e49ebfbf60
Event: 24.172 Thread 0x0000028233cba630 DEOPT UNPACKING pc=0x000002821c5069a3 sp=0x000000e49ebfbf40 mode 2
Event: 24.172 Thread 0x0000028233cba630 Uncommon trap: trap_request=0xffffffc6 fr.pc=0x000002821d22410c relative=0x0000000000000dcc
Event: 24.172 Thread 0x0000028233cba630 Uncommon trap: reason=bimorphic_or_optimized_type_check action=maybe_recompile pc=0x000002821d22410c method=org.gradle.internal.snapshot.LargeChildMap.withNode(Lorg/gradle/internal/snapshot/VfsRelativePath;Lorg/gradle/internal/snapshot/CaseSensitivity;Lor
Event: 24.172 Thread 0x0000028233cba630 DEOPT PACKING pc=0x000002821d22410c sp=0x000000e49ebfbe60
Event: 24.172 Thread 0x0000028233cba630 DEOPT UNPACKING pc=0x000002821c5069a3 sp=0x000000e49ebfbe40 mode 2
Event: 24.195 Thread 0x00000282318023a0 DEOPT PACKING pc=0x00000282166f7d55 sp=0x000000e4a03fc840
Event: 24.195 Thread 0x00000282318023a0 DEOPT UNPACKING pc=0x000002821c507143 sp=0x000000e4a03fbec8 mode 0
Event: 24.242 Thread 0x00000282318023a0 Uncommon trap: trap_request=0xffffff45 fr.pc=0x000002821cab8468 relative=0x00000000000000e8
Event: 24.242 Thread 0x00000282318023a0 Uncommon trap: reason=unstable_if action=reinterpret pc=0x000002821cab8468 method=jdk.internal.misc.Unsafe.convEndian(ZS)S @ 4 c2
Event: 24.242 Thread 0x00000282318023a0 DEOPT PACKING pc=0x000002821cab8468 sp=0x000000e4a03fd200
Event: 24.243 Thread 0x00000282318023a0 DEOPT UNPACKING pc=0x000002821c5069a3 sp=0x000000e4a03fcf98 mode 2
Event: 24.243 Thread 0x00000282318023a0 Uncommon trap: trap_request=0xffffff45 fr.pc=0x000002821cbd6478 relative=0x0000000000000078
Event: 24.243 Thread 0x00000282318023a0 Uncommon trap: reason=unstable_if action=reinterpret pc=0x000002821cbd6478 method=jdk.internal.misc.Unsafe.convEndian(ZS)S @ 4 c2
Event: 24.243 Thread 0x00000282318023a0 DEOPT PACKING pc=0x000002821cbd6478 sp=0x000000e4a03fd0e0
Event: 24.243 Thread 0x00000282318023a0 DEOPT UNPACKING pc=0x000002821c5069a3 sp=0x000000e4a03fcfe8 mode 2

Classes unloaded (20 events):
Event: 23.798 Thread 0x000002822c0ef650 Unloading class 0x0000000100cca460 'com/bumptech/glide/annotation/compiler/RequestBuilderGenerator'
Event: 23.798 Thread 0x000002822c0ef650 Unloading class 0x0000000100cca230 'com/bumptech/glide/annotation/compiler/GlideGenerator'
Event: 23.798 Thread 0x000002822c0ef650 Unloading class 0x0000000100cca000 'com/bumptech/glide/annotation/compiler/RequestManagerFactoryGenerator'
Event: 23.798 Thread 0x000002822c0ef650 Unloading class 0x0000000100cc9d88 'com/bumptech/glide/annotation/compiler/RequestManagerGenerator'
Event: 23.798 Thread 0x000002822c0ef650 Unloading class 0x0000000100cc9b58 'com/bumptech/glide/annotation/compiler/RequestOptionsOverrideGenerator'
Event: 23.798 Thread 0x000002822c0ef650 Unloading class 0x0000000100cc9928 'com/bumptech/glide/annotation/compiler/RequestOptionsGenerator'
Event: 23.798 Thread 0x000002822c0ef650 Unloading class 0x0000000100cc96f8 'com/bumptech/glide/annotation/compiler/AppModuleGenerator'
Event: 23.798 Thread 0x000002822c0ef650 Unloading class 0x0000000100cc94c8 'com/bumptech/glide/annotation/compiler/AppModuleProcessor'
Event: 23.798 Thread 0x000002822c0ef650 Unloading class 0x0000000100cc9298 'com/bumptech/glide/annotation/compiler/LibraryModuleProcessor'
Event: 23.798 Thread 0x000002822c0ef650 Unloading class 0x0000000100cc9068 'com/bumptech/glide/annotation/compiler/IndexerGenerator'
Event: 23.798 Thread 0x000002822c0ef650 Unloading class 0x0000000100cc8e40 'com/bumptech/glide/repackaged/com/squareup/javapoet/Util'
Event: 23.798 Thread 0x000002822c0ef650 Unloading class 0x0000000100cc8bd8 'com/bumptech/glide/repackaged/com/squareup/javapoet/TypeVariableName'
Event: 23.798 Thread 0x000002822c0ef650 Unloading class 0x0000000100cc8970 'com/bumptech/glide/repackaged/com/squareup/javapoet/ParameterizedTypeName'
Event: 23.799 Thread 0x000002822c0ef650 Unloading class 0x0000000100cc8708 'com/bumptech/glide/repackaged/com/squareup/javapoet/ArrayTypeName'
Event: 23.799 Thread 0x000002822c0ef650 Unloading class 0x0000000100cc8488 'com/bumptech/glide/repackaged/com/squareup/javapoet/ClassName'
Event: 23.799 Thread 0x000002822c0ef650 Unloading class 0x0000000100cc8220 'com/bumptech/glide/repackaged/com/squareup/javapoet/TypeName'
Event: 23.799 Thread 0x000002822c0ef650 Unloading class 0x0000000100cc8000 'com/bumptech/glide/repackaged/com/google/common/base/Function'
Event: 23.799 Thread 0x000002822c0ef650 Unloading class 0x0000000100c0e4d8 'com/bumptech/glide/repackaged/com/google/common/base/Predicate'
Event: 23.799 Thread 0x000002822c0ef650 Unloading class 0x0000000100c0e2a8 'com/bumptech/glide/annotation/compiler/ProcessorUtil'
Event: 23.799 Thread 0x000002822c0ef650 Unloading class 0x0000000100c0e000 'com/bumptech/glide/annotation/compiler/GlideAnnotationProcessor'

Classes redefined (0 events):
No events

Internal exceptions (20 events):
Event: 22.623 Thread 0x00000282386a5a10 Exception <a 'java/lang/IncompatibleClassChangeError'{0x000000008ae17c30}: Found class java.lang.Object, but interface was expected> (0x000000008ae17c30) 
thrown [s\src\hotspot\share\interpreter\linkResolver.cpp, line 838]
Event: 22.747 Thread 0x00000282386a5a10 Exception <a 'java/lang/NoSuchMethodError'{0x000000008ac14f78}: 'java.lang.Object java.lang.invoke.DirectMethodHandle$Holder.newInvokeSpecial(java.lang.Object, long)'> (0x000000008ac14f78) 
thrown [s\src\hotspot\share\interpreter\linkResolver.cpp, line 771]
Event: 22.933 Thread 0x00000282386a5a10 Exception <a 'java/lang/NoSuchMethodError'{0x000000008a9abd38}: 'void java.lang.invoke.DirectMethodHandle$Holder.invokeStatic(java.lang.Object, java.lang.Object, java.lang.Object, int)'> (0x000000008a9abd38) 
thrown [s\src\hotspot\share\interpreter\linkResolver.cpp, line 771]
Event: 22.935 Thread 0x00000282386a5a10 Exception <a 'java/lang/IncompatibleClassChangeError'{0x000000008a9b4210}: Found class java.lang.Object, but interface was expected> (0x000000008a9b4210) 
thrown [s\src\hotspot\share\interpreter\linkResolver.cpp, line 838]
Event: 23.119 Thread 0x00000282386a5a10 Exception <a 'java/lang/NoSuchMethodError'{0x000000008a4d94f0}: 'java.lang.Object java.lang.invoke.DirectMethodHandle$Holder.invokeStatic(java.lang.Object, int, java.lang.Object, java.lang.Object)'> (0x000000008a4d94f0) 
thrown [s\src\hotspot\share\interpreter\linkResolver.cpp, line 771]
Event: 23.121 Thread 0x00000282386a5a10 Exception <a 'java/lang/NoSuchMethodError'{0x000000008a4ea698}: 'java.lang.Object java.lang.invoke.DirectMethodHandle$Holder.invokeStatic(java.lang.Object, java.lang.Object, int, java.lang.Object, java.lang.Object)'> (0x000000008a4ea698) 
thrown [s\src\hotspot\share\interpreter\linkResolver.cpp, line 771]
Event: 23.326 Thread 0x00000282386a5a10 Exception <a 'java/lang/IncompatibleClassChangeError'{0x0000000089e33210}: Found class java.lang.Object, but interface was expected> (0x0000000089e33210) 
thrown [s\src\hotspot\share\interpreter\linkResolver.cpp, line 838]
Event: 23.327 Thread 0x00000282386a5a10 Exception <a 'java/lang/IncompatibleClassChangeError'{0x0000000089e3c8d0}: Found class java.lang.Object, but interface was expected> (0x0000000089e3c8d0) 
thrown [s\src\hotspot\share\interpreter\linkResolver.cpp, line 838]
Event: 23.460 Thread 0x00000282386a5a10 Exception <a 'java/lang/NoSuchMethodError'{0x0000000089b0f3a0}: 'void java.lang.invoke.DirectMethodHandle$Holder.invokeSpecial(java.lang.Object, java.lang.Object, int, java.lang.Object)'> (0x0000000089b0f3a0) 
thrown [s\src\hotspot\share\interpreter\linkResolver.cpp, line 771]
Event: 23.562 Thread 0x00000282386a5a10 Exception <a 'java/lang/NoSuchMethodError'{0x0000000089970b18}: 'int java.lang.invoke.DirectMethodHandle$Holder.invokeSpecial(java.lang.Object, java.lang.Object, java.lang.Object, int)'> (0x0000000089970b18) 
thrown [s\src\hotspot\share\interpreter\linkResolver.cpp, line 771]
Event: 23.571 Thread 0x00000282386a5a10 Exception <a 'java/lang/NoSuchMethodError'{0x00000000899b1f20}: 'int java.lang.invoke.DirectMethodHandle$Holder.invokeSpecial(java.lang.Object, java.lang.Object, java.lang.Object, int, java.lang.Object)'> (0x00000000899b1f20) 
thrown [s\src\hotspot\share\interpreter\linkResolver.cpp, line 771]
Event: 23.666 Thread 0x00000282386a5a10 Exception <a 'java/lang/NoSuchMethodError'{0x000000008c6f7e18}: 'java.lang.Object java.lang.invoke.DirectMethodHandle$Holder.newInvokeSpecial(java.lang.Object, java.lang.Object, int, java.lang.Object, java.lang.Object, java.lang.Object)'> (0x000000008c6f7e18) 
thrown [s\src\hotspot\share\interpreter\linkResolver.cpp, line 771]
Event: 23.668 Thread 0x00000282386a5a10 Exception <a 'java/lang/NoSuchMethodError'{0x000000008c6ff890}: 'java.lang.Object java.lang.invoke.Invokers$Holder.linkToTargetMethod(java.lang.Object, int, java.lang.Object, java.lang.Object, java.lang.Object, java.lang.Object)'> (0x000000008c6ff890) 
thrown [s\src\hotspot\share\interpreter\linkResolver.cpp, line 771]
Event: 23.674 Thread 0x00000282386a5a10 Exception <a 'java/lang/NoSuchMethodError'{0x000000008c51da90}: 'void java.lang.invoke.DirectMethodHandle$Holder.invokeStatic(java.lang.Object, java.lang.Object, java.lang.Object, java.lang.Object, java.lang.Object, java.lang.Object, java.lang.Object, java.lang.Object)'> (0x000000008c51da90) 
thrown [s\src\hotspot\share\interpreter\linkResolver.cpp, line 771]
Event: 23.831 Thread 0x00000282386a5a10 Exception <a 'java/lang/IncompatibleClassChangeError'{0x000000008c24a600}: Found class java.lang.Object, but interface was expected> (0x000000008c24a600) 
thrown [s\src\hotspot\share\interpreter\linkResolver.cpp, line 838]
Event: 23.847 Thread 0x00000282386a5a10 Exception <a 'java/lang/NoSuchMethodError'{0x000000008c2e3e30}: 'void java.lang.invoke.DirectMethodHandle$Holder.invokeSpecial(java.lang.Object, java.lang.Object, int)'> (0x000000008c2e3e30) 
thrown [s\src\hotspot\share\interpreter\linkResolver.cpp, line 771]
Event: 23.900 Thread 0x00000282386a5a10 Exception <a 'sun/nio/fs/WindowsException'{0x000000008d05b148}> (0x000000008d05b148) 
thrown [s\src\hotspot\share\prims\jni.cpp, line 517]
Event: 24.006 Thread 0x00000282315eed70 Exception <a 'java/lang/NoSuchMethodError'{0x000000008cd0dbc8}: static Lkotlin/InitializedLazyImpl;.<clinit>()V> (0x000000008cd0dbc8) 
thrown [s\src\hotspot\share\prims\jni.cpp, line 1108]
Event: 24.165 Thread 0x00000282318023a0 Exception <a 'sun/nio/fs/WindowsException'{0x000000008b45ae78}> (0x000000008b45ae78) 
thrown [s\src\hotspot\share\prims\jni.cpp, line 517]
Event: 24.276 Thread 0x00000282318023a0 Exception <a 'java/lang/NoSuchMethodError'{0x000000008b154d98}: 'long java.lang.invoke.DirectMethodHandle$Holder.invokeStatic(java.lang.Object, java.lang.Object, java.lang.Object)'> (0x000000008b154d98) 
thrown [s\src\hotspot\share\interpreter\linkResolver.cpp, line 771]

VM Operations (20 events):
Event: 22.207 Executing VM operation: HandshakeAllThreads
Event: 22.207 Executing VM operation: HandshakeAllThreads done
Event: 22.569 Executing VM operation: HandshakeAllThreads
Event: 22.569 Executing VM operation: HandshakeAllThreads done
Event: 23.250 Executing VM operation: HandshakeAllThreads
Event: 23.250 Executing VM operation: HandshakeAllThreads done
Event: 23.250 Executing VM operation: Cleanup
Event: 23.250 Executing VM operation: Cleanup done
Event: 23.263 Executing VM operation: HandshakeAllThreads
Event: 23.263 Executing VM operation: HandshakeAllThreads done
Event: 23.531 Executing VM operation: HandshakeAllThreads
Event: 23.531 Executing VM operation: HandshakeAllThreads done
Event: 23.535 Executing VM operation: HandshakeAllThreads
Event: 23.535 Executing VM operation: HandshakeAllThreads done
Event: 23.617 Executing VM operation: G1CollectForAllocation
Event: 23.624 Executing VM operation: G1CollectForAllocation done
Event: 23.797 Executing VM operation: G1Concurrent
Event: 23.817 Executing VM operation: G1Concurrent done
Event: 23.895 Executing VM operation: G1Concurrent
Event: 23.900 Executing VM operation: G1Concurrent done

Events (20 events):
Event: 23.535 loading class java/util/stream/SliceOps$1$1
Event: 23.536 loading class java/util/stream/SliceOps$1$1 done
Event: 23.602 loading class java/util/IdentityHashMap$ValueIterator
Event: 23.602 loading class java/util/IdentityHashMap$ValueIterator done
Event: 23.821 loading class java/nio/ShortBuffer
Event: 23.821 loading class java/nio/ShortBuffer done
Event: 23.849 loading class java/nio/ByteBufferAsShortBufferL
Event: 23.849 loading class java/nio/ByteBufferAsShortBufferL done
Event: 23.890 Thread 0x00000282387d8c30 Thread exited: 0x00000282387d8c30
Event: 23.893 loading class java/util/zip/Adler32
Event: 23.894 loading class java/util/zip/Adler32 done
Event: 23.919 Thread 0x00000282314999e0 Thread added: 0x00000282314999e0
Event: 24.014 Thread 0x0000028231801060 Thread exited: 0x0000028231801060
Event: 24.065 loading class java/io/PushbackInputStream
Event: 24.065 loading class java/io/PushbackInputStream done
Event: 24.121 Thread 0x0000028233cb92f0 Thread added: 0x0000028233cb92f0
Event: 24.233 loading class java/nio/BufferUnderflowException
Event: 24.233 loading class java/nio/BufferUnderflowException done
Event: 24.391 loading class java/nio/HeapShortBuffer
Event: 24.399 loading class java/nio/HeapShortBuffer done


Dynamic libraries:
0x00007ff7ccbc0000 - 0x00007ff7ccbca000 	C:\Program Files\Android\Android Studio\jbr\bin\java.exe
0x00007ffdfae70000 - 0x00007ffdfb068000 	C:\WINDOWS\SYSTEM32\ntdll.dll
0x00007ffdf94c0000 - 0x00007ffdf957f000 	C:\WINDOWS\System32\KERNEL32.DLL
0x00007ffdf8850000 - 0x00007ffdf8b2a000 	C:\WINDOWS\System32\KERNELBASE.dll
0x00007ffdf8ba0000 - 0x00007ffdf8ca0000 	C:\WINDOWS\System32\ucrtbase.dll
0x00007ffdcfdd0000 - 0x00007ffdcfdeb000 	C:\Program Files\Android\Android Studio\jbr\bin\VCRUNTIME140.dll
0x00007ffdcfe60000 - 0x00007ffdcfe77000 	C:\Program Files\Android\Android Studio\jbr\bin\jli.dll
0x00007ffdfa3b0000 - 0x00007ffdfa54d000 	C:\WINDOWS\System32\USER32.dll
0x00007ffdf86e0000 - 0x00007ffdf8702000 	C:\WINDOWS\System32\win32u.dll
0x00007ffddf910000 - 0x00007ffddfbaa000 	C:\WINDOWS\WinSxS\amd64_microsoft.windows.common-controls_6595b64144ccf1df_6.0.19041.1110_none_60b5254171f9507e\COMCTL32.dll
0x00007ffdf9cd0000 - 0x00007ffdf9cfb000 	C:\WINDOWS\System32\GDI32.dll
0x00007ffdfa730000 - 0x00007ffdfa7ce000 	C:\WINDOWS\System32\msvcrt.dll
0x00007ffdf8cf0000 - 0x00007ffdf8e00000 	C:\WINDOWS\System32\gdi32full.dll
0x00007ffdf8e00000 - 0x00007ffdf8e9d000 	C:\WINDOWS\System32\msvcp_win.dll
0x00007ffdfab30000 - 0x00007ffdfab60000 	C:\WINDOWS\System32\IMM32.DLL
0x00007ffddf210000 - 0x00007ffddf21c000 	C:\Program Files\Android\Android Studio\jbr\bin\vcruntime140_1.dll
0x00007ffdc4df0000 - 0x00007ffdc4e7d000 	C:\Program Files\Android\Android Studio\jbr\bin\msvcp140.dll
0x00007ffdc3760000 - 0x00007ffdc43cd000 	C:\Program Files\Android\Android Studio\jbr\bin\server\jvm.dll
0x00007ffdf8ed0000 - 0x00007ffdf8f7e000 	C:\WINDOWS\System32\ADVAPI32.dll
0x00007ffdfacf0000 - 0x00007ffdfad8c000 	C:\WINDOWS\System32\sechost.dll
0x00007ffdfa550000 - 0x00007ffdfa676000 	C:\WINDOWS\System32\RPCRT4.dll
0x00007ffddb400000 - 0x00007ffddb409000 	C:\WINDOWS\SYSTEM32\WSOCK32.dll
0x00007ffddb4b0000 - 0x00007ffddb4d7000 	C:\WINDOWS\SYSTEM32\WINMM.dll
0x00007ffdec6e0000 - 0x00007ffdec6ea000 	C:\WINDOWS\SYSTEM32\VERSION.dll
0x00007ffdf9170000 - 0x00007ffdf91db000 	C:\WINDOWS\System32\WS2_32.dll
0x00007ffdf6de0000 - 0x00007ffdf6df2000 	C:\WINDOWS\SYSTEM32\kernel.appcore.dll
0x00007ffde3140000 - 0x00007ffde314a000 	C:\Program Files\Android\Android Studio\jbr\bin\jimage.dll
0x00007ffdf32b0000 - 0x00007ffdf3494000 	C:\WINDOWS\SYSTEM32\DBGHELP.DLL
0x00007ffdd7f50000 - 0x00007ffdd7f84000 	C:\WINDOWS\SYSTEM32\dbgcore.DLL
0x00007ffdf8710000 - 0x00007ffdf8792000 	C:\WINDOWS\System32\bcryptPrimitives.dll
0x00007ffddf0c0000 - 0x00007ffddf0e5000 	C:\Program Files\Android\Android Studio\jbr\bin\java.dll
0x00007ffdd7fe0000 - 0x00007ffdd7ff8000 	C:\Program Files\Android\Android Studio\jbr\bin\zip.dll
0x00007ffdf9580000 - 0x00007ffdf9cc4000 	C:\WINDOWS\System32\SHELL32.dll
0x00007ffdf34a0000 - 0x00007ffdf3c33000 	C:\WINDOWS\SYSTEM32\windows.storage.dll
0x00007ffdfa7d0000 - 0x00007ffdfab24000 	C:\WINDOWS\System32\combase.dll
0x00007ffdf7fe0000 - 0x00007ffdf800e000 	C:\WINDOWS\SYSTEM32\Wldp.dll
0x00007ffdf90c0000 - 0x00007ffdf916d000 	C:\WINDOWS\System32\SHCORE.dll
0x00007ffdf9000000 - 0x00007ffdf9055000 	C:\WINDOWS\System32\shlwapi.dll
0x00007ffdf84c0000 - 0x00007ffdf84df000 	C:\WINDOWS\SYSTEM32\profapi.dll
0x00007ffdd2fe0000 - 0x00007ffdd2ff9000 	C:\Program Files\Android\Android Studio\jbr\bin\net.dll
0x00007ffdf0470000 - 0x00007ffdf057a000 	C:\WINDOWS\SYSTEM32\WINHTTP.dll
0x00007ffdf7cf0000 - 0x00007ffdf7d5a000 	C:\WINDOWS\system32\mswsock.dll
0x00007ffdd0d30000 - 0x00007ffdd0d46000 	C:\Program Files\Android\Android Studio\jbr\bin\nio.dll
0x00007ffddf400000 - 0x00007ffddf410000 	C:\Program Files\Android\Android Studio\jbr\bin\verify.dll
0x00007ffdcfcf0000 - 0x00007ffdcfd17000 	C:\Users\HP\.gradle\native\e1d6ef7f7dcc3fd88c89a11ec53ec762bb8ba0a96d01ffa2cd45eb1d1d8dd5c5\windows-amd64\native-platform.dll
0x00007ffdc3610000 - 0x00007ffdc3754000 	C:\Users\HP\.gradle\native\0d407fdbe67a94daf76414ababcb853783967236a71b16ec16e742cd7a986fd3\windows-amd64\native-platform-file-events.dll
0x00007ffddf790000 - 0x00007ffddf799000 	C:\Program Files\Android\Android Studio\jbr\bin\management.dll
0x00007ffddf4b0000 - 0x00007ffddf4bb000 	C:\Program Files\Android\Android Studio\jbr\bin\management_ext.dll
0x00007ffdf93e0000 - 0x00007ffdf93e8000 	C:\WINDOWS\System32\PSAPI.DLL
0x00007ffdf7ec0000 - 0x00007ffdf7ed8000 	C:\WINDOWS\SYSTEM32\CRYPTSP.dll
0x00007ffdf75b0000 - 0x00007ffdf75e4000 	C:\WINDOWS\system32\rsaenh.dll
0x00007ffdf8ea0000 - 0x00007ffdf8ec7000 	C:\WINDOWS\System32\bcrypt.dll
0x00007ffdf8480000 - 0x00007ffdf84ae000 	C:\WINDOWS\SYSTEM32\USERENV.dll
0x00007ffdf7eb0000 - 0x00007ffdf7ebc000 	C:\WINDOWS\SYSTEM32\CRYPTBASE.dll
0x00007ffdf79a0000 - 0x00007ffdf79dc000 	C:\WINDOWS\SYSTEM32\IPHLPAPI.DLL
0x00007ffdfad90000 - 0x00007ffdfad98000 	C:\WINDOWS\System32\NSI.dll
0x00007ffde87e0000 - 0x00007ffde87f7000 	C:\WINDOWS\SYSTEM32\dhcpcsvc6.DLL
0x00007ffdea5f0000 - 0x00007ffdea60d000 	C:\WINDOWS\SYSTEM32\dhcpcsvc.DLL
0x00007ffdf79e0000 - 0x00007ffdf7aab000 	C:\WINDOWS\SYSTEM32\DNSAPI.dll
0x00007ffddeb20000 - 0x00007ffddeb27000 	C:\WINDOWS\system32\wshunix.dll

dbghelp: loaded successfully - version: 4.0.5 - missing functions: none
symbol engine: initialized successfully - sym options: 0x614 - pdb path: .;C:\Program Files\Android\Android Studio\jbr\bin;C:\WINDOWS\SYSTEM32;C:\WINDOWS\WinSxS\amd64_microsoft.windows.common-controls_6595b64144ccf1df_6.0.19041.1110_none_60b5254171f9507e;C:\Program Files\Android\Android Studio\jbr\bin\server;C:\Users\HP\.gradle\native\e1d6ef7f7dcc3fd88c89a11ec53ec762bb8ba0a96d01ffa2cd45eb1d1d8dd5c5\windows-amd64;C:\Users\HP\.gradle\native\0d407fdbe67a94daf76414ababcb853783967236a71b16ec16e742cd7a986fd3\windows-amd64

VM Arguments:
jvm_args: --add-opens=java.base/java.util=ALL-UNNAMED --add-opens=java.base/java.lang=ALL-UNNAMED --add-opens=java.base/java.lang.invoke=ALL-UNNAMED --add-opens=java.base/java.util=ALL-UNNAMED --add-opens=java.prefs/java.util.prefs=ALL-UNNAMED --add-opens=java.prefs/java.util.prefs=ALL-UNNAMED --add-opens=java.base/java.nio.charset=ALL-UNNAMED --add-opens=java.base/java.net=ALL-UNNAMED --add-opens=java.base/java.util.concurrent.atomic=ALL-UNNAMED -Xmx2048m -Dfile.encoding=UTF-8 -Duser.country=US -Duser.language=en -Duser.variant 
java_command: org.gradle.launcher.daemon.bootstrap.GradleDaemon 7.5
java_class_path (initial): C:\Users\HP\.gradle\wrapper\dists\gradle-7.5-bin\f1w0cc9nuo0eivz97x2xlu9sv\gradle-7.5\lib\gradle-launcher-7.5.jar
Launcher Type: SUN_STANDARD

[Global flags]
     intx CICompilerCount                          = 4                                         {product} {ergonomic}
     uint ConcGCThreads                            = 2                                         {product} {ergonomic}
     uint G1ConcRefinementThreads                  = 8                                         {product} {ergonomic}
   size_t G1HeapRegionSize                         = 1048576                                   {product} {ergonomic}
    uintx GCDrainStackTargetSize                   = 64                                        {product} {ergonomic}
   size_t InitialHeapSize                          = 132120576                                 {product} {ergonomic}
   size_t MarkStackSize                            = 4194304                                   {product} {ergonomic}
   size_t MaxHeapSize                              = 2147483648                                {product} {command line}
   size_t MaxNewSize                               = 1287651328                                {product} {ergonomic}
   size_t MinHeapDeltaBytes                        = 1048576                                   {product} {ergonomic}
   size_t MinHeapSize                              = 8388608                                   {product} {ergonomic}
    uintx NonNMethodCodeHeapSize                   = 5839372                                {pd product} {ergonomic}
    uintx NonProfiledCodeHeapSize                  = 122909434                              {pd product} {ergonomic}
    uintx ProfiledCodeHeapSize                     = 122909434                              {pd product} {ergonomic}
    uintx ReservedCodeCacheSize                    = 251658240                              {pd product} {ergonomic}
     bool SegmentedCodeCache                       = true                                      {product} {ergonomic}
   size_t SoftMaxHeapSize                          = 2147483648                             {manageable} {ergonomic}
     bool UseCompressedClassPointers               = true                           {product lp64_product} {ergonomic}
     bool UseCompressedOops                        = true                           {product lp64_product} {ergonomic}
     bool UseG1GC                                  = true                                      {product} {ergonomic}
     bool UseLargePagesIndividualAllocation        = false                                  {pd product} {ergonomic}

Logging:
Log output configuration:
 #0: stdout all=warning uptime,level,tags
 #1: stderr all=off uptime,level,tags

Environment Variables:
PATH=C:\Program Files\Common Files\Oracle\Java\javapath;C:\Program Files (x86)\Common Files\Oracle\Java\javapath;C:\Program Files\Python39\Scripts\;C:\Program Files\Python39\;C:\Program Files (x86)\Intel\Intel(R) Management Engine Components\iCLS\;C:\Program Files\Intel\Intel(R) Management Engine Components\iCLS\;C:\WINDOWS\system32;C:\WINDOWS;C:\WINDOWS\System32\Wbem;C:\WINDOWS\System32\WindowsPowerShell\v1.0\;C:\Program Files (x86)\Intel\Intel(R) Management Engine Components\DAL;C:\Program Files\Intel\Intel(R) Management Engine Components\DAL;C:\Program Files (x86)\Intel\Intel(R) Management Engine Components\IPT;C:\Program Files\Intel\Intel(R) Management Engine Components\IPT;C:\Program Files\Intel\WiFi\bin\;C:\Program Files\Common Files\Intel\WirelessCommon\;C:\WINDOWS\System32\OpenSSH\;C:\Program Files (x86)\Python39-64;C:\Program Files\Microsoft SQL Server\Client SDK\ODBC\170\Tools\Binn\;C:\Program Files\dotnet\;C:\Program Files\Java\jdk1.8.0_341\bin;C:\apache-maven-3.8.6\bin;C:\Program Files\Azure Data Studio\bin;C:\Program Files (x86)\dotnet\;C:\Program Files\Git\cmd;C:\Program Files\nodejs\;C:\Program Files (x86)\Microsoft SQL Server\160\Tools\Binn\;C:\Program Files\Microsoft SQL Server\160\Tools\Binn\;C:\Program Files\Microsoft SQL Server\160\DTS\Binn\;C:\Program Files\Microsoft SQL Server\130\Tools\Binn\;C:\Program Files (x86)\Microsoft SQL Server\160\DTS\Binn\;C:\Users\HP\AppData\Local\Programs\Python\Python310\Scripts\;C:\Users\HP\AppData\Local\Programs\Python\Python310\;C:\Program Files (x86)\Microsoft Visual Studio\Common\Tools\WinNT;C:\Program Files (x86)\Microsoft Visual Studio\Common\MSDev98\Bin;C:\Program Files (x86)\Microsoft Visual Studio\Common\Tools;C:\Program Files (x86)\Microsoft Visual Studio\VC98\bin;C:\Users\HP\AppData\Local\Microsoft\WindowsApps;C:\Users\HP\.dotnet\tools;C:\Users\HP\AppData\Local\Programs\Microsoft VS Code\bin;C:\Program Files\Azure Data Studio\bin;C:\Users\HP\AppData\Roaming\npm
USERNAME=? Duy Ho
OS=Windows_NT
PROCESSOR_IDENTIFIER=Intel64 Family 6 Model 142 Stepping 10, GenuineIntel
TMP=C:\Users\HP\AppData\Local\Temp
TEMP=C:\Users\HP\AppData\Local\Temp



---------------  S Y S T E M  ---------------

OS:
 Windows 10 , 64 bit Build 19041 (10.0.19041.2788)
OS uptime: 0 days 23:19 hours
Hyper-V role detected

CPU: total 8 (initial active 8) (4 cores per cpu, 2 threads per core) family 6 model 142 stepping 10 microcode 0xb4, cx8, cmov, fxsr, ht, mmx, 3dnowpref, sse, sse2, sse3, ssse3, sse4.1, sse4.2, popcnt, lzcnt, tsc, tscinvbit, avx, avx2, aes, erms, clmul, bmi1, bmi2, adx, fma, vzeroupper, clflush, clflushopt, hv

Memory: 4k page, system-wide physical 8026M (803M free)
TotalPageFile size 9942M (AvailPageFile size 7M)
current process WorkingSet (physical memory assigned to process): 532M, peak: 539M
current process commit charge ("private bytes"): 568M, peak: 572M

vm_info: OpenJDK 64-Bit Server VM (17.0.6+0-b2043.56-9586694) for windows-amd64 JRE (17.0.6+0-b2043.56-9586694), built on Feb  9 2023 20:06:20 by "androidbuild" with MS VC++ 16.10 / 16.11 (VS2019)

END.
