#
# There is insufficient memory for the Java Runtime Environment to continue.
# Native memory allocation (mmap) failed to map 2031616 bytes for G1 virtual space
# Possible reasons:
#   The system is out of physical RAM or swap space
#   The process is running with CompressedOops enabled, and the Java Heap may be blocking the growth of the native heap
# Possible solutions:
#   Reduce memory load on the system
#   Increase physical memory or swap space
#   Check if swap backing store is full
#   Decrease Java heap size (-Xmx/-Xms)
#   Decrease number of Java threads
#   Decrease Java thread stack sizes (-Xss)
#   Set larger code cache with -XX:ReservedCodeCacheSize=
#   JVM is running with Unscaled Compressed Oops mode in which the Java heap is
#     placed in the first 4GB address space. The Java Heap base address is the
#     maximum limit for the native heap growth. Please use -XX:HeapBaseMinAddress
#     to set the Java Heap base and to place the Java Heap above 4GB virtual address.
# This output file may be truncated or incomplete.
#
#  Out of Memory Error (os_windows.cpp:3769), pid=16372, tid=3532
#
# JRE version: OpenJDK Runtime Environment (17.0.6) (build 17.0.6+0-b2043.56-9586694)
# Java VM: OpenJDK 64-Bit Server VM (17.0.6+0-b2043.56-9586694, mixed mode, tiered, compressed oops, compressed class ptrs, g1 gc, windows-amd64)
# No core dump will be written. Minidumps are not enabled by default on client versions of Windows
#

---------------  S U M M A R Y ------------

Command Line: --add-opens=java.base/java.util=ALL-UNNAMED --add-opens=java.base/java.lang=ALL-UNNAMED --add-opens=java.base/java.lang.invoke=ALL-UNNAMED --add-opens=java.base/java.util=ALL-UNNAMED --add-opens=java.prefs/java.util.prefs=ALL-UNNAMED --add-opens=java.prefs/java.util.prefs=ALL-UNNAMED --add-opens=java.base/java.nio.charset=ALL-UNNAMED --add-opens=java.base/java.net=ALL-UNNAMED --add-opens=java.base/java.util.concurrent.atomic=ALL-UNNAMED -Xmx2048m -Dfile.encoding=UTF-8 -Duser.country=US -Duser.language=en -Duser.variant org.gradle.launcher.daemon.bootstrap.GradleDaemon 7.5

Host: Intel(R) Core(TM) i5-8250U CPU @ 1.60GHz, 8 cores, 7G,  Windows 10 , 64 bit Build 19041 (10.0.19041.2788)
Time: Wed May 10 07:44:58 2023 SE Asia Standard Time elapsed time: 12.206036 seconds (0d 0h 0m 12s)

---------------  T H R E A D  ---------------

Current thread (0x000002b0401673f0):  VMThread "VM Thread" [stack: 0x000000d7a7100000,0x000000d7a7200000] [id=3532]

Stack: [0x000000d7a7100000,0x000000d7a7200000]
Native frames: (J=compiled Java code, j=interpreted, Vv=VM code, C=native code)
V  [jvm.dll+0x683b4a]
V  [jvm.dll+0x842654]
V  [jvm.dll+0x843dfe]
V  [jvm.dll+0x844463]
V  [jvm.dll+0x249b75]
V  [jvm.dll+0x680a19]
V  [jvm.dll+0x674f0a]
V  [jvm.dll+0x309acb]
V  [jvm.dll+0x310f86]
V  [jvm.dll+0x360918]
V  [jvm.dll+0x360b1f]
V  [jvm.dll+0x2dfbf8]
V  [jvm.dll+0x2ddec4]
V  [jvm.dll+0x2dd4cc]
V  [jvm.dll+0x321f3b]
V  [jvm.dll+0x84893b]
V  [jvm.dll+0x849674]
V  [jvm.dll+0x849b8d]
V  [jvm.dll+0x849f64]
V  [jvm.dll+0x84a030]
V  [jvm.dll+0x7f25fa]
V  [jvm.dll+0x682985]
C  [ucrtbase.dll+0x21bb2]
C  [KERNEL32.DLL+0x17604]
C  [ntdll.dll+0x526a1]

VM_Operation (0x000000d7aa9fb8c0): G1CollectForAllocation, mode: safepoint, requested by thread 0x000002b0462feb30


---------------  P R O C E S S  ---------------

Threads class SMR info:
_java_thread_list=0x000002b041c5dd70, length=136, elements={
0x000002b0262ef220, 0x000002b04013c340, 0x000002b040c12010, 0x000002b04014f630,
0x000002b040151f00, 0x000002b0401527c0, 0x000002b040153080, 0x000002b040153d20,
0x000002b0401546d0, 0x000002b040154fd0, 0x000002b040d9d250, 0x000002b040d9fba0,
0x000002b041e38230, 0x000002b041e38bd0, 0x000002b041e3b250, 0x000002b041e38700,
0x000002b041e390a0, 0x000002b041e3a3e0, 0x000002b041e39f10, 0x000002b041e39570,
0x000002b041e39a40, 0x000002b041e3a8b0, 0x000002b041e3ad80, 0x000002b041e3b720,
0x000002b041e37d60, 0x000002b04375fd80, 0x000002b0461859a0, 0x000002b0461854d0,
0x000002b04618b9e0, 0x000002b046189830, 0x000002b046186ce0, 0x000002b04618b510,
0x000002b046184b30, 0x000002b04618c380, 0x000002b04618a1d0, 0x000002b0461884f0,
0x000002b046185000, 0x000002b0461871b0, 0x000002b046187b50, 0x000002b046186340,
0x000002b046186810, 0x000002b0461889c0, 0x000002b046189360, 0x000002b04618b040,
0x000002b046187680, 0x000002b046188020, 0x000002b046189d00, 0x000002b0462feb30,
0x000002b0462ff4d0, 0x000002b0462fc4b0, 0x000002b0462fe660, 0x000002b0462ff000,
0x000002b0462fce50, 0x000002b0462fd7f0, 0x000002b0463024f0, 0x000002b0462ffe70,
0x000002b0462fe190, 0x000002b046301680, 0x000002b0462fd320, 0x000002b0462fb170,
0x000002b0462fbfe0, 0x000002b0462ff9a0, 0x000002b0463011b0, 0x000002b0462fc980,
0x000002b046300340, 0x000002b0462fdcc0, 0x000002b046300810, 0x000002b046300ce0,
0x000002b046301b50, 0x000002b046302020, 0x000002b0462faca0, 0x000002b0462fb640,
0x000002b0462fbb10, 0x000002b0462c2cd0, 0x000002b0462c79d0, 0x000002b0462c5cf0,
0x000002b0462c31a0, 0x000002b0462c7500, 0x000002b0462c7ea0, 0x000002b0462c8370,
0x000002b0462c8840, 0x000002b0462c3670, 0x000002b0462c8d10, 0x000002b0462c3b40,
0x000002b0462c91e0, 0x000002b0462c4e80, 0x000002b0462c5820, 0x000002b0462c96b0,
0x000002b0462c4010, 0x000002b0462c49b0, 0x000002b0462c44e0, 0x000002b0462c9b80,
0x000002b0462c6b60, 0x000002b0462c61c0, 0x000002b0462ca050, 0x000002b0462c5350,
0x000002b0462c7030, 0x000002b0462c6690, 0x000002b0462ca520, 0x000002b045cb48d0,
0x000002b045cb9100, 0x000002b045cb7420, 0x000002b045cb6a80, 0x000002b045cb8290,
0x000002b045cb6f50, 0x000002b045cb95d0, 0x000002b045cb30c0, 0x000002b045cb65b0,
0x000002b045cb4da0, 0x000002b045cb78f0, 0x000002b045cb5270, 0x000002b045cb8760,
0x000002b045cb3590, 0x000002b045cb5c10, 0x000002b045cb7dc0, 0x000002b045cb8c30,
0x000002b045cb9aa0, 0x000002b045cb9f70, 0x000002b045cba440, 0x000002b045cb3a60,
0x000002b045cb5740, 0x000002b04366e050, 0x000002b045cb3f30, 0x000002b045cb60e0,
0x000002b045cb4400, 0x000002b046e59780, 0x000002b046e545b0, 0x000002b046e58de0,
0x000002b046e5b930, 0x000002b046e56c30, 0x000002b046e5af90, 0x000002b046e5b460,
0x000002b046e592b0, 0x000002b046e54a80, 0x000002b046e57100, 0x000002b046e57f70
}

Java Threads: ( => current thread )
  0x000002b0262ef220 JavaThread "main" [_thread_blocked, id=3480, stack(0x000000d7a6b00000,0x000000d7a6c00000)]
  0x000002b04013c340 JavaThread "Reference Handler" daemon [_thread_blocked, id=2608, stack(0x000000d7a7200000,0x000000d7a7300000)]
  0x000002b040c12010 JavaThread "Finalizer" daemon [_thread_blocked, id=15684, stack(0x000000d7a7300000,0x000000d7a7400000)]
  0x000002b04014f630 JavaThread "Signal Dispatcher" daemon [_thread_blocked, id=11020, stack(0x000000d7a7400000,0x000000d7a7500000)]
  0x000002b040151f00 JavaThread "Attach Listener" daemon [_thread_blocked, id=16036, stack(0x000000d7a7500000,0x000000d7a7600000)]
  0x000002b0401527c0 JavaThread "Service Thread" daemon [_thread_blocked, id=10140, stack(0x000000d7a7600000,0x000000d7a7700000)]
  0x000002b040153080 JavaThread "Monitor Deflation Thread" daemon [_thread_blocked, id=10552, stack(0x000000d7a7700000,0x000000d7a7800000)]
  0x000002b040153d20 JavaThread "C2 CompilerThread0" daemon [_thread_blocked, id=12092, stack(0x000000d7a7800000,0x000000d7a7900000)]
  0x000002b0401546d0 JavaThread "C1 CompilerThread0" daemon [_thread_blocked, id=16000, stack(0x000000d7a7900000,0x000000d7a7a00000)]
  0x000002b040154fd0 JavaThread "Sweeper thread" daemon [_thread_blocked, id=16124, stack(0x000000d7a7a00000,0x000000d7a7b00000)]
  0x000002b040d9d250 JavaThread "Common-Cleaner" daemon [_thread_blocked, id=15480, stack(0x000000d7a7b00000,0x000000d7a7c00000)]
  0x000002b040d9fba0 JavaThread "Notification Thread" daemon [_thread_blocked, id=6796, stack(0x000000d7a7c00000,0x000000d7a7d00000)]
  0x000002b041e38230 JavaThread "Daemon health stats" [_thread_blocked, id=6512, stack(0x000000d7a8400000,0x000000d7a8500000)]
  0x000002b041e38bd0 JavaThread "Incoming local TCP Connector on port 49501" [_thread_in_native, id=12904, stack(0x000000d7a8500000,0x000000d7a8600000)]
  0x000002b041e3b250 JavaThread "Daemon periodic checks" [_thread_blocked, id=13788, stack(0x000000d7a8600000,0x000000d7a8700000)]
  0x000002b041e38700 JavaThread "Daemon" [_thread_blocked, id=3804, stack(0x000000d7a8700000,0x000000d7a8800000)]
  0x000002b041e390a0 JavaThread "Handler for socket connection from /127.0.0.1:49501 to /127.0.0.1:49502" [_thread_in_native, id=10208, stack(0x000000d7a8800000,0x000000d7a8900000)]
  0x000002b041e3a3e0 JavaThread "Cancel handler" [_thread_blocked, id=15948, stack(0x000000d7a8900000,0x000000d7a8a00000)]
  0x000002b041e39f10 JavaThread "Daemon worker" [_thread_blocked, id=14200, stack(0x000000d7a8a00000,0x000000d7a8b00000)]
  0x000002b041e39570 JavaThread "Asynchronous log dispatcher for DefaultDaemonConnection: socket connection from /127.0.0.1:49501 to /127.0.0.1:49502" [_thread_blocked, id=12088, stack(0x000000d7a8b00000,0x000000d7a8c00000)]
  0x000002b041e39a40 JavaThread "Stdin handler" [_thread_blocked, id=11424, stack(0x000000d7a8c00000,0x000000d7a8d00000)]
  0x000002b041e3a8b0 JavaThread "Daemon client event forwarder" [_thread_blocked, id=2076, stack(0x000000d7a8d00000,0x000000d7a8e00000)]
  0x000002b041e3ad80 JavaThread "Cache worker for journal cache (C:\Users\HP\.gradle\caches\journal-1)" [_thread_blocked, id=15984, stack(0x000000d7a8e00000,0x000000d7a8f00000)]
  0x000002b041e3b720 JavaThread "File lock request listener" [_thread_in_native, id=11104, stack(0x000000d7a8f00000,0x000000d7a9000000)]
  0x000002b041e37d60 JavaThread "Cache worker for file hash cache (C:\Users\HP\.gradle\caches\7.5\fileHashes)" [_thread_blocked, id=13828, stack(0x000000d7a9200000,0x000000d7a9300000)]
  0x000002b04375fd80 JavaThread "C2 CompilerThread1" daemon [_thread_blocked, id=12540, stack(0x000000d7a9300000,0x000000d7a9400000)]
  0x000002b0461859a0 JavaThread "File watcher server" daemon [_thread_blocked, id=5560, stack(0x000000d7a9500000,0x000000d7a9600000)]
  0x000002b0461854d0 JavaThread "File watcher consumer" daemon [_thread_blocked, id=9424, stack(0x000000d7a9600000,0x000000d7a9700000)]
  0x000002b04618b9e0 JavaThread "Cache worker for checksums cache (C:\Users\HP\AndroidStudioProjects\FINALY_PROJECT\Android-Project\.gradle\7.5\checksums)" [_thread_blocked, id=928, stack(0x000000d7a9700000,0x000000d7a9800000)]
  0x000002b046189830 JavaThread "Cache worker for cache directory md-rule (C:\Users\HP\.gradle\caches\7.5\md-rule)" [_thread_blocked, id=13756, stack(0x000000d7a9800000,0x000000d7a9900000)]
  0x000002b046186ce0 JavaThread "Cache worker for file content cache (C:\Users\HP\.gradle\caches\7.5\fileContent)" [_thread_blocked, id=10584, stack(0x000000d7a9900000,0x000000d7a9a00000)]
  0x000002b04618b510 JavaThread "Cache worker for file hash cache (C:\Users\HP\AndroidStudioProjects\FINALY_PROJECT\Android-Project\.gradle\7.5\fileHashes)" [_thread_blocked, id=14388, stack(0x000000d7a9a00000,0x000000d7a9b00000)]
  0x000002b046184b30 JavaThread "Cache worker for cache directory md-supplier (C:\Users\HP\.gradle\caches\7.5\md-supplier)" [_thread_blocked, id=7356, stack(0x000000d7a9b00000,0x000000d7a9c00000)]
  0x000002b04618c380 JavaThread "Cache worker for execution history cache (C:\Users\HP\.gradle\caches\7.5\executionHistory)" [_thread_blocked, id=10920, stack(0x000000d7a9c00000,0x000000d7a9d00000)]
  0x000002b04618a1d0 JavaThread "jar transforms" [_thread_blocked, id=11304, stack(0x000000d7a9d00000,0x000000d7a9e00000)]
  0x000002b0461884f0 JavaThread "jar transforms Thread 2" [_thread_blocked, id=1108, stack(0x000000d7a9e00000,0x000000d7a9f00000)]
  0x000002b046185000 JavaThread "jar transforms Thread 3" [_thread_blocked, id=8916, stack(0x000000d7a9f00000,0x000000d7aa000000)]
  0x000002b0461871b0 JavaThread "jar transforms Thread 4" [_thread_blocked, id=6036, stack(0x000000d7aa000000,0x000000d7aa100000)]
  0x000002b046187b50 JavaThread "Cache worker for dependencies-accessors (C:\Users\HP\AndroidStudioProjects\FINALY_PROJECT\Android-Project\.gradle\7.5\dependencies-accessors)" [_thread_blocked, id=5556, stack(0x000000d7aa100000,0x000000d7aa200000)]
  0x000002b046186340 JavaThread "jar transforms Thread 5" [_thread_blocked, id=14220, stack(0x000000d7aa200000,0x000000d7aa300000)]
  0x000002b046186810 JavaThread "Cache worker for Build Output Cleanup Cache (C:\Users\HP\AndroidStudioProjects\FINALY_PROJECT\Android-Project\.gradle\buildOutputCleanup)" [_thread_blocked, id=2324, stack(0x000000d7aa300000,0x000000d7aa400000)]
  0x000002b0461889c0 JavaThread "Unconstrained build operations" [_thread_blocked, id=15712, stack(0x000000d7a9400000,0x000000d7a9500000)]
  0x000002b046189360 JavaThread "Unconstrained build operations Thread 2" [_thread_blocked, id=11484, stack(0x000000d7aa400000,0x000000d7aa500000)]
  0x000002b04618b040 JavaThread "Unconstrained build operations Thread 3" [_thread_blocked, id=3332, stack(0x000000d7aa500000,0x000000d7aa600000)]
  0x000002b046187680 JavaThread "Unconstrained build operations Thread 4" [_thread_blocked, id=8548, stack(0x000000d7aa600000,0x000000d7aa700000)]
  0x000002b046188020 JavaThread "Unconstrained build operations Thread 5" [_thread_blocked, id=12476, stack(0x000000d7aa700000,0x000000d7aa800000)]
  0x000002b046189d00 JavaThread "Unconstrained build operations Thread 6" [_thread_blocked, id=10628, stack(0x000000d7aa800000,0x000000d7aa900000)]
  0x000002b0462feb30 JavaThread "Unconstrained build operations Thread 7" [_thread_blocked, id=14128, stack(0x000000d7aa900000,0x000000d7aaa00000)]
  0x000002b0462ff4d0 JavaThread "Unconstrained build operations Thread 8" [_thread_blocked, id=15100, stack(0x000000d7aaa00000,0x000000d7aab00000)]
  0x000002b0462fc4b0 JavaThread "Unconstrained build operations Thread 9" [_thread_blocked, id=1984, stack(0x000000d7aab00000,0x000000d7aac00000)]
  0x000002b0462fe660 JavaThread "Unconstrained build operations Thread 10" [_thread_blocked, id=12104, stack(0x000000d7aac00000,0x000000d7aad00000)]
  0x000002b0462ff000 JavaThread "Unconstrained build operations Thread 11" [_thread_blocked, id=14012, stack(0x000000d7aad00000,0x000000d7aae00000)]
  0x000002b0462fce50 JavaThread "Unconstrained build operations Thread 12" [_thread_blocked, id=14536, stack(0x000000d7aae00000,0x000000d7aaf00000)]
  0x000002b0462fd7f0 JavaThread "Unconstrained build operations Thread 13" [_thread_blocked, id=6912, stack(0x000000d7aaf00000,0x000000d7ab000000)]
  0x000002b0463024f0 JavaThread "Unconstrained build operations Thread 14" [_thread_blocked, id=4316, stack(0x000000d7ab000000,0x000000d7ab100000)]
  0x000002b0462ffe70 JavaThread "Unconstrained build operations Thread 15" [_thread_blocked, id=3676, stack(0x000000d7ab100000,0x000000d7ab200000)]
  0x000002b0462fe190 JavaThread "Unconstrained build operations Thread 16" [_thread_blocked, id=16204, stack(0x000000d7ab200000,0x000000d7ab300000)]
  0x000002b046301680 JavaThread "Unconstrained build operations Thread 17" [_thread_blocked, id=1368, stack(0x000000d7ab300000,0x000000d7ab400000)]
  0x000002b0462fd320 JavaThread "Unconstrained build operations Thread 18" [_thread_blocked, id=11492, stack(0x000000d7ab400000,0x000000d7ab500000)]
  0x000002b0462fb170 JavaThread "Unconstrained build operations Thread 19" [_thread_blocked, id=8796, stack(0x000000d7ab500000,0x000000d7ab600000)]
  0x000002b0462fbfe0 JavaThread "Unconstrained build operations Thread 20" [_thread_blocked, id=964, stack(0x000000d7ab600000,0x000000d7ab700000)]
  0x000002b0462ff9a0 JavaThread "Unconstrained build operations Thread 21" [_thread_blocked, id=5936, stack(0x000000d7ab700000,0x000000d7ab800000)]
  0x000002b0463011b0 JavaThread "Unconstrained build operations Thread 22" [_thread_blocked, id=2656, stack(0x000000d7ab800000,0x000000d7ab900000)]
  0x000002b0462fc980 JavaThread "Unconstrained build operations Thread 23" [_thread_blocked, id=2120, stack(0x000000d7ab900000,0x000000d7aba00000)]
  0x000002b046300340 JavaThread "Unconstrained build operations Thread 24" [_thread_blocked, id=6576, stack(0x000000d7aba00000,0x000000d7abb00000)]
  0x000002b0462fdcc0 JavaThread "Unconstrained build operations Thread 25" [_thread_blocked, id=15516, stack(0x000000d7abb00000,0x000000d7abc00000)]
  0x000002b046300810 JavaThread "Unconstrained build operations Thread 26" [_thread_blocked, id=1996, stack(0x000000d7abc00000,0x000000d7abd00000)]
  0x000002b046300ce0 JavaThread "Unconstrained build operations Thread 27" [_thread_blocked, id=2780, stack(0x000000d7abd00000,0x000000d7abe00000)]
  0x000002b046301b50 JavaThread "Unconstrained build operations Thread 28" [_thread_blocked, id=8852, stack(0x000000d7abe00000,0x000000d7abf00000)]
  0x000002b046302020 JavaThread "Unconstrained build operations Thread 29" [_thread_blocked, id=10444, stack(0x000000d7abf00000,0x000000d7ac000000)]
  0x000002b0462faca0 JavaThread "Unconstrained build operations Thread 30" [_thread_blocked, id=10244, stack(0x000000d7ac000000,0x000000d7ac100000)]
  0x000002b0462fb640 JavaThread "Unconstrained build operations Thread 31" [_thread_blocked, id=13696, stack(0x000000d7ac100000,0x000000d7ac200000)]
  0x000002b0462fbb10 JavaThread "Unconstrained build operations Thread 32" [_thread_blocked, id=13148, stack(0x000000d7ac200000,0x000000d7ac300000)]
  0x000002b0462c2cd0 JavaThread "Unconstrained build operations Thread 33" [_thread_blocked, id=2240, stack(0x000000d7ac300000,0x000000d7ac400000)]
  0x000002b0462c79d0 JavaThread "Unconstrained build operations Thread 34" [_thread_blocked, id=8764, stack(0x000000d7ac400000,0x000000d7ac500000)]
  0x000002b0462c5cf0 JavaThread "Unconstrained build operations Thread 35" [_thread_blocked, id=16092, stack(0x000000d7ac500000,0x000000d7ac600000)]
  0x000002b0462c31a0 JavaThread "Unconstrained build operations Thread 36" [_thread_blocked, id=4780, stack(0x000000d7ac600000,0x000000d7ac700000)]
  0x000002b0462c7500 JavaThread "Unconstrained build operations Thread 37" [_thread_blocked, id=6176, stack(0x000000d7ac700000,0x000000d7ac800000)]
  0x000002b0462c7ea0 JavaThread "Unconstrained build operations Thread 38" [_thread_blocked, id=15428, stack(0x000000d7ac800000,0x000000d7ac900000)]
  0x000002b0462c8370 JavaThread "Unconstrained build operations Thread 39" [_thread_blocked, id=1540, stack(0x000000d7ac900000,0x000000d7aca00000)]
  0x000002b0462c8840 JavaThread "Unconstrained build operations Thread 40" [_thread_blocked, id=6192, stack(0x000000d7aca00000,0x000000d7acb00000)]
  0x000002b0462c3670 JavaThread "Unconstrained build operations Thread 41" [_thread_blocked, id=6372, stack(0x000000d7acb00000,0x000000d7acc00000)]
  0x000002b0462c8d10 JavaThread "Unconstrained build operations Thread 42" [_thread_blocked, id=13468, stack(0x000000d7acc00000,0x000000d7acd00000)]
  0x000002b0462c3b40 JavaThread "Unconstrained build operations Thread 43" [_thread_blocked, id=15332, stack(0x000000d7acd00000,0x000000d7ace00000)]
  0x000002b0462c91e0 JavaThread "Unconstrained build operations Thread 44" [_thread_blocked, id=13796, stack(0x000000d7ace00000,0x000000d7acf00000)]
  0x000002b0462c4e80 JavaThread "Unconstrained build operations Thread 45" [_thread_blocked, id=15240, stack(0x000000d7acf00000,0x000000d7ad000000)]
  0x000002b0462c5820 JavaThread "Unconstrained build operations Thread 46" [_thread_blocked, id=11276, stack(0x000000d7ad000000,0x000000d7ad100000)]
  0x000002b0462c96b0 JavaThread "Unconstrained build operations Thread 47" [_thread_blocked, id=1452, stack(0x000000d7ad100000,0x000000d7ad200000)]
  0x000002b0462c4010 JavaThread "Unconstrained build operations Thread 48" [_thread_blocked, id=6236, stack(0x000000d7ad200000,0x000000d7ad300000)]
  0x000002b0462c49b0 JavaThread "Unconstrained build operations Thread 49" [_thread_blocked, id=5656, stack(0x000000d7ad300000,0x000000d7ad400000)]
  0x000002b0462c44e0 JavaThread "Unconstrained build operations Thread 50" [_thread_blocked, id=14340, stack(0x000000d7ad400000,0x000000d7ad500000)]
  0x000002b0462c9b80 JavaThread "Unconstrained build operations Thread 51" [_thread_blocked, id=15828, stack(0x000000d7ad500000,0x000000d7ad600000)]
  0x000002b0462c6b60 JavaThread "Unconstrained build operations Thread 52" [_thread_blocked, id=14736, stack(0x000000d7ad600000,0x000000d7ad700000)]
  0x000002b0462c61c0 JavaThread "Unconstrained build operations Thread 53" [_thread_blocked, id=1976, stack(0x000000d7ad700000,0x000000d7ad800000)]
  0x000002b0462ca050 JavaThread "Unconstrained build operations Thread 54" [_thread_blocked, id=13920, stack(0x000000d7ad800000,0x000000d7ad900000)]
  0x000002b0462c5350 JavaThread "Unconstrained build operations Thread 55" [_thread_blocked, id=12712, stack(0x000000d7ad900000,0x000000d7ada00000)]
  0x000002b0462c7030 JavaThread "Unconstrained build operations Thread 56" [_thread_blocked, id=2476, stack(0x000000d7ada00000,0x000000d7adb00000)]
  0x000002b0462c6690 JavaThread "Unconstrained build operations Thread 57" [_thread_blocked, id=6564, stack(0x000000d7adb00000,0x000000d7adc00000)]
  0x000002b0462ca520 JavaThread "Unconstrained build operations Thread 58" [_thread_blocked, id=9436, stack(0x000000d7adc00000,0x000000d7add00000)]
  0x000002b045cb48d0 JavaThread "Unconstrained build operations Thread 59" [_thread_blocked, id=8248, stack(0x000000d7add00000,0x000000d7ade00000)]
  0x000002b045cb9100 JavaThread "Unconstrained build operations Thread 60" [_thread_blocked, id=1384, stack(0x000000d7ade00000,0x000000d7adf00000)]
  0x000002b045cb7420 JavaThread "Unconstrained build operations Thread 61" [_thread_blocked, id=14500, stack(0x000000d7adf00000,0x000000d7ae000000)]
  0x000002b045cb6a80 JavaThread "Unconstrained build operations Thread 62" [_thread_blocked, id=15132, stack(0x000000d7ae000000,0x000000d7ae100000)]
  0x000002b045cb8290 JavaThread "Unconstrained build operations Thread 63" [_thread_blocked, id=5016, stack(0x000000d7ae100000,0x000000d7ae200000)]
  0x000002b045cb6f50 JavaThread "Unconstrained build operations Thread 64" [_thread_blocked, id=7604, stack(0x000000d7ae200000,0x000000d7ae300000)]
  0x000002b045cb95d0 JavaThread "Unconstrained build operations Thread 65" [_thread_blocked, id=5004, stack(0x000000d7ae300000,0x000000d7ae400000)]
  0x000002b045cb30c0 JavaThread "Unconstrained build operations Thread 66" [_thread_blocked, id=12784, stack(0x000000d7ae400000,0x000000d7ae500000)]
  0x000002b045cb65b0 JavaThread "Unconstrained build operations Thread 67" [_thread_blocked, id=12696, stack(0x000000d7ae500000,0x000000d7ae600000)]
  0x000002b045cb4da0 JavaThread "Unconstrained build operations Thread 68" [_thread_blocked, id=9516, stack(0x000000d7ae600000,0x000000d7ae700000)]
  0x000002b045cb78f0 JavaThread "Unconstrained build operations Thread 69" [_thread_blocked, id=14324, stack(0x000000d7ae700000,0x000000d7ae800000)]
  0x000002b045cb5270 JavaThread "Unconstrained build operations Thread 70" [_thread_blocked, id=280, stack(0x000000d7ae800000,0x000000d7ae900000)]
  0x000002b045cb8760 JavaThread "Unconstrained build operations Thread 71" [_thread_blocked, id=13088, stack(0x000000d7ae900000,0x000000d7aea00000)]
  0x000002b045cb3590 JavaThread "Unconstrained build operations Thread 72" [_thread_blocked, id=9288, stack(0x000000d7aea00000,0x000000d7aeb00000)]
  0x000002b045cb5c10 JavaThread "Unconstrained build operations Thread 73" [_thread_blocked, id=6316, stack(0x000000d7aeb00000,0x000000d7aec00000)]
  0x000002b045cb7dc0 JavaThread "Unconstrained build operations Thread 74" [_thread_blocked, id=15752, stack(0x000000d7aec00000,0x000000d7aed00000)]
  0x000002b045cb8c30 JavaThread "Unconstrained build operations Thread 75" [_thread_blocked, id=15472, stack(0x000000d7aed00000,0x000000d7aee00000)]
  0x000002b045cb9aa0 JavaThread "Unconstrained build operations Thread 76" [_thread_blocked, id=12856, stack(0x000000d7aee00000,0x000000d7aef00000)]
  0x000002b045cb9f70 JavaThread "Unconstrained build operations Thread 77" [_thread_blocked, id=13056, stack(0x000000d7aef00000,0x000000d7af000000)]
  0x000002b045cba440 JavaThread "Unconstrained build operations Thread 78" [_thread_blocked, id=9632, stack(0x000000d7af000000,0x000000d7af100000)]
  0x000002b045cb3a60 JavaThread "Unconstrained build operations Thread 79" [_thread_blocked, id=11604, stack(0x000000d7af100000,0x000000d7af200000)]
  0x000002b045cb5740 JavaThread "Unconstrained build operations Thread 80" [_thread_blocked, id=5620, stack(0x000000d7af200000,0x000000d7af300000)]
  0x000002b04366e050 JavaThread "C2 CompilerThread2" daemon [_thread_blocked, id=11872, stack(0x000000d7af300000,0x000000d7af400000)]
  0x000002b045cb3f30 JavaThread "jar transforms Thread 6" [_thread_blocked, id=8868, stack(0x000000d7af400000,0x000000d7af500000)]
  0x000002b045cb60e0 JavaThread "jar transforms Thread 7" [_thread_blocked, id=3296, stack(0x000000d7af500000,0x000000d7af600000)]
  0x000002b045cb4400 JavaThread "jar transforms Thread 8" [_thread_blocked, id=9828, stack(0x000000d7af600000,0x000000d7af700000)]
  0x000002b046e59780 JavaThread "build event listener" [_thread_blocked, id=5448, stack(0x000000d7af700000,0x000000d7af800000)]
  0x000002b046e545b0 JavaThread "Memory manager" [_thread_blocked, id=6880, stack(0x000000d7af800000,0x000000d7af900000)]
  0x000002b046e58de0 JavaThread "included builds" [_thread_blocked, id=14476, stack(0x000000d7af900000,0x000000d7afa00000)]
  0x000002b046e5b930 JavaThread "Execution worker" [_thread_blocked, id=13548, stack(0x000000d7afa00000,0x000000d7afb00000)]
  0x000002b046e56c30 JavaThread "Execution worker Thread 2" [_thread_blocked, id=456, stack(0x000000d7afb00000,0x000000d7afc00000)]
  0x000002b046e5af90 JavaThread "Execution worker Thread 3" [_thread_blocked, id=10848, stack(0x000000d7afc00000,0x000000d7afd00000)]
  0x000002b046e5b460 JavaThread "Execution worker Thread 4" [_thread_blocked, id=15096, stack(0x000000d7afd00000,0x000000d7afe00000)]
  0x000002b046e592b0 JavaThread "Execution worker Thread 5" [_thread_blocked, id=4844, stack(0x000000d7afe00000,0x000000d7aff00000)]
  0x000002b046e54a80 JavaThread "Execution worker Thread 6" [_thread_blocked, id=6692, stack(0x000000d7aff00000,0x000000d7b0000000)]
  0x000002b046e57100 JavaThread "Execution worker Thread 7" [_thread_blocked, id=4492, stack(0x000000d7b0000000,0x000000d7b0100000)]
  0x000002b046e57f70 JavaThread "Cache worker for execution history cache (C:\Users\HP\AndroidStudioProjects\FINALY_PROJECT\Android-Project\.gradle\7.5\executionHistory)" [_thread_blocked, id=6020, stack(0x000000d7b0100000,0x000000d7b0200000)]

Other Threads:
=>0x000002b0401673f0 VMThread "VM Thread" [stack: 0x000000d7a7100000,0x000000d7a7200000] [id=3532]
  0x000002b026361110 WatcherThread [stack: 0x000000d7a7d00000,0x000000d7a7e00000] [id=9744]
  0x000002b026349950 GCTaskThread "GC Thread#0" [stack: 0x000000d7a6c00000,0x000000d7a6d00000] [id=15956]
  0x000002b04163d650 GCTaskThread "GC Thread#1" [stack: 0x000000d7a7f00000,0x000000d7a8000000] [id=8332]
  0x000002b04163d900 GCTaskThread "GC Thread#2" [stack: 0x000000d7a8000000,0x000000d7a8100000] [id=13268]
  0x000002b041e5f170 GCTaskThread "GC Thread#3" [stack: 0x000000d7a8100000,0x000000d7a8200000] [id=11752]
  0x000002b04104f030 GCTaskThread "GC Thread#4" [stack: 0x000000d7a8200000,0x000000d7a8300000] [id=3384]
  0x000002b0436208e0 GCTaskThread "GC Thread#5" [stack: 0x000000d7a7e00000,0x000000d7a7f00000] [id=15768]
  0x000002b043ced8d0 GCTaskThread "GC Thread#6" [stack: 0x000000d7a8300000,0x000000d7a8400000] [id=14396]
  0x000002b0424c28d0 GCTaskThread "GC Thread#7" [stack: 0x000000d7a9000000,0x000000d7a9100000] [id=5048]
  0x000002b02635a640 ConcurrentGCThread "G1 Main Marker" [stack: 0x000000d7a6d00000,0x000000d7a6e00000] [id=12132]
  0x000002b02635ae00 ConcurrentGCThread "G1 Conc#0" [stack: 0x000000d7a6e00000,0x000000d7a6f00000] [id=2796]
  0x000002b042722940 ConcurrentGCThread "G1 Conc#1" [stack: 0x000000d7a9100000,0x000000d7a9200000] [id=16312]
  0x000002b0263bd490 ConcurrentGCThread "G1 Refine#0" [stack: 0x000000d7a6f00000,0x000000d7a7000000] [id=1720]
  0x000002b0263bdc60 ConcurrentGCThread "G1 Service" [stack: 0x000000d7a7000000,0x000000d7a7100000] [id=12584]

Threads with active compile tasks:
C2 CompilerThread0    12243 9098       4       sun.invoke.util.VerifyAccess::isClassAccessible (230 bytes)
C1 CompilerThread0    12243 9223       3       java.util.Optional::ifPresent (18 bytes)
C2 CompilerThread1    12243 9204   !   4       com.google.common.collect.MapMakerInternalMap$Segment::put (298 bytes)
C2 CompilerThread2    12243 9013       4       org.gradle.internal.serialize.kryo.StringDeduplicatingKryoBackedDecoder::readString (5 bytes)

VM state: at safepoint (normal execution)

VM Mutex/Monitor currently owned by a thread:  ([mutex/lock_event])
[0x000002b0262eb220] Threads_lock - owner thread: 0x000002b0401673f0
[0x000002b0262ec780] Heap_lock - owner thread: 0x000002b0462feb30

Heap address: 0x0000000080000000, size: 2048 MB, Compressed Oops mode: 32-bit

CDS archive(s) not mapped
Compressed class space mapped at: 0x0000000100000000-0x0000000140000000, reserved size: 1073741824
Narrow klass base: 0x0000000000000000, Narrow klass shift: 3, Narrow klass range: 0x140000000

GC Precious Log:
 CPUs: 8 total, 8 available
 Memory: 8026M
 Large Page Support: Disabled
 NUMA Support: Disabled
 Compressed Oops: Enabled (32-bit)
 Heap Region Size: 1M
 Heap Min Capacity: 8M
 Heap Initial Capacity: 126M
 Heap Max Capacity: 2G
 Pre-touch: Disabled
 Parallel Workers: 8
 Concurrent Workers: 2
 Concurrent Refinement Workers: 8
 Periodic GC: Disabled

Heap:
 garbage-first heap   total 129024K, used 76643K [0x0000000080000000, 0x0000000100000000)
  region size 1024K, 1 young (1024K), 1 survivors (1024K)
 Metaspace       used 83227K, committed 83776K, reserved 1122304K
  class space    used 11480K, committed 11712K, reserved 1048576K

Heap Regions: E=young(eden), S=young(survivor), O=old, HS=humongous(starts), HC=humongous(continues), CS=collection set, F=free, OA=open archive, CA=closed archive, TAMS=top-at-mark-start (previous, next)
|   0|0x0000000080000000, 0x0000000080100000, 0x0000000080100000|100%| O|  |TAMS 0x0000000080100000, 0x0000000080000000| Untracked 
|   1|0x0000000080100000, 0x0000000080200000, 0x0000000080200000|100%| O|  |TAMS 0x0000000080200000, 0x0000000080100000| Untracked 
|   2|0x0000000080200000, 0x0000000080300000, 0x0000000080300000|100%| O|  |TAMS 0x0000000080300000, 0x0000000080200000| Untracked 
|   3|0x0000000080300000, 0x0000000080400000, 0x0000000080400000|100%|HS|  |TAMS 0x0000000080400000, 0x0000000080300000| Complete 
|   4|0x0000000080400000, 0x0000000080500000, 0x0000000080500000|100%|HC|  |TAMS 0x0000000080500000, 0x0000000080400000| Complete 
|   5|0x0000000080500000, 0x0000000080600000, 0x0000000080600000|100%|HC|  |TAMS 0x0000000080600000, 0x0000000080500000| Complete 
|   6|0x0000000080600000, 0x0000000080700000, 0x0000000080700000|100%| O|  |TAMS 0x0000000080700000, 0x0000000080600000| Untracked 
|   7|0x0000000080700000, 0x0000000080800000, 0x0000000080800000|100%| O|  |TAMS 0x0000000080800000, 0x0000000080700000| Untracked 
|   8|0x0000000080800000, 0x0000000080900000, 0x0000000080900000|100%| O|  |TAMS 0x0000000080900000, 0x0000000080800000| Untracked 
|   9|0x0000000080900000, 0x0000000080a00000, 0x0000000080a00000|100%| O|  |TAMS 0x0000000080a00000, 0x0000000080900000| Untracked 
|  10|0x0000000080a00000, 0x0000000080b00000, 0x0000000080b00000|100%| O|  |TAMS 0x0000000080b00000, 0x0000000080a00000| Untracked 
|  11|0x0000000080b00000, 0x0000000080c00000, 0x0000000080c00000|100%| O|  |TAMS 0x0000000080c00000, 0x0000000080b00000| Untracked 
|  12|0x0000000080c00000, 0x0000000080d00000, 0x0000000080d00000|100%| O|  |TAMS 0x0000000080d00000, 0x0000000080c00000| Untracked 
|  13|0x0000000080d00000, 0x0000000080e00000, 0x0000000080e00000|100%| O|  |TAMS 0x0000000080e00000, 0x0000000080d00000| Untracked 
|  14|0x0000000080e00000, 0x0000000080f00000, 0x0000000080f00000|100%| O|  |TAMS 0x0000000080f00000, 0x0000000080e00000| Untracked 
|  15|0x0000000080f00000, 0x0000000081000000, 0x0000000081000000|100%| O|  |TAMS 0x0000000081000000, 0x0000000080f00000| Untracked 
|  16|0x0000000081000000, 0x0000000081100000, 0x0000000081100000|100%| O|  |TAMS 0x0000000081100000, 0x0000000081000000| Untracked 
|  17|0x0000000081100000, 0x0000000081200000, 0x0000000081200000|100%| O|  |TAMS 0x0000000081200000, 0x0000000081100000| Untracked 
|  18|0x0000000081200000, 0x0000000081300000, 0x0000000081300000|100%| O|  |TAMS 0x0000000081300000, 0x0000000081200000| Untracked 
|  19|0x0000000081300000, 0x0000000081400000, 0x0000000081400000|100%| O|  |TAMS 0x0000000081300000, 0x0000000081300000| Untracked 
|  20|0x0000000081400000, 0x0000000081500000, 0x0000000081500000|100%| O|  |TAMS 0x0000000081500000, 0x0000000081400000| Untracked 
|  21|0x0000000081500000, 0x0000000081600000, 0x0000000081600000|100%| O|  |TAMS 0x0000000081600000, 0x0000000081500000| Untracked 
|  22|0x0000000081600000, 0x0000000081700000, 0x0000000081700000|100%| O|  |TAMS 0x0000000081700000, 0x0000000081600000| Untracked 
|  23|0x0000000081700000, 0x0000000081800000, 0x0000000081800000|100%| O|  |TAMS 0x0000000081800000, 0x0000000081700000| Untracked 
|  24|0x0000000081800000, 0x0000000081900000, 0x0000000081900000|100%| O|  |TAMS 0x0000000081900000, 0x0000000081800000| Untracked 
|  25|0x0000000081900000, 0x0000000081a00000, 0x0000000081a00000|100%| O|  |TAMS 0x0000000081a00000, 0x0000000081900000| Untracked 
|  26|0x0000000081a00000, 0x0000000081b00000, 0x0000000081b00000|100%| O|  |TAMS 0x0000000081b00000, 0x0000000081a00000| Untracked 
|  27|0x0000000081b00000, 0x0000000081c00000, 0x0000000081c00000|100%|HS|  |TAMS 0x0000000081c00000, 0x0000000081b00000| Complete 
|  28|0x0000000081c00000, 0x0000000081d00000, 0x0000000081d00000|100%| O|  |TAMS 0x0000000081d00000, 0x0000000081c00000| Untracked 
|  29|0x0000000081d00000, 0x0000000081e00000, 0x0000000081e00000|100%| O|  |TAMS 0x0000000081e00000, 0x0000000081d00000| Untracked 
|  30|0x0000000081e00000, 0x0000000081f00000, 0x0000000081f00000|100%| O|  |TAMS 0x0000000081f00000, 0x0000000081e00000| Untracked 
|  31|0x0000000081f00000, 0x0000000082000000, 0x0000000082000000|100%|HS|  |TAMS 0x0000000082000000, 0x0000000081f00000| Complete 
|  32|0x0000000082000000, 0x0000000082100000, 0x0000000082100000|100%| O|  |TAMS 0x0000000082100000, 0x0000000082000000| Untracked 
|  33|0x0000000082100000, 0x0000000082200000, 0x0000000082200000|100%| O|  |TAMS 0x0000000082200000, 0x0000000082100000| Untracked 
|  34|0x0000000082200000, 0x0000000082300000, 0x0000000082300000|100%| O|  |TAMS 0x0000000082300000, 0x0000000082200000| Untracked 
|  35|0x0000000082300000, 0x0000000082400000, 0x0000000082400000|100%| O|  |TAMS 0x0000000082400000, 0x0000000082300000| Untracked 
|  36|0x0000000082400000, 0x0000000082500000, 0x0000000082500000|100%| O|  |TAMS 0x0000000082500000, 0x0000000082400000| Untracked 
|  37|0x0000000082500000, 0x0000000082600000, 0x0000000082600000|100%| O|  |TAMS 0x0000000082600000, 0x0000000082500000| Untracked 
|  38|0x0000000082600000, 0x0000000082700000, 0x0000000082700000|100%| O|  |TAMS 0x0000000082700000, 0x0000000082600000| Untracked 
|  39|0x0000000082700000, 0x0000000082800000, 0x0000000082800000|100%| O|  |TAMS 0x0000000082800000, 0x0000000082700000| Untracked 
|  40|0x0000000082800000, 0x0000000082900000, 0x0000000082900000|100%| O|  |TAMS 0x0000000082900000, 0x0000000082800000| Untracked 
|  41|0x0000000082900000, 0x0000000082a00000, 0x0000000082a00000|100%| O|  |TAMS 0x0000000082a00000, 0x0000000082900000| Untracked 
|  42|0x0000000082a00000, 0x0000000082b00000, 0x0000000082b00000|100%| O|  |TAMS 0x0000000082b00000, 0x0000000082a00000| Untracked 
|  43|0x0000000082b00000, 0x0000000082c00000, 0x0000000082c00000|100%| O|  |TAMS 0x0000000082c00000, 0x0000000082b00000| Untracked 
|  44|0x0000000082c00000, 0x0000000082d00000, 0x0000000082d00000|100%| O|  |TAMS 0x0000000082d00000, 0x0000000082c00000| Untracked 
|  45|0x0000000082d00000, 0x0000000082e00000, 0x0000000082e00000|100%| O|  |TAMS 0x0000000082e00000, 0x0000000082d00000| Untracked 
|  46|0x0000000082e00000, 0x0000000082f00000, 0x0000000082f00000|100%| O|  |TAMS 0x0000000082f00000, 0x0000000082e00000| Untracked 
|  47|0x0000000082f00000, 0x0000000083000000, 0x0000000083000000|100%| O|  |TAMS 0x0000000083000000, 0x0000000082f00000| Untracked 
|  48|0x0000000083000000, 0x0000000083100000, 0x0000000083100000|100%| O|  |TAMS 0x0000000083100000, 0x0000000083000000| Untracked 
|  49|0x0000000083100000, 0x0000000083200000, 0x0000000083200000|100%| O|  |TAMS 0x0000000083200000, 0x0000000083100000| Untracked 
|  50|0x0000000083200000, 0x0000000083300000, 0x0000000083300000|100%| O|  |TAMS 0x0000000083300000, 0x0000000083200000| Untracked 
|  51|0x0000000083300000, 0x0000000083400000, 0x0000000083400000|100%| O|  |TAMS 0x0000000083400000, 0x0000000083300000| Untracked 
|  52|0x0000000083400000, 0x0000000083500000, 0x0000000083500000|100%| O|  |TAMS 0x0000000083500000, 0x0000000083400000| Untracked 
|  53|0x0000000083500000, 0x0000000083600000, 0x0000000083600000|100%| O|  |TAMS 0x0000000083600000, 0x0000000083500000| Untracked 
|  54|0x0000000083600000, 0x0000000083700000, 0x0000000083700000|100%| O|  |TAMS 0x0000000083700000, 0x0000000083600000| Untracked 
|  55|0x0000000083700000, 0x0000000083800000, 0x0000000083800000|100%| O|  |TAMS 0x0000000083800000, 0x0000000083700000| Untracked 
|  56|0x0000000083800000, 0x0000000083900000, 0x0000000083900000|100%| O|  |TAMS 0x0000000083900000, 0x0000000083800000| Untracked 
|  57|0x0000000083900000, 0x0000000083a00000, 0x0000000083a00000|100%| O|  |TAMS 0x0000000083a00000, 0x0000000083900000| Untracked 
|  58|0x0000000083a00000, 0x0000000083b00000, 0x0000000083b00000|100%| O|  |TAMS 0x0000000083b00000, 0x0000000083a00000| Untracked 
|  59|0x0000000083b00000, 0x0000000083c00000, 0x0000000083c00000|100%| O|  |TAMS 0x0000000083c00000, 0x0000000083b00000| Untracked 
|  60|0x0000000083c00000, 0x0000000083d00000, 0x0000000083d00000|100%| O|  |TAMS 0x0000000083d00000, 0x0000000083c00000| Untracked 
|  61|0x0000000083d00000, 0x0000000083e00000, 0x0000000083e00000|100%| O|  |TAMS 0x0000000083e00000, 0x0000000083d00000| Untracked 
|  62|0x0000000083e00000, 0x0000000083f00000, 0x0000000083f00000|100%| O|  |TAMS 0x0000000083f00000, 0x0000000083e00000| Untracked 
|  63|0x0000000083f00000, 0x0000000084000000, 0x0000000084000000|100%| O|  |TAMS 0x0000000084000000, 0x0000000083f00000| Untracked 
|  64|0x0000000084000000, 0x0000000084100000, 0x0000000084100000|100%| O|  |TAMS 0x0000000084100000, 0x0000000084000000| Untracked 
|  65|0x0000000084100000, 0x0000000084200000, 0x0000000084200000|100%| O|  |TAMS 0x0000000084200000, 0x0000000084100000| Untracked 
|  66|0x0000000084200000, 0x0000000084300000, 0x0000000084300000|100%| O|  |TAMS 0x0000000084300000, 0x0000000084200000| Untracked 
|  67|0x0000000084300000, 0x0000000084300000, 0x0000000084400000|  0%| F|  |TAMS 0x0000000084300000, 0x0000000084300000| Untracked 
|  68|0x0000000084400000, 0x0000000084500000, 0x0000000084500000|100%| O|  |TAMS 0x0000000084400000, 0x0000000084400000| Untracked 
|  69|0x0000000084500000, 0x0000000084600000, 0x0000000084600000|100%| O|  |TAMS 0x0000000084500000, 0x0000000084500000| Untracked 
|  70|0x0000000084600000, 0x0000000084700000, 0x0000000084700000|100%| O|  |TAMS 0x0000000084600000, 0x0000000084600000| Untracked 
|  71|0x0000000084700000, 0x0000000084800000, 0x0000000084800000|100%| O|  |TAMS 0x0000000084700000, 0x0000000084700000| Untracked 
|  72|0x0000000084800000, 0x0000000084900000, 0x0000000084900000|100%| O|  |TAMS 0x0000000084800000, 0x0000000084800000| Untracked 
|  73|0x0000000084900000, 0x0000000084a00000, 0x0000000084a00000|100%| O|  |TAMS 0x0000000084900000, 0x0000000084900000| Untracked 
|  74|0x0000000084a00000, 0x0000000084ad8e00, 0x0000000084b00000| 84%| O|  |TAMS 0x0000000084a00000, 0x0000000084a00000| Untracked 
|  75|0x0000000084b00000, 0x0000000084b00000, 0x0000000084c00000|  0%| F|  |TAMS 0x0000000084b00000, 0x0000000084b00000| Untracked 
|  76|0x0000000084c00000, 0x0000000084c00000, 0x0000000084d00000|  0%| F|  |TAMS 0x0000000084c00000, 0x0000000084c00000| Untracked 
|  77|0x0000000084d00000, 0x0000000084d00000, 0x0000000084e00000|  0%| F|  |TAMS 0x0000000084d00000, 0x0000000084d00000| Untracked 
|  78|0x0000000084e00000, 0x0000000084e00000, 0x0000000084f00000|  0%| F|  |TAMS 0x0000000084e00000, 0x0000000084e00000| Untracked 
|  79|0x0000000084f00000, 0x0000000084f00000, 0x0000000085000000|  0%| F|  |TAMS 0x0000000084f00000, 0x0000000084f00000| Untracked 
|  80|0x0000000085000000, 0x0000000085000000, 0x0000000085100000|  0%| F|  |TAMS 0x0000000085000000, 0x0000000085000000| Untracked 
|  81|0x0000000085100000, 0x0000000085100000, 0x0000000085200000|  0%| F|  |TAMS 0x0000000085100000, 0x0000000085100000| Untracked 
|  82|0x0000000085200000, 0x0000000085200000, 0x0000000085300000|  0%| F|  |TAMS 0x0000000085200000, 0x0000000085200000| Untracked 
|  83|0x0000000085300000, 0x0000000085300000, 0x0000000085400000|  0%| F|  |TAMS 0x0000000085300000, 0x0000000085300000| Untracked 
|  84|0x0000000085400000, 0x0000000085400000, 0x0000000085500000|  0%| F|  |TAMS 0x0000000085400000, 0x0000000085400000| Untracked 
|  85|0x0000000085500000, 0x0000000085500000, 0x0000000085600000|  0%| F|  |TAMS 0x0000000085500000, 0x0000000085500000| Untracked 
|  86|0x0000000085600000, 0x0000000085600000, 0x0000000085700000|  0%| F|  |TAMS 0x0000000085600000, 0x0000000085600000| Untracked 
|  87|0x0000000085700000, 0x0000000085700000, 0x0000000085800000|  0%| F|  |TAMS 0x0000000085700000, 0x0000000085700000| Untracked 
|  88|0x0000000085800000, 0x0000000085800000, 0x0000000085900000|  0%| F|  |TAMS 0x0000000085800000, 0x0000000085800000| Untracked 
|  89|0x0000000085900000, 0x0000000085900000, 0x0000000085a00000|  0%| F|  |TAMS 0x0000000085900000, 0x0000000085900000| Untracked 
|  90|0x0000000085a00000, 0x0000000085a00000, 0x0000000085b00000|  0%| F|  |TAMS 0x0000000085a00000, 0x0000000085a00000| Untracked 
|  91|0x0000000085b00000, 0x0000000085b00000, 0x0000000085c00000|  0%| F|  |TAMS 0x0000000085b00000, 0x0000000085b00000| Untracked 
|  92|0x0000000085c00000, 0x0000000085c00000, 0x0000000085d00000|  0%| F|  |TAMS 0x0000000085c00000, 0x0000000085c00000| Untracked 
|  93|0x0000000085d00000, 0x0000000085d00000, 0x0000000085e00000|  0%| F|  |TAMS 0x0000000085d00000, 0x0000000085d00000| Untracked 
|  94|0x0000000085e00000, 0x0000000085e00000, 0x0000000085f00000|  0%| F|  |TAMS 0x0000000085e00000, 0x0000000085e00000| Untracked 
|  95|0x0000000085f00000, 0x0000000085f00000, 0x0000000086000000|  0%| F|  |TAMS 0x0000000085f00000, 0x0000000085f00000| Untracked 
|  96|0x0000000086000000, 0x0000000086000000, 0x0000000086100000|  0%| F|  |TAMS 0x0000000086000000, 0x0000000086000000| Untracked 
|  97|0x0000000086100000, 0x0000000086100000, 0x0000000086200000|  0%| F|  |TAMS 0x0000000086100000, 0x0000000086100000| Untracked 
|  98|0x0000000086200000, 0x0000000086200000, 0x0000000086300000|  0%| F|  |TAMS 0x0000000086200000, 0x0000000086200000| Untracked 
|  99|0x0000000086300000, 0x0000000086300000, 0x0000000086400000|  0%| F|  |TAMS 0x0000000086300000, 0x0000000086300000| Untracked 
| 100|0x0000000086400000, 0x0000000086400000, 0x0000000086500000|  0%| F|  |TAMS 0x0000000086400000, 0x0000000086400000| Untracked 
| 101|0x0000000086500000, 0x0000000086500000, 0x0000000086600000|  0%| F|  |TAMS 0x0000000086500000, 0x0000000086500000| Untracked 
| 102|0x0000000086600000, 0x0000000086600000, 0x0000000086700000|  0%| F|  |TAMS 0x0000000086600000, 0x0000000086600000| Untracked 
| 103|0x0000000086700000, 0x0000000086700000, 0x0000000086800000|  0%| F|  |TAMS 0x0000000086700000, 0x0000000086700000| Untracked 
| 104|0x0000000086800000, 0x0000000086800000, 0x0000000086900000|  0%| F|  |TAMS 0x0000000086800000, 0x0000000086800000| Untracked 
| 105|0x0000000086900000, 0x0000000086900000, 0x0000000086a00000|  0%| F|  |TAMS 0x0000000086900000, 0x0000000086900000| Untracked 
| 106|0x0000000086a00000, 0x0000000086a00000, 0x0000000086b00000|  0%| F|  |TAMS 0x0000000086a00000, 0x0000000086a00000| Untracked 
| 107|0x0000000086b00000, 0x0000000086b00000, 0x0000000086c00000|  0%| F|  |TAMS 0x0000000086b00000, 0x0000000086b00000| Untracked 
| 108|0x0000000086c00000, 0x0000000086c00000, 0x0000000086d00000|  0%| F|  |TAMS 0x0000000086c00000, 0x0000000086c00000| Untracked 
| 109|0x0000000086d00000, 0x0000000086d00000, 0x0000000086e00000|  0%| F|  |TAMS 0x0000000086d00000, 0x0000000086d00000| Untracked 
| 110|0x0000000086e00000, 0x0000000086e00000, 0x0000000086f00000|  0%| F|  |TAMS 0x0000000086e00000, 0x0000000086e00000| Untracked 
| 111|0x0000000086f00000, 0x0000000086f00000, 0x0000000087000000|  0%| F|  |TAMS 0x0000000086f00000, 0x0000000086f00000| Untracked 
| 112|0x0000000087000000, 0x0000000087000000, 0x0000000087100000|  0%| F|  |TAMS 0x0000000087000000, 0x0000000087000000| Untracked 
| 113|0x0000000087100000, 0x0000000087100000, 0x0000000087200000|  0%| F|  |TAMS 0x0000000087100000, 0x0000000087100000| Untracked 
| 114|0x0000000087200000, 0x0000000087200000, 0x0000000087300000|  0%| F|  |TAMS 0x0000000087200000, 0x0000000087200000| Untracked 
| 115|0x0000000087300000, 0x0000000087300000, 0x0000000087400000|  0%| F|  |TAMS 0x0000000087300000, 0x0000000087300000| Untracked 
| 116|0x0000000087400000, 0x0000000087400000, 0x0000000087500000|  0%| F|  |TAMS 0x0000000087400000, 0x0000000087400000| Untracked 
| 117|0x0000000087500000, 0x0000000087500000, 0x0000000087600000|  0%| F|  |TAMS 0x0000000087500000, 0x0000000087500000| Untracked 
| 118|0x0000000087600000, 0x0000000087600000, 0x0000000087700000|  0%| F|  |TAMS 0x0000000087600000, 0x0000000087600000| Untracked 
| 119|0x0000000087700000, 0x0000000087700000, 0x0000000087800000|  0%| F|  |TAMS 0x0000000087700000, 0x0000000087700000| Untracked 
| 120|0x0000000087800000, 0x0000000087800000, 0x0000000087900000|  0%| F|  |TAMS 0x0000000087800000, 0x0000000087800000| Untracked 
| 121|0x0000000087900000, 0x0000000087a00000, 0x0000000087a00000|100%| S|CS|TAMS 0x0000000087900000, 0x0000000087900000| Complete 
| 122|0x0000000087a00000, 0x0000000087a00000, 0x0000000087b00000|  0%| F|  |TAMS 0x0000000087a00000, 0x0000000087a00000| Untracked 
| 123|0x0000000087b00000, 0x0000000087b00000, 0x0000000087c00000|  0%| F|  |TAMS 0x0000000087b00000, 0x0000000087b00000| Untracked 
| 124|0x0000000087c00000, 0x0000000087c00000, 0x0000000087d00000|  0%| F|  |TAMS 0x0000000087c00000, 0x0000000087c00000| Untracked 
| 125|0x0000000087d00000, 0x0000000087d00000, 0x0000000087e00000|  0%| F|  |TAMS 0x0000000087d00000, 0x0000000087d00000| Untracked 

Card table byte_map: [0x000002b038f00000,0x000002b039300000] _byte_map_base: 0x000002b038b00000

Marking Bits (Prev, Next): (CMBitMap*) 0x000002b026349d50, (CMBitMap*) 0x000002b026349d10
 Prev Bits: [0x000002b03b700000, 0x000002b03d700000)
 Next Bits: [0x000002b039700000, 0x000002b03b700000)

Polling page: 0x000002b024240000

Metaspace:

Usage:
  Non-class:     70.07 MB used.
      Class:     11.21 MB used.
       Both:     81.28 MB used.

Virtual space:
  Non-class space:       72.00 MB reserved,      70.38 MB ( 98%) committed,  9 nodes.
      Class space:        1.00 GB reserved,      11.44 MB (  1%) committed,  1 nodes.
             Both:        1.07 GB reserved,      81.81 MB (  7%) committed. 

Chunk freelists:
   Non-Class:  1.00 MB
       Class:  528.00 KB
        Both:  1.52 MB

MaxMetaspaceSize: unlimited
CompressedClassSpaceSize: 1.00 GB
Initial GC threshold: 21.00 MB
Current GC threshold: 134.00 MB
CDS: off
MetaspaceReclaimPolicy: balanced
 - commit_granule_bytes: 65536.
 - commit_granule_words: 8192.
 - virtual_space_node_default_size: 1048576.
 - enlarge_chunks_in_place: 1.
 - new_chunks_are_fully_committed: 0.
 - uncommit_free_chunks: 1.
 - use_allocation_guard: 0.
 - handle_deallocations: 1.


Internal statistics:

num_allocs_failed_limit: 6.
num_arena_births: 798.
num_arena_deaths: 0.
num_vsnodes_births: 10.
num_vsnodes_deaths: 0.
num_space_committed: 1309.
num_space_uncommitted: 0.
num_chunks_returned_to_freelist: 6.
num_chunks_taken_from_freelist: 3805.
num_chunk_merges: 3.
num_chunk_splits: 2480.
num_chunks_enlarged: 1622.
num_purges: 0.
num_inconsistent_stats: 0.

CodeHeap 'non-profiled nmethods': size=120000Kb used=5358Kb max_used=5358Kb free=114641Kb
 bounds [0x000002b031290000, 0x000002b0317d0000, 0x000002b0387c0000]
CodeHeap 'profiled nmethods': size=120000Kb used=16372Kb max_used=16372Kb free=103627Kb
 bounds [0x000002b0297c0000, 0x000002b02a7c0000, 0x000002b030cf0000]
CodeHeap 'non-nmethods': size=5760Kb used=2402Kb max_used=2475Kb free=3357Kb
 bounds [0x000002b030cf0000, 0x000002b030f70000, 0x000002b031290000]
 total_blobs=9255 nmethods=8351 adapters=814
 compilation: enabled
              stopped_count=0, restarted_count=0
 full_count=0

Compilation events (20 events):
Event: 12.192 Thread 0x000002b0401546d0 nmethod 9212 0x000002b02a7b4690 code [0x000002b02a7b4aa0, 0x000002b02a7b6e58]
Event: 12.192 Thread 0x000002b0401546d0 9213       3       org.gradle.internal.execution.history.impl.FileSystemSnapshotSerializer$SnapshotStack::push (17 bytes)
Event: 12.193 Thread 0x000002b0401546d0 nmethod 9213 0x000002b02a7b7490 code [0x000002b02a7b7660, 0x000002b02a7b7a88]
Event: 12.193 Thread 0x000002b0401546d0 9215       3       org.gradle.internal.execution.history.impl.FileSystemSnapshotSerializer$SnapshotStack::pop (29 bytes)
Event: 12.193 Thread 0x000002b0401546d0 nmethod 9215 0x000002b02a7b7c10 code [0x000002b02a7b7de0, 0x000002b02a7b81b8]
Event: 12.193 Thread 0x000002b0401546d0 9209   !   3       com.google.common.collect.RegularImmutableSortedSet::indexOf (35 bytes)
Event: 12.194 Thread 0x000002b0401546d0 nmethod 9209 0x000002b02a7b8310 code [0x000002b02a7b84e0, 0x000002b02a7b8768]
Event: 12.194 Thread 0x000002b0401546d0 9210       1       com.google.common.collect.ImmutableSortedMap::access$200 (5 bytes)
Event: 12.194 Thread 0x000002b0401546d0 nmethod 9210 0x000002b0317cb590 code [0x000002b0317cb720, 0x000002b0317cb7d8]
Event: 12.194 Thread 0x000002b0401546d0 9217       3       java.util.Collections::indexedBinarySearch (85 bytes)
Event: 12.194 Thread 0x000002b0401546d0 nmethod 9217 0x000002b02a7b8810 code [0x000002b02a7b89e0, 0x000002b02a7b8ec8]
Event: 12.194 Thread 0x000002b0401546d0 9211       1       com.google.common.collect.ImmutableSortedMap::access$300 (5 bytes)
Event: 12.194 Thread 0x000002b0401546d0 nmethod 9211 0x000002b0317cb890 code [0x000002b0317cba20, 0x000002b0317cbad8]
Event: 12.194 Thread 0x000002b0401546d0 9218       3       org.gradle.internal.serialize.HashCodeSerializer::read (23 bytes)
Event: 12.195 Thread 0x000002b0401546d0 nmethod 9218 0x000002b02a7b9090 code [0x000002b02a7b9260, 0x000002b02a7b95c8]
Event: 12.195 Thread 0x000002b0401546d0 9219       3       org.gradle.internal.file.FileHierarchySet$Node::isChildOfOrThis (110 bytes)
Event: 12.197 Thread 0x000002b0401546d0 nmethod 9219 0x000002b02a7b9710 code [0x000002b02a7b9a40, 0x000002b02a7baff8]
Event: 12.197 Thread 0x000002b0401546d0 9222       3       org.gradle.internal.snapshot.AbstractListChildMap::store (72 bytes)
Event: 12.199 Thread 0x000002b0401546d0 nmethod 9222 0x000002b02a7bb910 code [0x000002b02a7bbbe0, 0x000002b02a7bcd08]
Event: 12.199 Thread 0x000002b0401546d0 9223       3       java.util.Optional::ifPresent (18 bytes)

GC Heap History (20 events):
Event: 7.900 GC heap after
{Heap after GC invocations=22 (full 0):
 garbage-first heap   total 101376K, used 52161K [0x0000000080000000, 0x0000000100000000)
  region size 1024K, 1 young (1024K), 1 survivors (1024K)
 Metaspace       used 64703K, committed 65280K, reserved 1114112K
  class space    used 8506K, committed 8768K, reserved 1048576K
}
Event: 8.159 GC heap before
{Heap before GC invocations=23 (full 0):
 garbage-first heap   total 101376K, used 79809K [0x0000000080000000, 0x0000000100000000)
  region size 1024K, 27 young (27648K), 1 survivors (1024K)
 Metaspace       used 65620K, committed 66176K, reserved 1114112K
  class space    used 8651K, committed 8896K, reserved 1048576K
}
Event: 8.163 GC heap after
{Heap after GC invocations=24 (full 0):
 garbage-first heap   total 101376K, used 53438K [0x0000000080000000, 0x0000000100000000)
  region size 1024K, 3 young (3072K), 3 survivors (3072K)
 Metaspace       used 65620K, committed 66176K, reserved 1114112K
  class space    used 8651K, committed 8896K, reserved 1048576K
}
Event: 8.427 GC heap before
{Heap before GC invocations=24 (full 0):
 garbage-first heap   total 101376K, used 79038K [0x0000000080000000, 0x0000000100000000)
  region size 1024K, 28 young (28672K), 3 survivors (3072K)
 Metaspace       used 66848K, committed 67456K, reserved 1114112K
  class space    used 8813K, committed 9088K, reserved 1048576K
}
Event: 8.432 GC heap after
{Heap after GC invocations=25 (full 0):
 garbage-first heap   total 121856K, used 55857K [0x0000000080000000, 0x0000000100000000)
  region size 1024K, 4 young (4096K), 4 survivors (4096K)
 Metaspace       used 66848K, committed 67456K, reserved 1114112K
  class space    used 8813K, committed 9088K, reserved 1048576K
}
Event: 9.053 GC heap before
{Heap before GC invocations=26 (full 0):
 garbage-first heap   total 121856K, used 93745K [0x0000000080000000, 0x0000000100000000)
  region size 1024K, 41 young (41984K), 4 survivors (4096K)
 Metaspace       used 71522K, committed 72064K, reserved 1114112K
  class space    used 9662K, committed 9920K, reserved 1048576K
}
Event: 9.059 GC heap after
{Heap after GC invocations=27 (full 0):
 garbage-first heap   total 121856K, used 58286K [0x0000000080000000, 0x0000000100000000)
  region size 1024K, 5 young (5120K), 5 survivors (5120K)
 Metaspace       used 71522K, committed 72064K, reserved 1114112K
  class space    used 9662K, committed 9920K, reserved 1048576K
}
Event: 9.668 GC heap before
{Heap before GC invocations=27 (full 0):
 garbage-first heap   total 121856K, used 96174K [0x0000000080000000, 0x0000000100000000)
  region size 1024K, 42 young (43008K), 5 survivors (5120K)
 Metaspace       used 75457K, committed 75968K, reserved 1122304K
  class space    used 10255K, committed 10496K, reserved 1048576K
}
Event: 9.674 GC heap after
{Heap after GC invocations=28 (full 0):
 garbage-first heap   total 121856K, used 60763K [0x0000000080000000, 0x0000000100000000)
  region size 1024K, 5 young (5120K), 5 survivors (5120K)
 Metaspace       used 75457K, committed 75968K, reserved 1122304K
  class space    used 10255K, committed 10496K, reserved 1048576K
}
Event: 10.285 GC heap before
{Heap before GC invocations=28 (full 0):
 garbage-first heap   total 121856K, used 97627K [0x0000000080000000, 0x0000000100000000)
  region size 1024K, 41 young (41984K), 5 survivors (5120K)
 Metaspace       used 79611K, committed 80256K, reserved 1122304K
  class space    used 10838K, committed 11136K, reserved 1048576K
}
Event: 10.291 GC heap after
{Heap after GC invocations=29 (full 0):
 garbage-first heap   total 121856K, used 63681K [0x0000000080000000, 0x0000000100000000)
  region size 1024K, 6 young (6144K), 6 survivors (6144K)
 Metaspace       used 79611K, committed 80256K, reserved 1122304K
  class space    used 10838K, committed 11136K, reserved 1048576K
}
Event: 10.700 GC heap before
{Heap before GC invocations=30 (full 0):
 garbage-first heap   total 121856K, used 98497K [0x0000000080000000, 0x0000000100000000)
  region size 1024K, 40 young (40960K), 6 survivors (6144K)
 Metaspace       used 80567K, committed 81152K, reserved 1122304K
  class space    used 10962K, committed 11200K, reserved 1048576K
}
Event: 10.709 GC heap after
{Heap after GC invocations=31 (full 0):
 garbage-first heap   total 121856K, used 68628K [0x0000000080000000, 0x0000000100000000)
  region size 1024K, 5 young (5120K), 5 survivors (5120K)
 Metaspace       used 80567K, committed 81152K, reserved 1122304K
  class space    used 10962K, committed 11200K, reserved 1048576K
}
Event: 10.715 GC heap before
{Heap before GC invocations=31 (full 0):
 garbage-first heap   total 121856K, used 69652K [0x0000000080000000, 0x0000000100000000)
  region size 1024K, 6 young (6144K), 5 survivors (5120K)
 Metaspace       used 80567K, committed 81152K, reserved 1122304K
  class space    used 10962K, committed 11200K, reserved 1048576K
}
Event: 10.719 GC heap after
{Heap after GC invocations=32 (full 0):
 garbage-first heap   total 121856K, used 69218K [0x0000000080000000, 0x0000000100000000)
  region size 1024K, 1 young (1024K), 1 survivors (1024K)
 Metaspace       used 80567K, committed 81152K, reserved 1122304K
  class space    used 10962K, committed 11200K, reserved 1048576K
}
Event: 11.255 GC heap before
{Heap before GC invocations=32 (full 0):
 garbage-first heap   total 121856K, used 98914K [0x0000000080000000, 0x0000000100000000)
  region size 1024K, 30 young (30720K), 1 survivors (1024K)
 Metaspace       used 81465K, committed 82048K, reserved 1122304K
  class space    used 11158K, committed 11456K, reserved 1048576K
}
Event: 11.262 GC heap after
{Heap after GC invocations=33 (full 0):
 garbage-first heap   total 121856K, used 73072K [0x0000000080000000, 0x0000000100000000)
  region size 1024K, 4 young (4096K), 4 survivors (4096K)
 Metaspace       used 81465K, committed 82048K, reserved 1122304K
  class space    used 11158K, committed 11456K, reserved 1048576K
}
Event: 12.151 GC heap before
{Heap before GC invocations=34 (full 0):
 garbage-first heap   total 128000K, used 98672K [0x0000000080000000, 0x0000000100000000)
  region size 1024K, 29 young (29696K), 4 survivors (4096K)
 Metaspace       used 83184K, committed 83776K, reserved 1122304K
  class space    used 11476K, committed 11712K, reserved 1048576K
}
Event: 12.161 GC heap after
{Heap after GC invocations=35 (full 0):
 garbage-first heap   total 128000K, used 76098K [0x0000000080000000, 0x0000000100000000)
  region size 1024K, 3 young (3072K), 3 survivors (3072K)
 Metaspace       used 83184K, committed 83776K, reserved 1122304K
  class space    used 11476K, committed 11712K, reserved 1048576K
}
Event: 12.199 GC heap before
{Heap before GC invocations=35 (full 0):
 garbage-first heap   total 128000K, used 79170K [0x0000000080000000, 0x0000000100000000)
  region size 1024K, 6 young (6144K), 3 survivors (3072K)
 Metaspace       used 83227K, committed 83776K, reserved 1122304K
  class space    used 11480K, committed 11712K, reserved 1048576K
}

Dll operation events (2 events):
Event: 0.007 Loaded shared library C:\Program Files\Android\Android Studio\jbr\bin\java.dll
Event: 0.416 Loaded shared library C:\Program Files\Android\Android Studio\jbr\bin\verify.dll

Deoptimization events (20 events):
Event: 12.123 Thread 0x000002b046e54a80 Uncommon trap: trap_request=0xffffff45 fr.pc=0x000002b03159d498 relative=0x0000000000000918
Event: 12.123 Thread 0x000002b0462c7030 Uncommon trap: trap_request=0xffffff45 fr.pc=0x000002b03159d498 relative=0x0000000000000918
Event: 12.123 Thread 0x000002b046e54a80 Uncommon trap: reason=unstable_if action=reinterpret pc=0x000002b03159d498 method=org.gradle.internal.snapshot.VfsRelativePath.isPrefix(Ljava/lang/String;ILjava/lang/String;ILorg/gradle/internal/snapshot/CaseSensitivity;)Z @ 89 c2
Event: 12.123 Thread 0x000002b0462c7030 Uncommon trap: reason=unstable_if action=reinterpret pc=0x000002b03159d498 method=org.gradle.internal.snapshot.VfsRelativePath.isPrefix(Ljava/lang/String;ILjava/lang/String;ILorg/gradle/internal/snapshot/CaseSensitivity;)Z @ 89 c2
Event: 12.123 Thread 0x000002b046e54a80 DEOPT PACKING pc=0x000002b03159d498 sp=0x000000d7afff8550
Event: 12.124 Thread 0x000002b046e54a80 DEOPT UNPACKING pc=0x000002b030d469a3 sp=0x000000d7afff84d0 mode 2
Event: 12.124 Thread 0x000002b0462c7030 DEOPT PACKING pc=0x000002b03159d498 sp=0x000000d7adafb540
Event: 12.124 Thread 0x000002b0462c7030 DEOPT UNPACKING pc=0x000002b030d469a3 sp=0x000000d7adafb4c0 mode 2
Event: 12.143 Thread 0x000002b04618c380 Uncommon trap: trap_request=0xffffffc6 fr.pc=0x000002b0313c2324 relative=0x00000000000009a4
Event: 12.143 Thread 0x000002b04618c380 Uncommon trap: reason=bimorphic_or_optimized_type_check action=maybe_recompile pc=0x000002b0313c2324 method=java.io.BufferedInputStream.read1([BII)I @ 39 c2
Event: 12.143 Thread 0x000002b04618c380 DEOPT PACKING pc=0x000002b0313c2324 sp=0x000000d7a9cfdde0
Event: 12.143 Thread 0x000002b04618c380 DEOPT UNPACKING pc=0x000002b030d469a3 sp=0x000000d7a9cfdcf8 mode 2
Event: 12.176 Thread 0x000002b04618c380 Uncommon trap: trap_request=0xffffffc6 fr.pc=0x000002b0313c2324 relative=0x00000000000009a4
Event: 12.176 Thread 0x000002b04618c380 Uncommon trap: reason=bimorphic_or_optimized_type_check action=maybe_recompile pc=0x000002b0313c2324 method=java.io.BufferedInputStream.read1([BII)I @ 39 c2
Event: 12.176 Thread 0x000002b04618c380 DEOPT PACKING pc=0x000002b0313c2324 sp=0x000000d7a9cfdde0
Event: 12.176 Thread 0x000002b04618c380 DEOPT UNPACKING pc=0x000002b030d469a3 sp=0x000000d7a9cfdcf8 mode 2
Event: 12.187 Thread 0x000002b046187680 Uncommon trap: trap_request=0xffffff45 fr.pc=0x000002b0312f10a0 relative=0x0000000000000560
Event: 12.187 Thread 0x000002b046187680 Uncommon trap: reason=unstable_if action=reinterpret pc=0x000002b0312f10a0 method=java.lang.StringLatin1.compareToCI([B[B)I @ 68 c2
Event: 12.187 Thread 0x000002b046187680 DEOPT PACKING pc=0x000002b0312f10a0 sp=0x000000d7aa6fb670
Event: 12.187 Thread 0x000002b046187680 DEOPT UNPACKING pc=0x000002b030d469a3 sp=0x000000d7aa6fb560 mode 2

Classes unloaded (0 events):
No events

Classes redefined (0 events):
No events

Internal exceptions (20 events):
Event: 11.231 Thread 0x000002b046e54a80 Exception <a 'java/lang/NoSuchMethodError'{0x00000000859ac7b0}: 'void java.lang.invoke.DirectMethodHandle$Holder.invokeStatic(java.lang.Object, java.lang.Object, java.lang.Object, java.lang.Object, java.lang.Object, java.lang.Object)'> (0x00000000859ac7b0) 
thrown [s\src\hotspot\share\interpreter\linkResolver.cpp, line 771]
Event: 11.285 Thread 0x000002b046e54a80 Exception <a 'java/lang/NoSuchMethodError'{0x0000000087d88228}: 'int java.lang.invoke.DirectMethodHandle$Holder.invokeStaticInit(java.lang.Object, java.lang.Object, java.lang.Object, java.lang.Object, java.lang.Object)'> (0x0000000087d88228) 
thrown [s\src\hotspot\share\interpreter\linkResolver.cpp, line 771]
Event: 11.319 Thread 0x000002b041e3a8b0 Exception <a 'java/lang/NoSuchMethodError'{0x00000000875e7b88}: static Lorg/gradle/internal/build/event/types/DefaultTaskFinishedProgressEvent;.<clinit>()V> (0x00000000875e7b88) 
thrown [s\src\hotspot\share\prims\jni.cpp, line 1108]
Event: 11.322 Thread 0x000002b041e3a8b0 Exception <a 'java/lang/NoSuchMethodError'{0x00000000875fc980}: static Lorg/gradle/internal/build/event/types/DefaultTaskSuccessResult;.<clinit>()V> (0x00000000875fc980) 
thrown [s\src\hotspot\share\prims\jni.cpp, line 1108]
Event: 11.322 Thread 0x000002b041e3a8b0 Exception <a 'java/lang/NoSuchMethodError'{0x00000000875fe088}: static Lorg/gradle/internal/build/event/types/AbstractTaskResult;.<clinit>()V> (0x00000000875fe088) 
thrown [s\src\hotspot\share\prims\jni.cpp, line 1108]
Event: 11.401 Thread 0x000002b041e3a8b0 Exception <a 'java/lang/NoSuchMethodError'{0x0000000087b46530}: static Lorg/gradle/internal/build/event/types/DefaultTaskSkippedResult;.<clinit>()V> (0x0000000087b46530) 
thrown [s\src\hotspot\share\prims\jni.cpp, line 1108]
Event: 11.419 Thread 0x000002b046e54a80 Exception <a 'java/lang/NoSuchMethodError'{0x0000000087b920b0}: 'int java.lang.invoke.DirectMethodHandle$Holder.invokeSpecial(java.lang.Object, java.lang.Object, java.lang.Object, java.lang.Object, java.lang.Object)'> (0x0000000087b920b0) 
thrown [s\src\hotspot\share\interpreter\linkResolver.cpp, line 771]
Event: 11.442 Thread 0x000002b046e59780 Exception <a 'java/lang/NoSuchMethodError'{0x0000000087a184d8}: static Lcom/android/ide/common/attribution/AndroidGradlePluginAttributionData$BuildInfo;.<clinit>()V> (0x0000000087a184d8) 
thrown [s\src\hotspot\share\prims\jni.cpp, line 1108]
Event: 11.448 Thread 0x000002b046e59780 Exception <a 'java/lang/NoSuchMethodError'{0x0000000087a36088}: static Lcom/android/ide/common/attribution/AndroidGradlePluginAttributionData$JavaInfo;.<clinit>()V> (0x0000000087a36088) 
thrown [s\src\hotspot\share\prims\jni.cpp, line 1108]
Event: 11.455 Thread 0x000002b046e59780 Exception <a 'java/lang/NoSuchMethodError'{0x0000000087a59b18}: static [Ljava/lang/String;.<clinit>()V> (0x0000000087a59b18) 
thrown [s\src\hotspot\share\prims\jni.cpp, line 1108]
Event: 11.458 Thread 0x000002b046e59780 Exception <a 'java/lang/NoSuchMethodError'{0x0000000087a60c20}: 'void java.lang.invoke.DirectMethodHandle$Holder.invokeSpecial(java.lang.Object, java.lang.Object, java.lang.Object, int)'> (0x0000000087a60c20) 
thrown [s\src\hotspot\share\interpreter\linkResolver.cpp, line 771]
Event: 12.050 Thread 0x000002b046e54a80 Exception <a 'java/lang/NoSuchMethodError'{0x0000000086b4e038}: 'void java.lang.invoke.DirectMethodHandle$Holder.invokeStatic(java.lang.Object, java.lang.Object, java.lang.Object, java.lang.Object, int, java.lang.Object, java.lang.Object)'> (0x0000000086b4e038) 
thrown [s\src\hotspot\share\interpreter\linkResolver.cpp, line 771]
Event: 12.101 Thread 0x000002b046187680 Exception <a 'java/lang/NoSuchMethodError'{0x00000000866361a0}: 'java.lang.Object java.lang.invoke.DirectMethodHandle$Holder.invokeSpecialIFC(java.lang.Object, java.lang.Object, java.lang.Object)'> (0x00000000866361a0) 
thrown [s\src\hotspot\share\interpreter\linkResolver.cpp, line 771]
Event: 12.101 Thread 0x000002b0462feb30 Exception <a 'java/lang/NoSuchMethodError'{0x000000008662d370}: 'java.lang.Object java.lang.invoke.DirectMethodHandle$Holder.invokeSpecialIFC(java.lang.Object, java.lang.Object, java.lang.Object)'> (0x000000008662d370) 
thrown [s\src\hotspot\share\interpreter\linkResolver.cpp, line 771]
Event: 12.101 Thread 0x000002b045cb8760 Exception <a 'java/lang/NoSuchMethodError'{0x0000000086607260}: 'java.lang.Object java.lang.invoke.DirectMethodHandle$Holder.invokeSpecialIFC(java.lang.Object, java.lang.Object, java.lang.Object)'> (0x0000000086607260) 
thrown [s\src\hotspot\share\interpreter\linkResolver.cpp, line 771]
Event: 12.101 Thread 0x000002b045cb4da0 Exception <a 'java/lang/NoSuchMethodError'{0x000000008660c758}: 'java.lang.Object java.lang.invoke.DirectMethodHandle$Holder.invokeSpecialIFC(java.lang.Object, java.lang.Object, java.lang.Object)'> (0x000000008660c758) 
thrown [s\src\hotspot\share\interpreter\linkResolver.cpp, line 771]
Event: 12.101 Thread 0x000002b04618b040 Exception <a 'java/lang/NoSuchMethodError'{0x00000000866163d8}: 'java.lang.Object java.lang.invoke.DirectMethodHandle$Holder.invokeSpecialIFC(java.lang.Object, java.lang.Object, java.lang.Object)'> (0x00000000866163d8) 
thrown [s\src\hotspot\share\interpreter\linkResolver.cpp, line 771]
Event: 12.101 Thread 0x000002b0462ff4d0 Exception <a 'java/lang/NoSuchMethodError'{0x0000000086625dc0}: 'java.lang.Object java.lang.invoke.DirectMethodHandle$Holder.invokeSpecialIFC(java.lang.Object, java.lang.Object, java.lang.Object)'> (0x0000000086625dc0) 
thrown [s\src\hotspot\share\interpreter\linkResolver.cpp, line 771]
Event: 12.101 Thread 0x000002b046e54a80 Exception <a 'java/lang/NoSuchMethodError'{0x0000000086787bb8}: 'java.lang.Object java.lang.invoke.DirectMethodHandle$Holder.invokeSpecialIFC(java.lang.Object, java.lang.Object, java.lang.Object)'> (0x0000000086787bb8) 
thrown [s\src\hotspot\share\interpreter\linkResolver.cpp, line 771]
Event: 12.101 Thread 0x000002b0462c7030 Exception <a 'java/lang/NoSuchMethodError'{0x000000008661e3d0}: 'java.lang.Object java.lang.invoke.DirectMethodHandle$Holder.invokeSpecialIFC(java.lang.Object, java.lang.Object, java.lang.Object)'> (0x000000008661e3d0) 
thrown [s\src\hotspot\share\interpreter\linkResolver.cpp, line 771]

VM Operations (20 events):
Event: 11.313 Executing VM operation: HandshakeAllThreads done
Event: 11.371 Executing VM operation: G1Concurrent
Event: 11.387 Executing VM operation: G1Concurrent done
Event: 11.395 Executing VM operation: HandshakeAllThreads
Event: 11.395 Executing VM operation: HandshakeAllThreads done
Event: 11.435 Executing VM operation: G1Concurrent
Event: 11.436 Executing VM operation: G1Concurrent done
Event: 11.439 Executing VM operation: HandshakeAllThreads
Event: 11.440 Executing VM operation: HandshakeAllThreads done
Event: 11.794 Executing VM operation: HandshakeAllThreads
Event: 11.794 Executing VM operation: HandshakeAllThreads done
Event: 11.795 Executing VM operation: HandshakeAllThreads
Event: 11.795 Executing VM operation: HandshakeAllThreads done
Event: 11.856 Executing VM operation: ICBufferFull
Event: 11.856 Executing VM operation: ICBufferFull done
Event: 12.007 Executing VM operation: ICBufferFull
Event: 12.007 Executing VM operation: ICBufferFull done
Event: 12.150 Executing VM operation: G1CollectForAllocation
Event: 12.161 Executing VM operation: G1CollectForAllocation done
Event: 12.199 Executing VM operation: G1CollectForAllocation

Events (20 events):
Event: 11.467 loading class jdk/internal/event/DeserializationEvent
Event: 11.467 loading class jdk/internal/event/DeserializationEvent done
Event: 11.467 loading class java/io/ObjectInputStream$FieldValues
Event: 11.468 loading class java/io/ObjectInputStream$GetField
Event: 11.468 loading class java/io/ObjectInputStream$GetField done
Event: 11.468 loading class java/io/ObjectInputStream$FieldValues done
Event: 11.786 loading class java/util/concurrent/LinkedBlockingDeque$Itr
Event: 11.786 loading class java/util/concurrent/LinkedBlockingDeque$AbstractItr
Event: 11.786 loading class java/util/concurrent/LinkedBlockingDeque$AbstractItr done
Event: 11.786 loading class java/util/concurrent/LinkedBlockingDeque$Itr done
Event: 12.145 loading class java/util/stream/ReferencePipeline$4
Event: 12.145 loading class java/util/stream/ReferencePipeline$4 done
Event: 12.145 loading class java/util/function/IntBinaryOperator
Event: 12.145 loading class java/util/function/IntBinaryOperator done
Event: 12.145 loading class java/util/stream/ReduceOps$6
Event: 12.145 loading class java/util/stream/ReduceOps$6 done
Event: 12.145 loading class java/util/stream/ReduceOps$5ReducingSink
Event: 12.145 loading class java/util/stream/ReduceOps$5ReducingSink done
Event: 12.145 loading class java/util/stream/ReferencePipeline$4$1
Event: 12.145 loading class java/util/stream/ReferencePipeline$4$1 done


Dynamic libraries:
0x00007ff7ccbc0000 - 0x00007ff7ccbca000 	C:\Program Files\Android\Android Studio\jbr\bin\java.exe
0x00007ffdfae70000 - 0x00007ffdfb068000 	C:\WINDOWS\SYSTEM32\ntdll.dll
0x00007ffdf94c0000 - 0x00007ffdf957f000 	C:\WINDOWS\System32\KERNEL32.DLL
0x00007ffdf8850000 - 0x00007ffdf8b2a000 	C:\WINDOWS\System32\KERNELBASE.dll
0x00007ffdf8ba0000 - 0x00007ffdf8ca0000 	C:\WINDOWS\System32\ucrtbase.dll
0x00007ffdcfe60000 - 0x00007ffdcfe77000 	C:\Program Files\Android\Android Studio\jbr\bin\jli.dll
0x00007ffdcfdd0000 - 0x00007ffdcfdeb000 	C:\Program Files\Android\Android Studio\jbr\bin\VCRUNTIME140.dll
0x00007ffdfa3b0000 - 0x00007ffdfa54d000 	C:\WINDOWS\System32\USER32.dll
0x00007ffdf86e0000 - 0x00007ffdf8702000 	C:\WINDOWS\System32\win32u.dll
0x00007ffddf910000 - 0x00007ffddfbaa000 	C:\WINDOWS\WinSxS\amd64_microsoft.windows.common-controls_6595b64144ccf1df_6.0.19041.1110_none_60b5254171f9507e\COMCTL32.dll
0x00007ffdfa730000 - 0x00007ffdfa7ce000 	C:\WINDOWS\System32\msvcrt.dll
0x00007ffdf9cd0000 - 0x00007ffdf9cfb000 	C:\WINDOWS\System32\GDI32.dll
0x00007ffdf8cf0000 - 0x00007ffdf8e00000 	C:\WINDOWS\System32\gdi32full.dll
0x00007ffdf8e00000 - 0x00007ffdf8e9d000 	C:\WINDOWS\System32\msvcp_win.dll
0x00007ffdfab30000 - 0x00007ffdfab60000 	C:\WINDOWS\System32\IMM32.DLL
0x00007ffddf210000 - 0x00007ffddf21c000 	C:\Program Files\Android\Android Studio\jbr\bin\vcruntime140_1.dll
0x00007ffdc4df0000 - 0x00007ffdc4e7d000 	C:\Program Files\Android\Android Studio\jbr\bin\msvcp140.dll
0x00007ffdc3760000 - 0x00007ffdc43cd000 	C:\Program Files\Android\Android Studio\jbr\bin\server\jvm.dll
0x00007ffdf8ed0000 - 0x00007ffdf8f7e000 	C:\WINDOWS\System32\ADVAPI32.dll
0x00007ffdfacf0000 - 0x00007ffdfad8c000 	C:\WINDOWS\System32\sechost.dll
0x00007ffdfa550000 - 0x00007ffdfa676000 	C:\WINDOWS\System32\RPCRT4.dll
0x00007ffddb400000 - 0x00007ffddb409000 	C:\WINDOWS\SYSTEM32\WSOCK32.dll
0x00007ffddb4b0000 - 0x00007ffddb4d7000 	C:\WINDOWS\SYSTEM32\WINMM.dll
0x00007ffdec6e0000 - 0x00007ffdec6ea000 	C:\WINDOWS\SYSTEM32\VERSION.dll
0x00007ffdf9170000 - 0x00007ffdf91db000 	C:\WINDOWS\System32\WS2_32.dll
0x00007ffdf6de0000 - 0x00007ffdf6df2000 	C:\WINDOWS\SYSTEM32\kernel.appcore.dll
0x00007ffde3140000 - 0x00007ffde314a000 	C:\Program Files\Android\Android Studio\jbr\bin\jimage.dll
0x00007ffdf32b0000 - 0x00007ffdf3494000 	C:\WINDOWS\SYSTEM32\DBGHELP.DLL
0x00007ffdd7f50000 - 0x00007ffdd7f84000 	C:\WINDOWS\SYSTEM32\dbgcore.DLL
0x00007ffdf8710000 - 0x00007ffdf8792000 	C:\WINDOWS\System32\bcryptPrimitives.dll
0x00007ffddf0c0000 - 0x00007ffddf0e5000 	C:\Program Files\Android\Android Studio\jbr\bin\java.dll
0x00007ffdd7fe0000 - 0x00007ffdd7ff8000 	C:\Program Files\Android\Android Studio\jbr\bin\zip.dll
0x00007ffdf9580000 - 0x00007ffdf9cc4000 	C:\WINDOWS\System32\SHELL32.dll
0x00007ffdf34a0000 - 0x00007ffdf3c33000 	C:\WINDOWS\SYSTEM32\windows.storage.dll
0x00007ffdfa7d0000 - 0x00007ffdfab24000 	C:\WINDOWS\System32\combase.dll
0x00007ffdf7fe0000 - 0x00007ffdf800e000 	C:\WINDOWS\SYSTEM32\Wldp.dll
0x00007ffdf90c0000 - 0x00007ffdf916d000 	C:\WINDOWS\System32\SHCORE.dll
0x00007ffdf9000000 - 0x00007ffdf9055000 	C:\WINDOWS\System32\shlwapi.dll
0x00007ffdf84c0000 - 0x00007ffdf84df000 	C:\WINDOWS\SYSTEM32\profapi.dll
0x00007ffdd2fe0000 - 0x00007ffdd2ff9000 	C:\Program Files\Android\Android Studio\jbr\bin\net.dll
0x00007ffdf0470000 - 0x00007ffdf057a000 	C:\WINDOWS\SYSTEM32\WINHTTP.dll
0x00007ffdf7cf0000 - 0x00007ffdf7d5a000 	C:\WINDOWS\system32\mswsock.dll
0x00007ffdd0d30000 - 0x00007ffdd0d46000 	C:\Program Files\Android\Android Studio\jbr\bin\nio.dll
0x00007ffddf400000 - 0x00007ffddf410000 	C:\Program Files\Android\Android Studio\jbr\bin\verify.dll
0x00007ffdcfcf0000 - 0x00007ffdcfd17000 	C:\Users\HP\.gradle\native\e1d6ef7f7dcc3fd88c89a11ec53ec762bb8ba0a96d01ffa2cd45eb1d1d8dd5c5\windows-amd64\native-platform.dll
0x00007ffdc3610000 - 0x00007ffdc3754000 	C:\Users\HP\.gradle\native\0d407fdbe67a94daf76414ababcb853783967236a71b16ec16e742cd7a986fd3\windows-amd64\native-platform-file-events.dll
0x00007ffddf790000 - 0x00007ffddf799000 	C:\Program Files\Android\Android Studio\jbr\bin\management.dll
0x00007ffddf4b0000 - 0x00007ffddf4bb000 	C:\Program Files\Android\Android Studio\jbr\bin\management_ext.dll
0x00007ffdf93e0000 - 0x00007ffdf93e8000 	C:\WINDOWS\System32\PSAPI.DLL
0x00007ffdf7ec0000 - 0x00007ffdf7ed8000 	C:\WINDOWS\SYSTEM32\CRYPTSP.dll
0x00007ffdf75b0000 - 0x00007ffdf75e4000 	C:\WINDOWS\system32\rsaenh.dll
0x00007ffdf8ea0000 - 0x00007ffdf8ec7000 	C:\WINDOWS\System32\bcrypt.dll
0x00007ffdf8480000 - 0x00007ffdf84ae000 	C:\WINDOWS\SYSTEM32\USERENV.dll
0x00007ffdf7eb0000 - 0x00007ffdf7ebc000 	C:\WINDOWS\SYSTEM32\CRYPTBASE.dll
0x00007ffdf79a0000 - 0x00007ffdf79dc000 	C:\WINDOWS\SYSTEM32\IPHLPAPI.DLL
0x00007ffdfad90000 - 0x00007ffdfad98000 	C:\WINDOWS\System32\NSI.dll
0x00007ffde87e0000 - 0x00007ffde87f7000 	C:\WINDOWS\SYSTEM32\dhcpcsvc6.DLL
0x00007ffdea5f0000 - 0x00007ffdea60d000 	C:\WINDOWS\SYSTEM32\dhcpcsvc.DLL
0x00007ffdf79e0000 - 0x00007ffdf7aab000 	C:\WINDOWS\SYSTEM32\DNSAPI.dll
0x00007ffddeb20000 - 0x00007ffddeb27000 	C:\WINDOWS\system32\wshunix.dll

dbghelp: loaded successfully - version: 4.0.5 - missing functions: none
symbol engine: initialized successfully - sym options: 0x614 - pdb path: .;C:\Program Files\Android\Android Studio\jbr\bin;C:\WINDOWS\SYSTEM32;C:\WINDOWS\WinSxS\amd64_microsoft.windows.common-controls_6595b64144ccf1df_6.0.19041.1110_none_60b5254171f9507e;C:\Program Files\Android\Android Studio\jbr\bin\server;C:\Users\HP\.gradle\native\e1d6ef7f7dcc3fd88c89a11ec53ec762bb8ba0a96d01ffa2cd45eb1d1d8dd5c5\windows-amd64;C:\Users\HP\.gradle\native\0d407fdbe67a94daf76414ababcb853783967236a71b16ec16e742cd7a986fd3\windows-amd64

VM Arguments:
jvm_args: --add-opens=java.base/java.util=ALL-UNNAMED --add-opens=java.base/java.lang=ALL-UNNAMED --add-opens=java.base/java.lang.invoke=ALL-UNNAMED --add-opens=java.base/java.util=ALL-UNNAMED --add-opens=java.prefs/java.util.prefs=ALL-UNNAMED --add-opens=java.prefs/java.util.prefs=ALL-UNNAMED --add-opens=java.base/java.nio.charset=ALL-UNNAMED --add-opens=java.base/java.net=ALL-UNNAMED --add-opens=java.base/java.util.concurrent.atomic=ALL-UNNAMED -Xmx2048m -Dfile.encoding=UTF-8 -Duser.country=US -Duser.language=en -Duser.variant 
java_command: org.gradle.launcher.daemon.bootstrap.GradleDaemon 7.5
java_class_path (initial): C:\Users\HP\.gradle\wrapper\dists\gradle-7.5-bin\f1w0cc9nuo0eivz97x2xlu9sv\gradle-7.5\lib\gradle-launcher-7.5.jar
Launcher Type: SUN_STANDARD

[Global flags]
     intx CICompilerCount                          = 4                                         {product} {ergonomic}
     uint ConcGCThreads                            = 2                                         {product} {ergonomic}
     uint G1ConcRefinementThreads                  = 8                                         {product} {ergonomic}
   size_t G1HeapRegionSize                         = 1048576                                   {product} {ergonomic}
    uintx GCDrainStackTargetSize                   = 64                                        {product} {ergonomic}
   size_t InitialHeapSize                          = 132120576                                 {product} {ergonomic}
   size_t MarkStackSize                            = 4194304                                   {product} {ergonomic}
   size_t MaxHeapSize                              = 2147483648                                {product} {command line}
   size_t MaxNewSize                               = 1287651328                                {product} {ergonomic}
   size_t MinHeapDeltaBytes                        = 1048576                                   {product} {ergonomic}
   size_t MinHeapSize                              = 8388608                                   {product} {ergonomic}
    uintx NonNMethodCodeHeapSize                   = 5839372                                {pd product} {ergonomic}
    uintx NonProfiledCodeHeapSize                  = 122909434                              {pd product} {ergonomic}
    uintx ProfiledCodeHeapSize                     = 122909434                              {pd product} {ergonomic}
    uintx ReservedCodeCacheSize                    = 251658240                              {pd product} {ergonomic}
     bool SegmentedCodeCache                       = true                                      {product} {ergonomic}
   size_t SoftMaxHeapSize                          = 2147483648                             {manageable} {ergonomic}
     bool UseCompressedClassPointers               = true                           {product lp64_product} {ergonomic}
     bool UseCompressedOops                        = true                           {product lp64_product} {ergonomic}
     bool UseG1GC                                  = true                                      {product} {ergonomic}
     bool UseLargePagesIndividualAllocation        = false                                  {pd product} {ergonomic}

Logging:
Log output configuration:
 #0: stdout all=warning uptime,level,tags
 #1: stderr all=off uptime,level,tags

Environment Variables:
PATH=C:\Program Files\Common Files\Oracle\Java\javapath;C:\Program Files (x86)\Common Files\Oracle\Java\javapath;C:\Program Files\Python39\Scripts\;C:\Program Files\Python39\;C:\Program Files (x86)\Intel\Intel(R) Management Engine Components\iCLS\;C:\Program Files\Intel\Intel(R) Management Engine Components\iCLS\;C:\WINDOWS\system32;C:\WINDOWS;C:\WINDOWS\System32\Wbem;C:\WINDOWS\System32\WindowsPowerShell\v1.0\;C:\Program Files (x86)\Intel\Intel(R) Management Engine Components\DAL;C:\Program Files\Intel\Intel(R) Management Engine Components\DAL;C:\Program Files (x86)\Intel\Intel(R) Management Engine Components\IPT;C:\Program Files\Intel\Intel(R) Management Engine Components\IPT;C:\Program Files\Intel\WiFi\bin\;C:\Program Files\Common Files\Intel\WirelessCommon\;C:\WINDOWS\System32\OpenSSH\;C:\Program Files (x86)\Python39-64;C:\Program Files\Microsoft SQL Server\Client SDK\ODBC\170\Tools\Binn\;C:\Program Files\dotnet\;C:\Program Files\Java\jdk1.8.0_341\bin;C:\apache-maven-3.8.6\bin;C:\Program Files\Azure Data Studio\bin;C:\Program Files (x86)\dotnet\;C:\Program Files\Git\cmd;C:\Program Files\nodejs\;C:\Program Files (x86)\Microsoft SQL Server\160\Tools\Binn\;C:\Program Files\Microsoft SQL Server\160\Tools\Binn\;C:\Program Files\Microsoft SQL Server\160\DTS\Binn\;C:\Program Files\Microsoft SQL Server\130\Tools\Binn\;C:\Program Files (x86)\Microsoft SQL Server\160\DTS\Binn\;C:\Users\HP\AppData\Local\Programs\Python\Python310\Scripts\;C:\Users\HP\AppData\Local\Programs\Python\Python310\;C:\Program Files (x86)\Microsoft Visual Studio\Common\Tools\WinNT;C:\Program Files (x86)\Microsoft Visual Studio\Common\MSDev98\Bin;C:\Program Files (x86)\Microsoft Visual Studio\Common\Tools;C:\Program Files (x86)\Microsoft Visual Studio\VC98\bin;C:\Users\HP\AppData\Local\Microsoft\WindowsApps;C:\Users\HP\.dotnet\tools;C:\Users\HP\AppData\Local\Programs\Microsoft VS Code\bin;C:\Program Files\Azure Data Studio\bin;C:\Users\HP\AppData\Roaming\npm
USERNAME=? Duy Ho
OS=Windows_NT
PROCESSOR_IDENTIFIER=Intel64 Family 6 Model 142 Stepping 10, GenuineIntel
TMP=C:\Users\HP\AppData\Local\Temp
TEMP=C:\Users\HP\AppData\Local\Temp



---------------  S Y S T E M  ---------------

OS:
 Windows 10 , 64 bit Build 19041 (10.0.19041.2788)
OS uptime: 0 days 23:18 hours
Hyper-V role detected

CPU: total 8 (initial active 8) (4 cores per cpu, 2 threads per core) family 6 model 142 stepping 10 microcode 0xb4, cx8, cmov, fxsr, ht, mmx, 3dnowpref, sse, sse2, sse3, ssse3, sse4.1, sse4.2, popcnt, lzcnt, tsc, tscinvbit, avx, avx2, aes, erms, clmul, bmi1, bmi2, adx, fma, vzeroupper, clflush, clflushopt, hv

Memory: 4k page, system-wide physical 8026M (993M free)
TotalPageFile size 9942M (AvailPageFile size 19M)
current process WorkingSet (physical memory assigned to process): 368M, peak: 368M
current process commit charge ("private bytes"): 529M, peak: 531M

vm_info: OpenJDK 64-Bit Server VM (17.0.6+0-b2043.56-9586694) for windows-amd64 JRE (17.0.6+0-b2043.56-9586694), built on Feb  9 2023 20:06:20 by "androidbuild" with MS VC++ 16.10 / 16.11 (VS2019)

END.
